#
# There is insufficient memory for the Java Runtime Environment to continue.
# Native memory allocation (malloc) failed to allocate 1500816 bytes for Chunk::new
# Possible reasons:
#   The system is out of physical RAM or swap space
#   The process is running with CompressedOops enabled, and the Java Heap may be blocking the growth of the native heap
# Possible solutions:
#   Reduce memory load on the system
#   Increase physical memory or swap space
#   Check if swap backing store is full
#   Decrease Java heap size (-Xmx/-Xms)
#   Decrease number of Java threads
#   Decrease Java thread stack sizes (-Xss)
#   Set larger code cache with -XX:ReservedCodeCacheSize=
#   JVM is running with Unscaled Compressed Oops mode in which the Java heap is
#     placed in the first 4GB address space. The Java Heap base address is the
#     maximum limit for the native heap growth. Please use -XX:HeapBaseMinAddress
#     to set the Java Heap base and to place the Java Heap above 4GB virtual address.
# This output file may be truncated or incomplete.
#
#  Out of Memory Error (arena.cpp:189), pid=21328, tid=23316
#
# JRE version: Java(TM) SE Runtime Environment (17.0.12+8) (build 17.0.12+8-LTS-286)
# Java VM: Java HotSpot(TM) 64-Bit Server VM (17.0.12+8-LTS-286, mixed mode, sharing, tiered, compressed oops, compressed class ptrs, g1 gc, windows-amd64)
# No core dump will be written. Minidumps are not enabled by default on client versions of Windows
#

---------------  S U M M A R Y ------------

Command Line: --add-opens=java.base/java.lang=ALL-UNNAMED --add-opens=java.base/java.lang.invoke=ALL-UNNAMED --add-opens=java.base/java.util=ALL-UNNAMED --add-opens=java.prefs/java.util.prefs=ALL-UNNAMED --add-exports=jdk.compiler/com.sun.tools.javac.api=ALL-UNNAMED --add-exports=jdk.compiler/com.sun.tools.javac.util=ALL-UNNAMED --add-opens=java.base/java.util=ALL-UNNAMED --add-opens=java.prefs/java.util.prefs=ALL-UNNAMED --add-opens=java.base/java.nio.charset=ALL-UNNAMED --add-opens=java.base/java.net=ALL-UNNAMED --add-opens=java.base/java.util.concurrent.atomic=ALL-UNNAMED --add-opens=java.xml/javax.xml.namespace=ALL-UNNAMED -XX:MaxMetaspaceSize=384m -XX:+HeapDumpOnOutOfMemoryError -Xms256m -Xmx512m -Dfile.encoding=UTF-8 -Duser.country=US -Duser.language=en -Duser.variant -javaagent:C:\Users\AD\.gradle\wrapper\dists\gradle-8.12.1-bin\eumc4uhoysa37zql93vfjkxy0\gradle-8.12.1\lib\agents\gradle-instrumentation-agent-8.12.1.jar org.gradle.launcher.daemon.bootstrap.GradleDaemon 8.12.1

Host: 11th Gen Intel(R) Core(TM) i5-1135G7 @ 2.40GHz, 8 cores, 15G,  Windows 11 , 64 bit Build 26100 (10.0.26100.3775)
Time: Mon Apr 28 12:57:34 2025 SE Asia Standard Time elapsed time: 119.306583 seconds (0d 0h 1m 59s)

---------------  T H R E A D  ---------------

Current thread (0x00000208f50a8e00):  JavaThread "C2 CompilerThread0" daemon [_thread_in_native, id=23316, stack(0x000000a177b00000,0x000000a177c00000)]


Current CompileTask:
C2: 119306 4246       4       javax.management.ObjectName::construct (1135 bytes)

Stack: [0x000000a177b00000,0x000000a177c00000]
Native frames: (J=compiled Java code, j=interpreted, Vv=VM code, C=native code)
V  [jvm.dll+0x67a04a]
V  [jvm.dll+0x7da4ed]
V  [jvm.dll+0x7dbe33]
V  [jvm.dll+0x7dc4a3]
V  [jvm.dll+0x24508f]
V  [jvm.dll+0xab773]
V  [jvm.dll+0xabd3c]
V  [jvm.dll+0x361b9f]
V  [jvm.dll+0x32c431]
V  [jvm.dll+0x32b8ca]
V  [jvm.dll+0x21683f]
V  [jvm.dll+0x215c6f]
V  [jvm.dll+0x1a2960]
V  [jvm.dll+0x22610b]
V  [jvm.dll+0x2242ab]
V  [jvm.dll+0x79075c]
V  [jvm.dll+0x78abea]
V  [jvm.dll+0x678f35]
C  [ucrtbase.dll+0x37b0]
C  [KERNEL32.DLL+0x2e8d7]
C  [ntdll.dll+0xb14fc]


---------------  P R O C E S S  ---------------

Threads class SMR info:
_java_thread_list=0x00000208fc784f50, length=34, elements={
0x00000208e9781830, 0x00000208f5091470, 0x00000208f5092ab0, 0x00000208f50a45d0,
0x00000208f50a4fa0, 0x00000208f50a7880, 0x00000208f50a8150, 0x00000208f50a8e00,
0x00000208f50aba10, 0x00000208f50aeea0, 0x00000208f50785c0, 0x00000208f536da80,
0x00000208f522c060, 0x00000208fa62f7a0, 0x00000208f545f910, 0x00000208fa7258b0,
0x00000208fa7253a0, 0x00000208fa723540, 0x00000208fa725dc0, 0x00000208fa723a50,
0x00000208fa723030, 0x00000208fa7262d0, 0x00000208fa724470, 0x00000208fa724980,
0x00000208fb3cb240, 0x00000208fb3cc170, 0x00000208fb3c9e00, 0x00000208fb3ca820,
0x00000208fb3ccb90, 0x00000208fb3cad30, 0x00000208fb3c93e0, 0x00000208fb3cbc60,
0x00000208fb3c98f0, 0x00000208fb3cd5b0
}

Java Threads: ( => current thread )
  0x00000208e9781830 JavaThread "main" [_thread_blocked, id=21888, stack(0x000000a176e00000,0x000000a176f00000)]
  0x00000208f5091470 JavaThread "Reference Handler" daemon [_thread_blocked, id=23056, stack(0x000000a177500000,0x000000a177600000)]
  0x00000208f5092ab0 JavaThread "Finalizer" daemon [_thread_blocked, id=21596, stack(0x000000a177600000,0x000000a177700000)]
  0x00000208f50a45d0 JavaThread "Signal Dispatcher" daemon [_thread_blocked, id=22960, stack(0x000000a177700000,0x000000a177800000)]
  0x00000208f50a4fa0 JavaThread "Attach Listener" daemon [_thread_blocked, id=23420, stack(0x000000a177800000,0x000000a177900000)]
  0x00000208f50a7880 JavaThread "Service Thread" daemon [_thread_blocked, id=22956, stack(0x000000a177900000,0x000000a177a00000)]
  0x00000208f50a8150 JavaThread "Monitor Deflation Thread" daemon [_thread_blocked, id=23332, stack(0x000000a177a00000,0x000000a177b00000)]
=>0x00000208f50a8e00 JavaThread "C2 CompilerThread0" daemon [_thread_in_native, id=23316, stack(0x000000a177b00000,0x000000a177c00000)]
  0x00000208f50aba10 JavaThread "C1 CompilerThread0" daemon [_thread_blocked, id=22604, stack(0x000000a177c00000,0x000000a177d00000)]
  0x00000208f50aeea0 JavaThread "Sweeper thread" daemon [_thread_blocked, id=2264, stack(0x000000a177d00000,0x000000a177e00000)]
  0x00000208f50785c0 JavaThread "Common-Cleaner" daemon [_thread_blocked, id=23168, stack(0x000000a177e00000,0x000000a177f00000)]
  0x00000208f536da80 JavaThread "Notification Thread" daemon [_thread_blocked, id=20840, stack(0x000000a177f00000,0x000000a178000000)]
  0x00000208f522c060 JavaThread "Daemon health stats" [_thread_blocked, id=18468, stack(0x000000a178600000,0x000000a178700000)]
  0x00000208fa62f7a0 JavaThread "Incoming local TCP Connector on port 55255" [_thread_in_native, id=24796, stack(0x000000a178700000,0x000000a178800000)]
  0x00000208f545f910 JavaThread "Daemon periodic checks" [_thread_blocked, id=17984, stack(0x000000a178800000,0x000000a178900000)]
  0x00000208fa7258b0 JavaThread "Daemon" [_thread_blocked, id=24964, stack(0x000000a178900000,0x000000a178a00000)]
  0x00000208fa7253a0 JavaThread "Handler for socket connection from /127.0.0.1:55255 to /127.0.0.1:55257" [_thread_in_native, id=17864, stack(0x000000a178a00000,0x000000a178b00000)]
  0x00000208fa723540 JavaThread "Cancel handler" [_thread_blocked, id=24920, stack(0x000000a178b00000,0x000000a178c00000)]
  0x00000208fa725dc0 JavaThread "Daemon worker" [_thread_blocked, id=24768, stack(0x000000a178c00000,0x000000a178d00000)]
  0x00000208fa723a50 JavaThread "Asynchronous log dispatcher for DefaultDaemonConnection: socket connection from /127.0.0.1:55255 to /127.0.0.1:55257" [_thread_blocked, id=25132, stack(0x000000a178d00000,0x000000a178e00000)]
  0x00000208fa723030 JavaThread "Stdin handler" [_thread_blocked, id=24644, stack(0x000000a178e00000,0x000000a178f00000)]
  0x00000208fa7262d0 JavaThread "Daemon client event forwarder" [_thread_blocked, id=24876, stack(0x000000a178f00000,0x000000a179000000)]
  0x00000208fa724470 JavaThread "Cache worker for journal cache (C:\Users\AD\.gradle\caches\journal-1)" [_thread_blocked, id=25220, stack(0x000000a179000000,0x000000a179100000)]
  0x00000208fa724980 JavaThread "File lock request listener" [_thread_in_native, id=24784, stack(0x000000a179100000,0x000000a179200000)]
  0x00000208fb3cb240 JavaThread "Cache worker for file hash cache (C:\Users\AD\.gradle\caches\8.12.1\fileHashes)" [_thread_blocked, id=23860, stack(0x000000a179300000,0x000000a179400000)]
  0x00000208fb3cc170 JavaThread "File lock release action executor Thread 2" [_thread_blocked, id=25548, stack(0x000000a179400000,0x000000a179500000)]
  0x00000208fb3c9e00 JavaThread "Cache worker for file hash cache (D:\Project\WWW\microservices\Learning-Management-System\user_service\.gradle\8.12.1\fileHashes)" [_thread_blocked, id=21012, stack(0x000000a179700000,0x000000a179800000)]
  0x00000208fb3ca820 JavaThread "Cache worker for Build Output Cleanup Cache (D:\Project\WWW\microservices\Learning-Management-System\user_service\.gradle\buildOutputCleanup)" [_thread_blocked, id=14856, stack(0x000000a179800000,0x000000a179900000)]
  0x00000208fb3ccb90 JavaThread "File watcher server" daemon [_thread_in_native, id=22516, stack(0x000000a179b00000,0x000000a179c00000)]
  0x00000208fb3cad30 JavaThread "File watcher consumer" daemon [_thread_blocked, id=24640, stack(0x000000a179c00000,0x000000a179d00000)]
  0x00000208fb3c93e0 JavaThread "jar transforms" [_thread_blocked, id=26952, stack(0x000000a179500000,0x000000a179600000)]
  0x00000208fb3cbc60 JavaThread "jar transforms Thread 2" [_thread_blocked, id=29484, stack(0x000000a179f00000,0x000000a17a000000)]
  0x00000208fb3c98f0 JavaThread "Cache worker for checksums cache (D:\Project\WWW\microservices\Learning-Management-System\user_service\.gradle\8.12.1\checksums)" [_thread_blocked, id=30240, stack(0x000000a17a000000,0x000000a17a100000)]
  0x00000208fb3cd5b0 JavaThread "Cache worker for file content cache (C:\Users\AD\.gradle\caches\8.12.1\fileContent)" [_thread_blocked, id=27844, stack(0x000000a17a100000,0x000000a17a200000)]

Other Threads:
  0x00000208f508dc10 VMThread "VM Thread" [stack: 0x000000a177400000,0x000000a177500000] [id=20916]
  0x00000208e97835d0 WatcherThread [stack: 0x000000a178000000,0x000000a178100000] [id=22640]
  0x00000208e97b0840 GCTaskThread "GC Thread#0" [stack: 0x000000a176f00000,0x000000a177000000] [id=22012]
  0x00000208f54f8600 GCTaskThread "GC Thread#1" [stack: 0x000000a178100000,0x000000a178200000] [id=24020]
  0x00000208f563efc0 GCTaskThread "GC Thread#2" [stack: 0x000000a178200000,0x000000a178300000] [id=24024]
  0x00000208f563f280 GCTaskThread "GC Thread#3" [stack: 0x000000a178300000,0x000000a178400000] [id=24028]
  0x00000208f563f540 GCTaskThread "GC Thread#4" [stack: 0x000000a178400000,0x000000a178500000] [id=24032]
  0x00000208f563f800 GCTaskThread "GC Thread#5" [stack: 0x000000a178500000,0x000000a178600000] [id=24036]
  0x00000208fc468d30 GCTaskThread "GC Thread#6" [stack: 0x000000a179600000,0x000000a179700000] [id=16948]
  0x00000208fc4684f0 GCTaskThread "GC Thread#7" [stack: 0x000000a179900000,0x000000a179a00000] [id=22968]
  0x00000208e97b66b0 ConcurrentGCThread "G1 Main Marker" [stack: 0x000000a177000000,0x000000a177100000] [id=23376]
  0x00000208e97b6fd0 ConcurrentGCThread "G1 Conc#0" [stack: 0x000000a177100000,0x000000a177200000] [id=23480]
  0x00000208fc468ff0 ConcurrentGCThread "G1 Conc#1" [stack: 0x000000a179a00000,0x000000a179b00000] [id=20248]
  0x00000208e984e9f0 ConcurrentGCThread "G1 Refine#0" [stack: 0x000000a177200000,0x000000a177300000] [id=23080]
  0x00000208f4f46450 ConcurrentGCThread "G1 Service" [stack: 0x000000a177300000,0x000000a177400000] [id=19380]

Threads with active compile tasks:
C2 CompilerThread0   119394 4246       4       javax.management.ObjectName::construct (1135 bytes)

VM state: not at safepoint (normal execution)

VM Mutex/Monitor currently owned by a thread: None

Heap address: 0x00000000e0000000, size: 512 MB, Compressed Oops mode: 32-bit

CDS archive(s) mapped at: [0x000002088f000000-0x000002088fbd0000-0x000002088fbd0000), size 12386304, SharedBaseAddress: 0x000002088f000000, ArchiveRelocationMode: 1.
Compressed class space mapped at: 0x0000020890000000-0x00000208a4000000, reserved size: 335544320
Narrow klass base: 0x000002088f000000, Narrow klass shift: 0, Narrow klass range: 0x100000000

GC Precious Log:
 CPUs: 8 total, 8 available
 Memory: 16118M
 Large Page Support: Disabled
 NUMA Support: Disabled
 Compressed Oops: Enabled (32-bit)
 Heap Region Size: 1M
 Heap Min Capacity: 256M
 Heap Initial Capacity: 256M
 Heap Max Capacity: 512M
 Pre-touch: Disabled
 Parallel Workers: 8
 Concurrent Workers: 2
 Concurrent Refinement Workers: 8
 Periodic GC: Disabled

Heap:
 garbage-first heap   total 262144K, used 121344K [0x00000000e0000000, 0x0000000100000000)
  region size 1024K, 104 young (106496K), 12 survivors (12288K)
 Metaspace       used 32813K, committed 33152K, reserved 393216K
  class space    used 4504K, committed 4672K, reserved 327680K

Heap Regions: E=young(eden), S=young(survivor), O=old, HS=humongous(starts), HC=humongous(continues), CS=collection set, F=free, OA=open archive, CA=closed archive, TAMS=top-at-mark-start (previous, next)
|   0|0x00000000e0000000, 0x00000000e0100000, 0x00000000e0100000|100%| O|  |TAMS 0x00000000e0100000, 0x00000000e0000000| Untracked 
|   1|0x00000000e0100000, 0x00000000e0200000, 0x00000000e0200000|100%|HS|  |TAMS 0x00000000e0200000, 0x00000000e0100000| Complete 
|   2|0x00000000e0200000, 0x00000000e0300000, 0x00000000e0300000|100%|HC|  |TAMS 0x00000000e0300000, 0x00000000e0200000| Complete 
|   3|0x00000000e0300000, 0x00000000e0400000, 0x00000000e0400000|100%|HC|  |TAMS 0x00000000e0400000, 0x00000000e0300000| Complete 
|   4|0x00000000e0400000, 0x00000000e0500000, 0x00000000e0500000|100%| O|  |TAMS 0x00000000e0500000, 0x00000000e0400000| Untracked 
|   5|0x00000000e0500000, 0x00000000e0600000, 0x00000000e0600000|100%| O|  |TAMS 0x00000000e0600000, 0x00000000e0500000| Untracked 
|   6|0x00000000e0600000, 0x00000000e0700000, 0x00000000e0700000|100%| O|  |TAMS 0x00000000e0700000, 0x00000000e0600000| Untracked 
|   7|0x00000000e0700000, 0x00000000e0800000, 0x00000000e0800000|100%|HS|  |TAMS 0x00000000e0800000, 0x00000000e0700000| Complete 
|   8|0x00000000e0800000, 0x00000000e0900000, 0x00000000e0900000|100%|HS|  |TAMS 0x00000000e0800000, 0x00000000e0800000| Complete 
|   9|0x00000000e0900000, 0x00000000e0a00000, 0x00000000e0a00000|100%| O|  |TAMS 0x00000000e0a00000, 0x00000000e0900000| Untracked 
|  10|0x00000000e0a00000, 0x00000000e0b00000, 0x00000000e0b00000|100%| O|  |TAMS 0x00000000e0b00000, 0x00000000e0a00000| Untracked 
|  11|0x00000000e0b00000, 0x00000000e0c00000, 0x00000000e0c00000|100%| O|  |TAMS 0x00000000e0c00000, 0x00000000e0b00000| Untracked 
|  12|0x00000000e0c00000, 0x00000000e0ce7600, 0x00000000e0d00000| 90%| O|  |TAMS 0x00000000e0ce7600, 0x00000000e0c00000| Untracked 
|  13|0x00000000e0d00000, 0x00000000e0e00000, 0x00000000e0e00000|100%|HS|  |TAMS 0x00000000e0d00000, 0x00000000e0d00000| Complete 
|  14|0x00000000e0e00000, 0x00000000e0f00000, 0x00000000e0f00000|100%|HC|  |TAMS 0x00000000e0e00000, 0x00000000e0e00000| Complete 
|  15|0x00000000e0f00000, 0x00000000e1000000, 0x00000000e1000000|100%|HS|  |TAMS 0x00000000e0f00000, 0x00000000e0f00000| Complete 
|  16|0x00000000e1000000, 0x00000000e1100000, 0x00000000e1100000|100%|HC|  |TAMS 0x00000000e1000000, 0x00000000e1000000| Complete 
|  17|0x00000000e1100000, 0x00000000e1100000, 0x00000000e1200000|  0%| F|  |TAMS 0x00000000e1100000, 0x00000000e1100000| Untracked 
|  18|0x00000000e1200000, 0x00000000e1200000, 0x00000000e1300000|  0%| F|  |TAMS 0x00000000e1200000, 0x00000000e1200000| Untracked 
|  19|0x00000000e1300000, 0x00000000e1300000, 0x00000000e1400000|  0%| F|  |TAMS 0x00000000e1300000, 0x00000000e1300000| Untracked 
|  20|0x00000000e1400000, 0x00000000e1400000, 0x00000000e1500000|  0%| F|  |TAMS 0x00000000e1400000, 0x00000000e1400000| Untracked 
|  21|0x00000000e1500000, 0x00000000e1500000, 0x00000000e1600000|  0%| F|  |TAMS 0x00000000e1500000, 0x00000000e1500000| Untracked 
|  22|0x00000000e1600000, 0x00000000e1600000, 0x00000000e1700000|  0%| F|  |TAMS 0x00000000e1600000, 0x00000000e1600000| Untracked 
|  23|0x00000000e1700000, 0x00000000e1700000, 0x00000000e1800000|  0%| F|  |TAMS 0x00000000e1700000, 0x00000000e1700000| Untracked 
|  24|0x00000000e1800000, 0x00000000e1800000, 0x00000000e1900000|  0%| F|  |TAMS 0x00000000e1800000, 0x00000000e1800000| Untracked 
|  25|0x00000000e1900000, 0x00000000e1900000, 0x00000000e1a00000|  0%| F|  |TAMS 0x00000000e1900000, 0x00000000e1900000| Untracked 
|  26|0x00000000e1a00000, 0x00000000e1a00000, 0x00000000e1b00000|  0%| F|  |TAMS 0x00000000e1a00000, 0x00000000e1a00000| Untracked 
|  27|0x00000000e1b00000, 0x00000000e1b00000, 0x00000000e1c00000|  0%| F|  |TAMS 0x00000000e1b00000, 0x00000000e1b00000| Untracked 
|  28|0x00000000e1c00000, 0x00000000e1c00000, 0x00000000e1d00000|  0%| F|  |TAMS 0x00000000e1c00000, 0x00000000e1c00000| Untracked 
|  29|0x00000000e1d00000, 0x00000000e1d00000, 0x00000000e1e00000|  0%| F|  |TAMS 0x00000000e1d00000, 0x00000000e1d00000| Untracked 
|  30|0x00000000e1e00000, 0x00000000e1e00000, 0x00000000e1f00000|  0%| F|  |TAMS 0x00000000e1e00000, 0x00000000e1e00000| Untracked 
|  31|0x00000000e1f00000, 0x00000000e1f00000, 0x00000000e2000000|  0%| F|  |TAMS 0x00000000e1f00000, 0x00000000e1f00000| Untracked 
|  32|0x00000000e2000000, 0x00000000e2000000, 0x00000000e2100000|  0%| F|  |TAMS 0x00000000e2000000, 0x00000000e2000000| Untracked 
|  33|0x00000000e2100000, 0x00000000e2100000, 0x00000000e2200000|  0%| F|  |TAMS 0x00000000e2100000, 0x00000000e2100000| Untracked 
|  34|0x00000000e2200000, 0x00000000e2200000, 0x00000000e2300000|  0%| F|  |TAMS 0x00000000e2200000, 0x00000000e2200000| Untracked 
|  35|0x00000000e2300000, 0x00000000e2300000, 0x00000000e2400000|  0%| F|  |TAMS 0x00000000e2300000, 0x00000000e2300000| Untracked 
|  36|0x00000000e2400000, 0x00000000e2400000, 0x00000000e2500000|  0%| F|  |TAMS 0x00000000e2400000, 0x00000000e2400000| Untracked 
|  37|0x00000000e2500000, 0x00000000e2500000, 0x00000000e2600000|  0%| F|  |TAMS 0x00000000e2500000, 0x00000000e2500000| Untracked 
|  38|0x00000000e2600000, 0x00000000e2600000, 0x00000000e2700000|  0%| F|  |TAMS 0x00000000e2600000, 0x00000000e2600000| Untracked 
|  39|0x00000000e2700000, 0x00000000e2700000, 0x00000000e2800000|  0%| F|  |TAMS 0x00000000e2700000, 0x00000000e2700000| Untracked 
|  40|0x00000000e2800000, 0x00000000e2800000, 0x00000000e2900000|  0%| F|  |TAMS 0x00000000e2800000, 0x00000000e2800000| Untracked 
|  41|0x00000000e2900000, 0x00000000e2900000, 0x00000000e2a00000|  0%| F|  |TAMS 0x00000000e2900000, 0x00000000e2900000| Untracked 
|  42|0x00000000e2a00000, 0x00000000e2a00000, 0x00000000e2b00000|  0%| F|  |TAMS 0x00000000e2a00000, 0x00000000e2a00000| Untracked 
|  43|0x00000000e2b00000, 0x00000000e2b00000, 0x00000000e2c00000|  0%| F|  |TAMS 0x00000000e2b00000, 0x00000000e2b00000| Untracked 
|  44|0x00000000e2c00000, 0x00000000e2c00000, 0x00000000e2d00000|  0%| F|  |TAMS 0x00000000e2c00000, 0x00000000e2c00000| Untracked 
|  45|0x00000000e2d00000, 0x00000000e2d00000, 0x00000000e2e00000|  0%| F|  |TAMS 0x00000000e2d00000, 0x00000000e2d00000| Untracked 
|  46|0x00000000e2e00000, 0x00000000e2e00000, 0x00000000e2f00000|  0%| F|  |TAMS 0x00000000e2e00000, 0x00000000e2e00000| Untracked 
|  47|0x00000000e2f00000, 0x00000000e2f00000, 0x00000000e3000000|  0%| F|  |TAMS 0x00000000e2f00000, 0x00000000e2f00000| Untracked 
|  48|0x00000000e3000000, 0x00000000e3000000, 0x00000000e3100000|  0%| F|  |TAMS 0x00000000e3000000, 0x00000000e3000000| Untracked 
|  49|0x00000000e3100000, 0x00000000e3100000, 0x00000000e3200000|  0%| F|  |TAMS 0x00000000e3100000, 0x00000000e3100000| Untracked 
|  50|0x00000000e3200000, 0x00000000e3200000, 0x00000000e3300000|  0%| F|  |TAMS 0x00000000e3200000, 0x00000000e3200000| Untracked 
|  51|0x00000000e3300000, 0x00000000e3300000, 0x00000000e3400000|  0%| F|  |TAMS 0x00000000e3300000, 0x00000000e3300000| Untracked 
|  52|0x00000000e3400000, 0x00000000e3400000, 0x00000000e3500000|  0%| F|  |TAMS 0x00000000e3400000, 0x00000000e3400000| Untracked 
|  53|0x00000000e3500000, 0x00000000e3500000, 0x00000000e3600000|  0%| F|  |TAMS 0x00000000e3500000, 0x00000000e3500000| Untracked 
|  54|0x00000000e3600000, 0x00000000e3600000, 0x00000000e3700000|  0%| F|  |TAMS 0x00000000e3600000, 0x00000000e3600000| Untracked 
|  55|0x00000000e3700000, 0x00000000e3700000, 0x00000000e3800000|  0%| F|  |TAMS 0x00000000e3700000, 0x00000000e3700000| Untracked 
|  56|0x00000000e3800000, 0x00000000e3800000, 0x00000000e3900000|  0%| F|  |TAMS 0x00000000e3800000, 0x00000000e3800000| Untracked 
|  57|0x00000000e3900000, 0x00000000e3900000, 0x00000000e3a00000|  0%| F|  |TAMS 0x00000000e3900000, 0x00000000e3900000| Untracked 
|  58|0x00000000e3a00000, 0x00000000e3a00000, 0x00000000e3b00000|  0%| F|  |TAMS 0x00000000e3a00000, 0x00000000e3a00000| Untracked 
|  59|0x00000000e3b00000, 0x00000000e3b00000, 0x00000000e3c00000|  0%| F|  |TAMS 0x00000000e3b00000, 0x00000000e3b00000| Untracked 
|  60|0x00000000e3c00000, 0x00000000e3c00000, 0x00000000e3d00000|  0%| F|  |TAMS 0x00000000e3c00000, 0x00000000e3c00000| Untracked 
|  61|0x00000000e3d00000, 0x00000000e3d00000, 0x00000000e3e00000|  0%| F|  |TAMS 0x00000000e3d00000, 0x00000000e3d00000| Untracked 
|  62|0x00000000e3e00000, 0x00000000e3e00000, 0x00000000e3f00000|  0%| F|  |TAMS 0x00000000e3e00000, 0x00000000e3e00000| Untracked 
|  63|0x00000000e3f00000, 0x00000000e3f00000, 0x00000000e4000000|  0%| F|  |TAMS 0x00000000e3f00000, 0x00000000e3f00000| Untracked 
|  64|0x00000000e4000000, 0x00000000e4000000, 0x00000000e4100000|  0%| F|  |TAMS 0x00000000e4000000, 0x00000000e4000000| Untracked 
|  65|0x00000000e4100000, 0x00000000e4100000, 0x00000000e4200000|  0%| F|  |TAMS 0x00000000e4100000, 0x00000000e4100000| Untracked 
|  66|0x00000000e4200000, 0x00000000e4200000, 0x00000000e4300000|  0%| F|  |TAMS 0x00000000e4200000, 0x00000000e4200000| Untracked 
|  67|0x00000000e4300000, 0x00000000e4300000, 0x00000000e4400000|  0%| F|  |TAMS 0x00000000e4300000, 0x00000000e4300000| Untracked 
|  68|0x00000000e4400000, 0x00000000e4400000, 0x00000000e4500000|  0%| F|  |TAMS 0x00000000e4400000, 0x00000000e4400000| Untracked 
|  69|0x00000000e4500000, 0x00000000e4500000, 0x00000000e4600000|  0%| F|  |TAMS 0x00000000e4500000, 0x00000000e4500000| Untracked 
|  70|0x00000000e4600000, 0x00000000e4600000, 0x00000000e4700000|  0%| F|  |TAMS 0x00000000e4600000, 0x00000000e4600000| Untracked 
|  71|0x00000000e4700000, 0x00000000e4700000, 0x00000000e4800000|  0%| F|  |TAMS 0x00000000e4700000, 0x00000000e4700000| Untracked 
|  72|0x00000000e4800000, 0x00000000e4800000, 0x00000000e4900000|  0%| F|  |TAMS 0x00000000e4800000, 0x00000000e4800000| Untracked 
|  73|0x00000000e4900000, 0x00000000e4900000, 0x00000000e4a00000|  0%| F|  |TAMS 0x00000000e4900000, 0x00000000e4900000| Untracked 
|  74|0x00000000e4a00000, 0x00000000e4a00000, 0x00000000e4b00000|  0%| F|  |TAMS 0x00000000e4a00000, 0x00000000e4a00000| Untracked 
|  75|0x00000000e4b00000, 0x00000000e4b00000, 0x00000000e4c00000|  0%| F|  |TAMS 0x00000000e4b00000, 0x00000000e4b00000| Untracked 
|  76|0x00000000e4c00000, 0x00000000e4c00000, 0x00000000e4d00000|  0%| F|  |TAMS 0x00000000e4c00000, 0x00000000e4c00000| Untracked 
|  77|0x00000000e4d00000, 0x00000000e4d00000, 0x00000000e4e00000|  0%| F|  |TAMS 0x00000000e4d00000, 0x00000000e4d00000| Untracked 
|  78|0x00000000e4e00000, 0x00000000e4e00000, 0x00000000e4f00000|  0%| F|  |TAMS 0x00000000e4e00000, 0x00000000e4e00000| Untracked 
|  79|0x00000000e4f00000, 0x00000000e4f00000, 0x00000000e5000000|  0%| F|  |TAMS 0x00000000e4f00000, 0x00000000e4f00000| Untracked 
|  80|0x00000000e5000000, 0x00000000e5000000, 0x00000000e5100000|  0%| F|  |TAMS 0x00000000e5000000, 0x00000000e5000000| Untracked 
|  81|0x00000000e5100000, 0x00000000e5100000, 0x00000000e5200000|  0%| F|  |TAMS 0x00000000e5100000, 0x00000000e5100000| Untracked 
|  82|0x00000000e5200000, 0x00000000e5200000, 0x00000000e5300000|  0%| F|  |TAMS 0x00000000e5200000, 0x00000000e5200000| Untracked 
|  83|0x00000000e5300000, 0x00000000e5300000, 0x00000000e5400000|  0%| F|  |TAMS 0x00000000e5300000, 0x00000000e5300000| Untracked 
|  84|0x00000000e5400000, 0x00000000e5400000, 0x00000000e5500000|  0%| F|  |TAMS 0x00000000e5400000, 0x00000000e5400000| Untracked 
|  85|0x00000000e5500000, 0x00000000e5500000, 0x00000000e5600000|  0%| F|  |TAMS 0x00000000e5500000, 0x00000000e5500000| Untracked 
|  86|0x00000000e5600000, 0x00000000e5600000, 0x00000000e5700000|  0%| F|  |TAMS 0x00000000e5600000, 0x00000000e5600000| Untracked 
|  87|0x00000000e5700000, 0x00000000e5700000, 0x00000000e5800000|  0%| F|  |TAMS 0x00000000e5700000, 0x00000000e5700000| Untracked 
|  88|0x00000000e5800000, 0x00000000e5800000, 0x00000000e5900000|  0%| F|  |TAMS 0x00000000e5800000, 0x00000000e5800000| Untracked 
|  89|0x00000000e5900000, 0x00000000e5900000, 0x00000000e5a00000|  0%| F|  |TAMS 0x00000000e5900000, 0x00000000e5900000| Untracked 
|  90|0x00000000e5a00000, 0x00000000e5a00000, 0x00000000e5b00000|  0%| F|  |TAMS 0x00000000e5a00000, 0x00000000e5a00000| Untracked 
|  91|0x00000000e5b00000, 0x00000000e5b00000, 0x00000000e5c00000|  0%| F|  |TAMS 0x00000000e5b00000, 0x00000000e5b00000| Untracked 
|  92|0x00000000e5c00000, 0x00000000e5c00000, 0x00000000e5d00000|  0%| F|  |TAMS 0x00000000e5c00000, 0x00000000e5c00000| Untracked 
|  93|0x00000000e5d00000, 0x00000000e5d00000, 0x00000000e5e00000|  0%| F|  |TAMS 0x00000000e5d00000, 0x00000000e5d00000| Untracked 
|  94|0x00000000e5e00000, 0x00000000e5e00000, 0x00000000e5f00000|  0%| F|  |TAMS 0x00000000e5e00000, 0x00000000e5e00000| Untracked 
|  95|0x00000000e5f00000, 0x00000000e5f00000, 0x00000000e6000000|  0%| F|  |TAMS 0x00000000e5f00000, 0x00000000e5f00000| Untracked 
|  96|0x00000000e6000000, 0x00000000e6000000, 0x00000000e6100000|  0%| F|  |TAMS 0x00000000e6000000, 0x00000000e6000000| Untracked 
|  97|0x00000000e6100000, 0x00000000e6100000, 0x00000000e6200000|  0%| F|  |TAMS 0x00000000e6100000, 0x00000000e6100000| Untracked 
|  98|0x00000000e6200000, 0x00000000e6200000, 0x00000000e6300000|  0%| F|  |TAMS 0x00000000e6200000, 0x00000000e6200000| Untracked 
|  99|0x00000000e6300000, 0x00000000e6300000, 0x00000000e6400000|  0%| F|  |TAMS 0x00000000e6300000, 0x00000000e6300000| Untracked 
| 100|0x00000000e6400000, 0x00000000e6400000, 0x00000000e6500000|  0%| F|  |TAMS 0x00000000e6400000, 0x00000000e6400000| Untracked 
| 101|0x00000000e6500000, 0x00000000e6500000, 0x00000000e6600000|  0%| F|  |TAMS 0x00000000e6500000, 0x00000000e6500000| Untracked 
| 102|0x00000000e6600000, 0x00000000e6600000, 0x00000000e6700000|  0%| F|  |TAMS 0x00000000e6600000, 0x00000000e6600000| Untracked 
| 103|0x00000000e6700000, 0x00000000e6700000, 0x00000000e6800000|  0%| F|  |TAMS 0x00000000e6700000, 0x00000000e6700000| Untracked 
| 104|0x00000000e6800000, 0x00000000e6800000, 0x00000000e6900000|  0%| F|  |TAMS 0x00000000e6800000, 0x00000000e6800000| Untracked 
| 105|0x00000000e6900000, 0x00000000e6900000, 0x00000000e6a00000|  0%| F|  |TAMS 0x00000000e6900000, 0x00000000e6900000| Untracked 
| 106|0x00000000e6a00000, 0x00000000e6a00000, 0x00000000e6b00000|  0%| F|  |TAMS 0x00000000e6a00000, 0x00000000e6a00000| Untracked 
| 107|0x00000000e6b00000, 0x00000000e6b00000, 0x00000000e6c00000|  0%| F|  |TAMS 0x00000000e6b00000, 0x00000000e6b00000| Untracked 
| 108|0x00000000e6c00000, 0x00000000e6c00000, 0x00000000e6d00000|  0%| F|  |TAMS 0x00000000e6c00000, 0x00000000e6c00000| Untracked 
| 109|0x00000000e6d00000, 0x00000000e6d00000, 0x00000000e6e00000|  0%| F|  |TAMS 0x00000000e6d00000, 0x00000000e6d00000| Untracked 
| 110|0x00000000e6e00000, 0x00000000e6e00000, 0x00000000e6f00000|  0%| F|  |TAMS 0x00000000e6e00000, 0x00000000e6e00000| Untracked 
| 111|0x00000000e6f00000, 0x00000000e6f00000, 0x00000000e7000000|  0%| F|  |TAMS 0x00000000e6f00000, 0x00000000e6f00000| Untracked 
| 112|0x00000000e7000000, 0x00000000e7000000, 0x00000000e7100000|  0%| F|  |TAMS 0x00000000e7000000, 0x00000000e7000000| Untracked 
| 113|0x00000000e7100000, 0x00000000e7100000, 0x00000000e7200000|  0%| F|  |TAMS 0x00000000e7100000, 0x00000000e7100000| Untracked 
| 114|0x00000000e7200000, 0x00000000e7200000, 0x00000000e7300000|  0%| F|  |TAMS 0x00000000e7200000, 0x00000000e7200000| Untracked 
| 115|0x00000000e7300000, 0x00000000e7300000, 0x00000000e7400000|  0%| F|  |TAMS 0x00000000e7300000, 0x00000000e7300000| Untracked 
| 116|0x00000000e7400000, 0x00000000e7400000, 0x00000000e7500000|  0%| F|  |TAMS 0x00000000e7400000, 0x00000000e7400000| Untracked 
| 117|0x00000000e7500000, 0x00000000e7500000, 0x00000000e7600000|  0%| F|  |TAMS 0x00000000e7500000, 0x00000000e7500000| Untracked 
| 118|0x00000000e7600000, 0x00000000e7600000, 0x00000000e7700000|  0%| F|  |TAMS 0x00000000e7600000, 0x00000000e7600000| Untracked 
| 119|0x00000000e7700000, 0x00000000e7700000, 0x00000000e7800000|  0%| F|  |TAMS 0x00000000e7700000, 0x00000000e7700000| Untracked 
| 120|0x00000000e7800000, 0x00000000e7800000, 0x00000000e7900000|  0%| F|  |TAMS 0x00000000e7800000, 0x00000000e7800000| Untracked 
| 121|0x00000000e7900000, 0x00000000e7900000, 0x00000000e7a00000|  0%| F|  |TAMS 0x00000000e7900000, 0x00000000e7900000| Untracked 
| 122|0x00000000e7a00000, 0x00000000e7a00000, 0x00000000e7b00000|  0%| F|  |TAMS 0x00000000e7a00000, 0x00000000e7a00000| Untracked 
| 123|0x00000000e7b00000, 0x00000000e7b00000, 0x00000000e7c00000|  0%| F|  |TAMS 0x00000000e7b00000, 0x00000000e7b00000| Untracked 
| 124|0x00000000e7c00000, 0x00000000e7c00000, 0x00000000e7d00000|  0%| F|  |TAMS 0x00000000e7c00000, 0x00000000e7c00000| Untracked 
| 125|0x00000000e7d00000, 0x00000000e7d00000, 0x00000000e7e00000|  0%| F|  |TAMS 0x00000000e7d00000, 0x00000000e7d00000| Untracked 
| 126|0x00000000e7e00000, 0x00000000e7e00000, 0x00000000e7f00000|  0%| F|  |TAMS 0x00000000e7e00000, 0x00000000e7e00000| Untracked 
| 127|0x00000000e7f00000, 0x00000000e7f00000, 0x00000000e8000000|  0%| F|  |TAMS 0x00000000e7f00000, 0x00000000e7f00000| Untracked 
| 128|0x00000000e8000000, 0x00000000e8000000, 0x00000000e8100000|  0%| F|  |TAMS 0x00000000e8000000, 0x00000000e8000000| Untracked 
| 129|0x00000000e8100000, 0x00000000e8100000, 0x00000000e8200000|  0%| F|  |TAMS 0x00000000e8100000, 0x00000000e8100000| Untracked 
| 130|0x00000000e8200000, 0x00000000e8200000, 0x00000000e8300000|  0%| F|  |TAMS 0x00000000e8200000, 0x00000000e8200000| Untracked 
| 131|0x00000000e8300000, 0x00000000e8300000, 0x00000000e8400000|  0%| F|  |TAMS 0x00000000e8300000, 0x00000000e8300000| Untracked 
| 132|0x00000000e8400000, 0x00000000e8498a00, 0x00000000e8500000| 59%| S|CS|TAMS 0x00000000e8400000, 0x00000000e8400000| Complete 
| 133|0x00000000e8500000, 0x00000000e8600000, 0x00000000e8600000|100%| S|CS|TAMS 0x00000000e8500000, 0x00000000e8500000| Complete 
| 134|0x00000000e8600000, 0x00000000e8700000, 0x00000000e8700000|100%| S|CS|TAMS 0x00000000e8600000, 0x00000000e8600000| Complete 
| 135|0x00000000e8700000, 0x00000000e8800000, 0x00000000e8800000|100%| S|CS|TAMS 0x00000000e8700000, 0x00000000e8700000| Complete 
| 136|0x00000000e8800000, 0x00000000e8900000, 0x00000000e8900000|100%| S|CS|TAMS 0x00000000e8800000, 0x00000000e8800000| Complete 
| 137|0x00000000e8900000, 0x00000000e8a00000, 0x00000000e8a00000|100%| S|CS|TAMS 0x00000000e8900000, 0x00000000e8900000| Complete 
| 138|0x00000000e8a00000, 0x00000000e8b00000, 0x00000000e8b00000|100%| S|CS|TAMS 0x00000000e8a00000, 0x00000000e8a00000| Complete 
| 139|0x00000000e8b00000, 0x00000000e8c00000, 0x00000000e8c00000|100%| S|CS|TAMS 0x00000000e8b00000, 0x00000000e8b00000| Complete 
| 140|0x00000000e8c00000, 0x00000000e8d00000, 0x00000000e8d00000|100%| S|CS|TAMS 0x00000000e8c00000, 0x00000000e8c00000| Complete 
| 141|0x00000000e8d00000, 0x00000000e8e00000, 0x00000000e8e00000|100%| S|CS|TAMS 0x00000000e8d00000, 0x00000000e8d00000| Complete 
| 142|0x00000000e8e00000, 0x00000000e8f00000, 0x00000000e8f00000|100%| S|CS|TAMS 0x00000000e8e00000, 0x00000000e8e00000| Complete 
| 143|0x00000000e8f00000, 0x00000000e9000000, 0x00000000e9000000|100%| S|CS|TAMS 0x00000000e8f00000, 0x00000000e8f00000| Complete 
| 144|0x00000000e9000000, 0x00000000e9000000, 0x00000000e9100000|  0%| F|  |TAMS 0x00000000e9000000, 0x00000000e9000000| Untracked 
| 145|0x00000000e9100000, 0x00000000e9100000, 0x00000000e9200000|  0%| F|  |TAMS 0x00000000e9100000, 0x00000000e9100000| Untracked 
| 146|0x00000000e9200000, 0x00000000e9200000, 0x00000000e9300000|  0%| F|  |TAMS 0x00000000e9200000, 0x00000000e9200000| Untracked 
| 147|0x00000000e9300000, 0x00000000e9300000, 0x00000000e9400000|  0%| F|  |TAMS 0x00000000e9300000, 0x00000000e9300000| Untracked 
| 148|0x00000000e9400000, 0x00000000e9400000, 0x00000000e9500000|  0%| F|  |TAMS 0x00000000e9400000, 0x00000000e9400000| Untracked 
| 149|0x00000000e9500000, 0x00000000e9500000, 0x00000000e9600000|  0%| F|  |TAMS 0x00000000e9500000, 0x00000000e9500000| Untracked 
| 150|0x00000000e9600000, 0x00000000e9600000, 0x00000000e9700000|  0%| F|  |TAMS 0x00000000e9600000, 0x00000000e9600000| Untracked 
| 151|0x00000000e9700000, 0x00000000e9700000, 0x00000000e9800000|  0%| F|  |TAMS 0x00000000e9700000, 0x00000000e9700000| Untracked 
| 152|0x00000000e9800000, 0x00000000e9800000, 0x00000000e9900000|  0%| F|  |TAMS 0x00000000e9800000, 0x00000000e9800000| Untracked 
| 153|0x00000000e9900000, 0x00000000e9900000, 0x00000000e9a00000|  0%| F|  |TAMS 0x00000000e9900000, 0x00000000e9900000| Untracked 
| 154|0x00000000e9a00000, 0x00000000e9a00000, 0x00000000e9b00000|  0%| F|  |TAMS 0x00000000e9a00000, 0x00000000e9a00000| Untracked 
| 155|0x00000000e9b00000, 0x00000000e9b00000, 0x00000000e9c00000|  0%| F|  |TAMS 0x00000000e9b00000, 0x00000000e9b00000| Untracked 
| 156|0x00000000e9c00000, 0x00000000e9c00000, 0x00000000e9d00000|  0%| F|  |TAMS 0x00000000e9c00000, 0x00000000e9c00000| Untracked 
| 157|0x00000000e9d00000, 0x00000000e9d00000, 0x00000000e9e00000|  0%| F|  |TAMS 0x00000000e9d00000, 0x00000000e9d00000| Untracked 
| 158|0x00000000e9e00000, 0x00000000e9e00000, 0x00000000e9f00000|  0%| F|  |TAMS 0x00000000e9e00000, 0x00000000e9e00000| Untracked 
| 159|0x00000000e9f00000, 0x00000000e9f00000, 0x00000000ea000000|  0%| F|  |TAMS 0x00000000e9f00000, 0x00000000e9f00000| Untracked 
| 160|0x00000000ea000000, 0x00000000ea000000, 0x00000000ea100000|  0%| F|  |TAMS 0x00000000ea000000, 0x00000000ea000000| Untracked 
| 161|0x00000000ea100000, 0x00000000ea100000, 0x00000000ea200000|  0%| F|  |TAMS 0x00000000ea100000, 0x00000000ea100000| Untracked 
| 162|0x00000000ea200000, 0x00000000ea200000, 0x00000000ea300000|  0%| F|  |TAMS 0x00000000ea200000, 0x00000000ea200000| Untracked 
| 163|0x00000000ea300000, 0x00000000ea300000, 0x00000000ea400000|  0%| F|  |TAMS 0x00000000ea300000, 0x00000000ea300000| Untracked 
| 164|0x00000000ea400000, 0x00000000ea4fa590, 0x00000000ea500000| 97%| E|  |TAMS 0x00000000ea400000, 0x00000000ea400000| Complete 
| 165|0x00000000ea500000, 0x00000000ea600000, 0x00000000ea600000|100%| E|CS|TAMS 0x00000000ea500000, 0x00000000ea500000| Complete 
| 166|0x00000000ea600000, 0x00000000ea700000, 0x00000000ea700000|100%| E|CS|TAMS 0x00000000ea600000, 0x00000000ea600000| Complete 
| 167|0x00000000ea700000, 0x00000000ea800000, 0x00000000ea800000|100%| E|CS|TAMS 0x00000000ea700000, 0x00000000ea700000| Complete 
| 168|0x00000000ea800000, 0x00000000ea900000, 0x00000000ea900000|100%| E|CS|TAMS 0x00000000ea800000, 0x00000000ea800000| Complete 
| 169|0x00000000ea900000, 0x00000000eaa00000, 0x00000000eaa00000|100%| E|CS|TAMS 0x00000000ea900000, 0x00000000ea900000| Complete 
| 170|0x00000000eaa00000, 0x00000000eab00000, 0x00000000eab00000|100%| E|CS|TAMS 0x00000000eaa00000, 0x00000000eaa00000| Complete 
| 171|0x00000000eab00000, 0x00000000eac00000, 0x00000000eac00000|100%| E|CS|TAMS 0x00000000eab00000, 0x00000000eab00000| Complete 
| 172|0x00000000eac00000, 0x00000000ead00000, 0x00000000ead00000|100%| E|CS|TAMS 0x00000000eac00000, 0x00000000eac00000| Complete 
| 173|0x00000000ead00000, 0x00000000eae00000, 0x00000000eae00000|100%| E|CS|TAMS 0x00000000ead00000, 0x00000000ead00000| Complete 
| 174|0x00000000eae00000, 0x00000000eaf00000, 0x00000000eaf00000|100%| E|CS|TAMS 0x00000000eae00000, 0x00000000eae00000| Complete 
| 175|0x00000000eaf00000, 0x00000000eb000000, 0x00000000eb000000|100%| E|CS|TAMS 0x00000000eaf00000, 0x00000000eaf00000| Complete 
| 176|0x00000000eb000000, 0x00000000eb100000, 0x00000000eb100000|100%| E|CS|TAMS 0x00000000eb000000, 0x00000000eb000000| Complete 
| 177|0x00000000eb100000, 0x00000000eb200000, 0x00000000eb200000|100%| E|CS|TAMS 0x00000000eb100000, 0x00000000eb100000| Complete 
| 178|0x00000000eb200000, 0x00000000eb300000, 0x00000000eb300000|100%| E|CS|TAMS 0x00000000eb200000, 0x00000000eb200000| Complete 
| 179|0x00000000eb300000, 0x00000000eb400000, 0x00000000eb400000|100%| E|CS|TAMS 0x00000000eb300000, 0x00000000eb300000| Complete 
| 180|0x00000000eb400000, 0x00000000eb500000, 0x00000000eb500000|100%| E|CS|TAMS 0x00000000eb400000, 0x00000000eb400000| Complete 
| 181|0x00000000eb500000, 0x00000000eb600000, 0x00000000eb600000|100%| E|CS|TAMS 0x00000000eb500000, 0x00000000eb500000| Complete 
| 182|0x00000000eb600000, 0x00000000eb700000, 0x00000000eb700000|100%| E|CS|TAMS 0x00000000eb600000, 0x00000000eb600000| Complete 
| 183|0x00000000eb700000, 0x00000000eb800000, 0x00000000eb800000|100%| E|CS|TAMS 0x00000000eb700000, 0x00000000eb700000| Complete 
| 184|0x00000000eb800000, 0x00000000eb900000, 0x00000000eb900000|100%| E|CS|TAMS 0x00000000eb800000, 0x00000000eb800000| Complete 
| 185|0x00000000eb900000, 0x00000000eba00000, 0x00000000eba00000|100%| E|CS|TAMS 0x00000000eb900000, 0x00000000eb900000| Complete 
| 186|0x00000000eba00000, 0x00000000ebb00000, 0x00000000ebb00000|100%| E|CS|TAMS 0x00000000eba00000, 0x00000000eba00000| Complete 
| 187|0x00000000ebb00000, 0x00000000ebc00000, 0x00000000ebc00000|100%| E|CS|TAMS 0x00000000ebb00000, 0x00000000ebb00000| Complete 
| 188|0x00000000ebc00000, 0x00000000ebd00000, 0x00000000ebd00000|100%| E|CS|TAMS 0x00000000ebc00000, 0x00000000ebc00000| Complete 
| 189|0x00000000ebd00000, 0x00000000ebe00000, 0x00000000ebe00000|100%| E|CS|TAMS 0x00000000ebd00000, 0x00000000ebd00000| Complete 
| 190|0x00000000ebe00000, 0x00000000ebf00000, 0x00000000ebf00000|100%| E|CS|TAMS 0x00000000ebe00000, 0x00000000ebe00000| Complete 
| 191|0x00000000ebf00000, 0x00000000ec000000, 0x00000000ec000000|100%| E|CS|TAMS 0x00000000ebf00000, 0x00000000ebf00000| Complete 
| 192|0x00000000ec000000, 0x00000000ec100000, 0x00000000ec100000|100%| E|CS|TAMS 0x00000000ec000000, 0x00000000ec000000| Complete 
| 193|0x00000000ec100000, 0x00000000ec200000, 0x00000000ec200000|100%| E|CS|TAMS 0x00000000ec100000, 0x00000000ec100000| Complete 
| 194|0x00000000ec200000, 0x00000000ec300000, 0x00000000ec300000|100%| E|CS|TAMS 0x00000000ec200000, 0x00000000ec200000| Complete 
| 195|0x00000000ec300000, 0x00000000ec400000, 0x00000000ec400000|100%| E|CS|TAMS 0x00000000ec300000, 0x00000000ec300000| Complete 
| 196|0x00000000ec400000, 0x00000000ec500000, 0x00000000ec500000|100%| E|CS|TAMS 0x00000000ec400000, 0x00000000ec400000| Complete 
| 197|0x00000000ec500000, 0x00000000ec600000, 0x00000000ec600000|100%| E|CS|TAMS 0x00000000ec500000, 0x00000000ec500000| Complete 
| 198|0x00000000ec600000, 0x00000000ec700000, 0x00000000ec700000|100%| E|CS|TAMS 0x00000000ec600000, 0x00000000ec600000| Complete 
| 199|0x00000000ec700000, 0x00000000ec800000, 0x00000000ec800000|100%| E|  |TAMS 0x00000000ec700000, 0x00000000ec700000| Complete 
| 200|0x00000000ec800000, 0x00000000ec900000, 0x00000000ec900000|100%| E|CS|TAMS 0x00000000ec800000, 0x00000000ec800000| Complete 
| 201|0x00000000ec900000, 0x00000000eca00000, 0x00000000eca00000|100%| E|CS|TAMS 0x00000000ec900000, 0x00000000ec900000| Complete 
| 202|0x00000000eca00000, 0x00000000ecb00000, 0x00000000ecb00000|100%| E|CS|TAMS 0x00000000eca00000, 0x00000000eca00000| Complete 
| 203|0x00000000ecb00000, 0x00000000ecc00000, 0x00000000ecc00000|100%| E|CS|TAMS 0x00000000ecb00000, 0x00000000ecb00000| Complete 
| 204|0x00000000ecc00000, 0x00000000ecd00000, 0x00000000ecd00000|100%| E|CS|TAMS 0x00000000ecc00000, 0x00000000ecc00000| Complete 
| 205|0x00000000ecd00000, 0x00000000ece00000, 0x00000000ece00000|100%| E|CS|TAMS 0x00000000ecd00000, 0x00000000ecd00000| Complete 
| 206|0x00000000ece00000, 0x00000000ecf00000, 0x00000000ecf00000|100%| E|CS|TAMS 0x00000000ece00000, 0x00000000ece00000| Complete 
| 207|0x00000000ecf00000, 0x00000000ed000000, 0x00000000ed000000|100%| E|CS|TAMS 0x00000000ecf00000, 0x00000000ecf00000| Complete 
| 208|0x00000000ed000000, 0x00000000ed100000, 0x00000000ed100000|100%| E|CS|TAMS 0x00000000ed000000, 0x00000000ed000000| Complete 
| 209|0x00000000ed100000, 0x00000000ed200000, 0x00000000ed200000|100%| E|CS|TAMS 0x00000000ed100000, 0x00000000ed100000| Complete 
| 210|0x00000000ed200000, 0x00000000ed300000, 0x00000000ed300000|100%| E|CS|TAMS 0x00000000ed200000, 0x00000000ed200000| Complete 
| 211|0x00000000ed300000, 0x00000000ed400000, 0x00000000ed400000|100%| E|CS|TAMS 0x00000000ed300000, 0x00000000ed300000| Complete 
| 212|0x00000000ed400000, 0x00000000ed500000, 0x00000000ed500000|100%| E|CS|TAMS 0x00000000ed400000, 0x00000000ed400000| Complete 
| 213|0x00000000ed500000, 0x00000000ed600000, 0x00000000ed600000|100%| E|CS|TAMS 0x00000000ed500000, 0x00000000ed500000| Complete 
| 214|0x00000000ed600000, 0x00000000ed700000, 0x00000000ed700000|100%| E|CS|TAMS 0x00000000ed600000, 0x00000000ed600000| Complete 
| 215|0x00000000ed700000, 0x00000000ed800000, 0x00000000ed800000|100%| E|CS|TAMS 0x00000000ed700000, 0x00000000ed700000| Complete 
| 216|0x00000000ed800000, 0x00000000ed900000, 0x00000000ed900000|100%| E|CS|TAMS 0x00000000ed800000, 0x00000000ed800000| Complete 
| 217|0x00000000ed900000, 0x00000000eda00000, 0x00000000eda00000|100%| E|CS|TAMS 0x00000000ed900000, 0x00000000ed900000| Complete 
| 218|0x00000000eda00000, 0x00000000edb00000, 0x00000000edb00000|100%| E|CS|TAMS 0x00000000eda00000, 0x00000000eda00000| Complete 
| 219|0x00000000edb00000, 0x00000000edc00000, 0x00000000edc00000|100%| E|CS|TAMS 0x00000000edb00000, 0x00000000edb00000| Complete 
| 220|0x00000000edc00000, 0x00000000edd00000, 0x00000000edd00000|100%| E|CS|TAMS 0x00000000edc00000, 0x00000000edc00000| Complete 
| 221|0x00000000edd00000, 0x00000000ede00000, 0x00000000ede00000|100%| E|CS|TAMS 0x00000000edd00000, 0x00000000edd00000| Complete 
| 222|0x00000000ede00000, 0x00000000edf00000, 0x00000000edf00000|100%| E|CS|TAMS 0x00000000ede00000, 0x00000000ede00000| Complete 
| 223|0x00000000edf00000, 0x00000000ee000000, 0x00000000ee000000|100%| E|CS|TAMS 0x00000000edf00000, 0x00000000edf00000| Complete 
| 224|0x00000000ee000000, 0x00000000ee100000, 0x00000000ee100000|100%| E|CS|TAMS 0x00000000ee000000, 0x00000000ee000000| Complete 
| 225|0x00000000ee100000, 0x00000000ee200000, 0x00000000ee200000|100%| E|CS|TAMS 0x00000000ee100000, 0x00000000ee100000| Complete 
| 226|0x00000000ee200000, 0x00000000ee300000, 0x00000000ee300000|100%| E|CS|TAMS 0x00000000ee200000, 0x00000000ee200000| Complete 
| 227|0x00000000ee300000, 0x00000000ee400000, 0x00000000ee400000|100%| E|CS|TAMS 0x00000000ee300000, 0x00000000ee300000| Complete 
| 228|0x00000000ee400000, 0x00000000ee500000, 0x00000000ee500000|100%| E|CS|TAMS 0x00000000ee400000, 0x00000000ee400000| Complete 
| 229|0x00000000ee500000, 0x00000000ee600000, 0x00000000ee600000|100%| E|CS|TAMS 0x00000000ee500000, 0x00000000ee500000| Complete 
| 230|0x00000000ee600000, 0x00000000ee700000, 0x00000000ee700000|100%| E|CS|TAMS 0x00000000ee600000, 0x00000000ee600000| Complete 
| 231|0x00000000ee700000, 0x00000000ee800000, 0x00000000ee800000|100%| E|CS|TAMS 0x00000000ee700000, 0x00000000ee700000| Complete 
| 232|0x00000000ee800000, 0x00000000ee900000, 0x00000000ee900000|100%| E|CS|TAMS 0x00000000ee800000, 0x00000000ee800000| Complete 
| 233|0x00000000ee900000, 0x00000000eea00000, 0x00000000eea00000|100%| E|CS|TAMS 0x00000000ee900000, 0x00000000ee900000| Complete 
| 234|0x00000000eea00000, 0x00000000eeb00000, 0x00000000eeb00000|100%| E|CS|TAMS 0x00000000eea00000, 0x00000000eea00000| Complete 
| 235|0x00000000eeb00000, 0x00000000eec00000, 0x00000000eec00000|100%| E|CS|TAMS 0x00000000eeb00000, 0x00000000eeb00000| Complete 
| 236|0x00000000eec00000, 0x00000000eed00000, 0x00000000eed00000|100%| E|CS|TAMS 0x00000000eec00000, 0x00000000eec00000| Complete 
| 237|0x00000000eed00000, 0x00000000eee00000, 0x00000000eee00000|100%| E|CS|TAMS 0x00000000eed00000, 0x00000000eed00000| Complete 
| 238|0x00000000eee00000, 0x00000000eef00000, 0x00000000eef00000|100%| E|CS|TAMS 0x00000000eee00000, 0x00000000eee00000| Complete 
| 239|0x00000000eef00000, 0x00000000ef000000, 0x00000000ef000000|100%| E|CS|TAMS 0x00000000eef00000, 0x00000000eef00000| Complete 
| 240|0x00000000ef000000, 0x00000000ef100000, 0x00000000ef100000|100%| E|CS|TAMS 0x00000000ef000000, 0x00000000ef000000| Complete 
| 241|0x00000000ef100000, 0x00000000ef200000, 0x00000000ef200000|100%| E|CS|TAMS 0x00000000ef100000, 0x00000000ef100000| Complete 
| 242|0x00000000ef200000, 0x00000000ef300000, 0x00000000ef300000|100%| E|CS|TAMS 0x00000000ef200000, 0x00000000ef200000| Complete 
| 243|0x00000000ef300000, 0x00000000ef400000, 0x00000000ef400000|100%| E|CS|TAMS 0x00000000ef300000, 0x00000000ef300000| Complete 
| 244|0x00000000ef400000, 0x00000000ef500000, 0x00000000ef500000|100%| E|CS|TAMS 0x00000000ef400000, 0x00000000ef400000| Complete 
| 245|0x00000000ef500000, 0x00000000ef600000, 0x00000000ef600000|100%| E|CS|TAMS 0x00000000ef500000, 0x00000000ef500000| Complete 
| 246|0x00000000ef600000, 0x00000000ef700000, 0x00000000ef700000|100%| E|CS|TAMS 0x00000000ef600000, 0x00000000ef600000| Complete 
| 247|0x00000000ef700000, 0x00000000ef800000, 0x00000000ef800000|100%| E|CS|TAMS 0x00000000ef700000, 0x00000000ef700000| Complete 
| 248|0x00000000ef800000, 0x00000000ef900000, 0x00000000ef900000|100%| E|CS|TAMS 0x00000000ef800000, 0x00000000ef800000| Complete 
| 249|0x00000000ef900000, 0x00000000efa00000, 0x00000000efa00000|100%| E|CS|TAMS 0x00000000ef900000, 0x00000000ef900000| Complete 
| 250|0x00000000efa00000, 0x00000000efb00000, 0x00000000efb00000|100%| E|CS|TAMS 0x00000000efa00000, 0x00000000efa00000| Complete 
| 251|0x00000000efb00000, 0x00000000efc00000, 0x00000000efc00000|100%| E|CS|TAMS 0x00000000efb00000, 0x00000000efb00000| Complete 
| 252|0x00000000efc00000, 0x00000000efd00000, 0x00000000efd00000|100%| E|CS|TAMS 0x00000000efc00000, 0x00000000efc00000| Complete 
| 253|0x00000000efd00000, 0x00000000efe00000, 0x00000000efe00000|100%| E|CS|TAMS 0x00000000efd00000, 0x00000000efd00000| Complete 
| 254|0x00000000efe00000, 0x00000000eff00000, 0x00000000eff00000|100%| E|CS|TAMS 0x00000000efe00000, 0x00000000efe00000| Complete 
| 255|0x00000000eff00000, 0x00000000f0000000, 0x00000000f0000000|100%| E|CS|TAMS 0x00000000eff00000, 0x00000000eff00000| Complete 

Card table byte_map: [0x00000208f1470000,0x00000208f1570000] _byte_map_base: 0x00000208f0d70000

Marking Bits (Prev, Next): (CMBitMap*) 0x00000208e97b0db0, (CMBitMap*) 0x00000208e97b0d70
 Prev Bits: [0x00000208f1e70000, 0x00000208f2670000)
 Next Bits: [0x00000208f1670000, 0x00000208f1e70000)

Polling page: 0x00000208e7750000

Metaspace:

Usage:
  Non-class:     27.64 MB used.
      Class:      4.40 MB used.
       Both:     32.04 MB used.

Virtual space:
  Non-class space:       64.00 MB reserved,      27.81 MB ( 43%) committed,  1 nodes.
      Class space:      320.00 MB reserved,       4.56 MB (  1%) committed,  1 nodes.
             Both:      384.00 MB reserved,      32.38 MB (  8%) committed. 

Chunk freelists:
   Non-Class:  4.00 MB
       Class:  11.44 MB
        Both:  15.44 MB

MaxMetaspaceSize: 384.00 MB
CompressedClassSpaceSize: 320.00 MB
Initial GC threshold: 21.00 MB
Current GC threshold: 35.25 MB
CDS: on
MetaspaceReclaimPolicy: balanced
 - commit_granule_bytes: 65536.
 - commit_granule_words: 8192.
 - virtual_space_node_default_size: 8388608.
 - enlarge_chunks_in_place: 1.
 - new_chunks_are_fully_committed: 0.
 - uncommit_free_chunks: 1.
 - use_allocation_guard: 0.
 - handle_deallocations: 1.


Internal statistics:

num_allocs_failed_limit: 3.
num_arena_births: 400.
num_arena_deaths: 0.
num_vsnodes_births: 2.
num_vsnodes_deaths: 0.
num_space_committed: 518.
num_space_uncommitted: 0.
num_chunks_returned_to_freelist: 3.
num_chunks_taken_from_freelist: 1585.
num_chunk_merges: 3.
num_chunk_splits: 1053.
num_chunks_enlarged: 762.
num_inconsistent_stats: 0.

CodeHeap 'non-profiled nmethods': size=120000Kb used=2596Kb max_used=2596Kb free=117403Kb
 bounds [0x0000020887ad0000, 0x0000020887d60000, 0x000002088f000000]
CodeHeap 'profiled nmethods': size=120000Kb used=8763Kb max_used=8763Kb free=111236Kb
 bounds [0x0000020880000000, 0x0000020880890000, 0x0000020887530000]
CodeHeap 'non-nmethods': size=5760Kb used=2301Kb max_used=2322Kb free=3459Kb
 bounds [0x0000020887530000, 0x00000208877a0000, 0x0000020887ad0000]
 total_blobs=5045 nmethods=4247 adapters=710
 compilation: enabled
              stopped_count=0, restarted_count=0
 full_count=0

Compilation events (20 events):
Event: 106.013 Thread 0x00000208f50a8e00 nmethod 4238 0x0000020887d58a10 code [0x0000020887d58ba0, 0x0000020887d58e98]
Event: 106.844 Thread 0x00000208f50aba10 4239   !   3       org.gradle.cache.internal.DefaultFileLockManager$AwaitableFileLockReleasedSignal::await (78 bytes)
Event: 106.845 Thread 0x00000208f50aba10 nmethod 4239 0x000002088088ad90 code [0x000002088088af60, 0x000002088088b3b8]
Event: 107.221 Thread 0x00000208f50aba10 4240   !   3       org.gradle.cache.internal.filelock.LockInfoAccess::tryLock (39 bytes)
Event: 107.222 Thread 0x00000208f50aba10 nmethod 4240 0x000002088088b610 code [0x000002088088b800, 0x000002088088bc98]
Event: 109.998 Thread 0x00000208f50aba10 4241       3       java.util.concurrent.locks.AbstractQueuedSynchronizer$ConditionObject::signal (34 bytes)
Event: 109.999 Thread 0x00000208f50aba10 nmethod 4241 0x000002088088bf10 code [0x000002088088c0e0, 0x000002088088c428]
Event: 112.131 Thread 0x00000208f50aba10 4242       3       org.gradle.internal.remote.internal.inet.MultiChoiceAddress::hashCode (8 bytes)
Event: 112.132 Thread 0x00000208f50aba10 nmethod 4242 0x000002088088c590 code [0x000002088088c740, 0x000002088088c888]
Event: 112.132 Thread 0x00000208f50aba10 4243       3       java.util.UUID::hashCode (19 bytes)
Event: 112.132 Thread 0x00000208f50aba10 nmethod 4243 0x000002088088c990 code [0x000002088088cb20, 0x000002088088cc58]
Event: 112.657 Thread 0x00000208f50aba10 4244       3       org.gradle.launcher.daemon.registry.DaemonRegistryContent::access$400 (4 bytes)
Event: 112.657 Thread 0x00000208f50aba10 nmethod 4244 0x000002088088cd10 code [0x000002088088cea0, 0x000002088088cf98]
Event: 113.997 Thread 0x00000208f50aba10 4245       1       org.gradle.internal.concurrent.AbstractManagedExecutor::access$100 (5 bytes)
Event: 113.997 Thread 0x00000208f50aba10 nmethod 4245 0x0000020887d59010 code [0x0000020887d591a0, 0x0000020887d59258]
Event: 118.001 Thread 0x00000208f50a8e00 4246       4       javax.management.ObjectName::construct (1135 bytes)
Event: 118.230 Thread 0x00000208f50aba10 4247   !   3       sun.nio.ch.FileChannelImpl::release (83 bytes)
Event: 118.231 Thread 0x00000208f50aba10 nmethod 4247 0x000002088088d010 code [0x000002088088d240, 0x000002088088d878]
Event: 119.091 Thread 0x00000208f50aba10 4250       3       java.util.Random::nextInt (74 bytes)
Event: 119.092 Thread 0x00000208f50aba10 nmethod 4250 0x000002088088dc10 code [0x000002088088dde0, 0x000002088088e2e8]

GC Heap History (8 events):
Event: 6.232 GC heap before
{Heap before GC invocations=0 (full 0):
 garbage-first heap   total 262144K, used 23552K [0x00000000e0000000, 0x0000000100000000)
  region size 1024K, 23 young (23552K), 0 survivors (0K)
 Metaspace       used 1074K, committed 1216K, reserved 393216K
  class space    used 73K, committed 128K, reserved 327680K
}
Event: 6.865 GC heap after
{Heap after GC invocations=1 (full 0):
 garbage-first heap   total 262144K, used 3912K [0x00000000e0000000, 0x0000000100000000)
  region size 1024K, 3 young (3072K), 3 survivors (3072K)
 Metaspace       used 1074K, committed 1216K, reserved 393216K
  class space    used 73K, committed 128K, reserved 327680K
}
Event: 13.870 GC heap before
{Heap before GC invocations=1 (full 0):
 garbage-first heap   total 262144K, used 39752K [0x00000000e0000000, 0x0000000100000000)
  region size 1024K, 35 young (35840K), 3 survivors (3072K)
 Metaspace       used 4384K, committed 4544K, reserved 393216K
  class space    used 547K, committed 640K, reserved 327680K
}
Event: 13.875 GC heap after
{Heap after GC invocations=2 (full 0):
 garbage-first heap   total 262144K, used 11258K [0x00000000e0000000, 0x0000000100000000)
  region size 1024K, 4 young (4096K), 4 survivors (4096K)
 Metaspace       used 4384K, committed 4544K, reserved 393216K
  class space    used 547K, committed 640K, reserved 327680K
}
Event: 19.251 GC heap before
{Heap before GC invocations=2 (full 0):
 garbage-first heap   total 262144K, used 58362K [0x00000000e0000000, 0x0000000100000000)
  region size 1024K, 48 young (49152K), 4 survivors (4096K)
 Metaspace       used 4802K, committed 4992K, reserved 393216K
  class space    used 622K, committed 704K, reserved 327680K
}
Event: 19.257 GC heap after
{Heap after GC invocations=3 (full 0):
 garbage-first heap   total 262144K, used 16741K [0x00000000e0000000, 0x0000000100000000)
  region size 1024K, 5 young (5120K), 5 survivors (5120K)
 Metaspace       used 4802K, committed 4992K, reserved 393216K
  class space    used 622K, committed 704K, reserved 327680K
}
Event: 39.581 GC heap before
{Heap before GC invocations=3 (full 0):
 garbage-first heap   total 262144K, used 125285K [0x00000000e0000000, 0x0000000100000000)
  region size 1024K, 112 young (114688K), 5 survivors (5120K)
 Metaspace       used 21151K, committed 21504K, reserved 393216K
  class space    used 3095K, committed 3264K, reserved 327680K
}
Event: 39.625 GC heap after
{Heap after GC invocations=4 (full 0):
 garbage-first heap   total 262144K, used 24064K [0x00000000e0000000, 0x0000000100000000)
  region size 1024K, 12 young (12288K), 12 survivors (12288K)
 Metaspace       used 21151K, committed 21504K, reserved 393216K
  class space    used 3095K, committed 3264K, reserved 327680K
}

Deoptimization events (20 events):
Event: 88.873 Thread 0x00000208fa725dc0 Uncommon trap: trap_request=0xffffffc6 fr.pc=0x0000020887cbfb40 relative=0x0000000000005c60
Event: 88.873 Thread 0x00000208fa725dc0 Uncommon trap: reason=bimorphic_or_optimized_type_check action=maybe_recompile pc=0x0000020887cbfb40 method=java.lang.ClassLoader.loadClass(Ljava/lang/String;Z)Ljava/lang/Class; @ 69 c2
Event: 88.873 Thread 0x00000208fa725dc0 DEOPT PACKING pc=0x0000020887cbfb40 sp=0x000000a178cf8fc0
Event: 88.874 Thread 0x00000208fa725dc0 DEOPT UNPACKING pc=0x0000020887585ba3 sp=0x000000a178cf9040 mode 2
Event: 89.908 Thread 0x00000208fa725dc0 Uncommon trap: trap_request=0xffffffde fr.pc=0x0000020887d294e0 relative=0x0000000000000380
Event: 89.908 Thread 0x00000208fa725dc0 Uncommon trap: reason=class_check action=maybe_recompile pc=0x0000020887d294e0 method=java.util.regex.Pattern$Start.match(Ljava/util/regex/Matcher;ILjava/lang/CharSequence;)Z @ 44 c2
Event: 89.908 Thread 0x00000208fa725dc0 DEOPT PACKING pc=0x0000020887d294e0 sp=0x000000a178cf9450
Event: 89.908 Thread 0x00000208fa725dc0 DEOPT UNPACKING pc=0x0000020887585ba3 sp=0x000000a178cf9318 mode 2
Event: 89.909 Thread 0x00000208fa725dc0 Uncommon trap: trap_request=0xffffffde fr.pc=0x0000020887d294e0 relative=0x0000000000000380
Event: 89.909 Thread 0x00000208fa725dc0 Uncommon trap: reason=class_check action=maybe_recompile pc=0x0000020887d294e0 method=java.util.regex.Pattern$Start.match(Ljava/util/regex/Matcher;ILjava/lang/CharSequence;)Z @ 44 c2
Event: 89.909 Thread 0x00000208fa725dc0 DEOPT PACKING pc=0x0000020887d294e0 sp=0x000000a178cf9450
Event: 89.909 Thread 0x00000208fa725dc0 DEOPT UNPACKING pc=0x0000020887585ba3 sp=0x000000a178cf9318 mode 2
Event: 89.909 Thread 0x00000208fa725dc0 Uncommon trap: trap_request=0xffffffde fr.pc=0x0000020887d21c14 relative=0x0000000000000354
Event: 89.909 Thread 0x00000208fa725dc0 Uncommon trap: reason=class_check action=maybe_recompile pc=0x0000020887d21c14 method=java.util.regex.Pattern$Start.match(Ljava/util/regex/Matcher;ILjava/lang/CharSequence;)Z @ 44 c2
Event: 89.910 Thread 0x00000208fa725dc0 DEOPT PACKING pc=0x0000020887d21c14 sp=0x000000a178cf93e0
Event: 89.910 Thread 0x00000208fa725dc0 DEOPT UNPACKING pc=0x0000020887585ba3 sp=0x000000a178cf9320 mode 2
Event: 89.910 Thread 0x00000208fa725dc0 Uncommon trap: trap_request=0xffffffde fr.pc=0x0000020887d23564 relative=0x0000000000000224
Event: 89.910 Thread 0x00000208fa725dc0 Uncommon trap: reason=class_check action=maybe_recompile pc=0x0000020887d23564 method=java.util.regex.Pattern$Start.match(Ljava/util/regex/Matcher;ILjava/lang/CharSequence;)Z @ 44 c2
Event: 89.910 Thread 0x00000208fa725dc0 DEOPT PACKING pc=0x0000020887d23564 sp=0x000000a178cf9360
Event: 89.910 Thread 0x00000208fa725dc0 DEOPT UNPACKING pc=0x0000020887585ba3 sp=0x000000a178cf9320 mode 2

Classes unloaded (0 events):
No events

Classes redefined (0 events):
No events

Internal exceptions (20 events):
Event: 87.087 Thread 0x00000208fa725dc0 Exception <a 'java/lang/ClassNotFoundException'{0x00000000eb10f300}: org/gradle/groovy/scripts/BasicScriptCustomizer> (0x00000000eb10f300) 
thrown [s\open\src\hotspot\share\classfile\systemDictionary.cpp, line 256]
Event: 87.091 Thread 0x00000208fa725dc0 Exception <a 'java/lang/ClassNotFoundException'{0x00000000eb125a28}: org/gradle/groovy/scripts/DefaultScriptCustomizer> (0x00000000eb125a28) 
thrown [s\open\src\hotspot\share\classfile\systemDictionary.cpp, line 256]
Event: 87.686 Thread 0x00000208fa725dc0 Exception <a 'java/lang/ClassNotFoundException'{0x00000000eb16ba60}: org/gradle/initialization/InitScriptCustomizer> (0x00000000eb16ba60) 
thrown [s\open\src\hotspot\share\classfile\systemDictionary.cpp, line 256]
Event: 87.688 Thread 0x00000208fa725dc0 Exception <a 'java/lang/ClassNotFoundException'{0x00000000eb17a660}: ijMapper1_egmgr0dtl0xua7byi2vqz0tqpCustomizer> (0x00000000eb17a660) 
thrown [s\open\src\hotspot\share\classfile\systemDictionary.cpp, line 256]
Event: 88.012 Thread 0x00000208fa725dc0 Exception <a 'java/lang/ClassNotFoundException'{0x00000000eb0535c8}: org/gradle/internal/extensibility/DefaultExtraPropertiesExtensionBeanInfo> (0x00000000eb0535c8) 
thrown [s\open\src\hotspot\share\classfile\systemDictionary.cpp, line 256]
Event: 88.012 Thread 0x00000208fa725dc0 Exception <a 'java/lang/ClassNotFoundException'{0x00000000eb05da30}: org/gradle/internal/extensibility/DefaultExtraPropertiesExtensionCustomizer> (0x00000000eb05da30) 
thrown [s\open\src\hotspot\share\classfile\systemDictionary.cpp, line 256]
Event: 88.238 Thread 0x00000208fa725dc0 Exception <a 'java/lang/NoSuchMethodError'{0x00000000eaf6c6b8}: 'java.lang.Object java.lang.invoke.DirectMethodHandle$Holder.invokeSpecialIFC(java.lang.Object, java.lang.Object, java.lang.Object, java.lang.Object)'> (0x00000000eaf6c6b8) 
thrown [s\open\src\hotspot\share\interpreter\linkResolver.cpp, line 759]
Event: 88.253 Thread 0x00000208fa725dc0 Exception <a 'java/lang/NoSuchMethodError'{0x00000000eae25770}: 'java.lang.Object java.lang.invoke.DirectMethodHandle$Holder.newInvokeSpecial(java.lang.Object, java.lang.Object, java.lang.Object, java.lang.Object, java.lang.Object, java.lang.Object, java.lang.Object, java.lang.Object, java.lang.Object, java.lang.Object)'> (0x00000000eae25770) 
thrown [s\open\src\hotspot\share\interpreter\linkResolver.cpp, line 759]
Event: 88.253 Thread 0x00000208fa725dc0 Exception <a 'java/lang/NoSuchMethodError'{0x00000000eae2a3b0}: 'java.lang.Object java.lang.invoke.Invokers$Holder.linkToTargetMethod(java.lang.Object, java.lang.Object, java.lang.Object, java.lang.Object, java.lang.Object, java.lang.Object, java.lang.Object, java.lang.Object, java.lang.Object, java.lang.Object)'> (0x00000000eae2a3b0) 
thrown [s\open\src\hotspot\share\interpreter\linkResolver.cpp, line 759]
Event: 88.667 Thread 0x00000208fa725dc0 Exception <a 'java/lang/NoSuchMethodError'{0x00000000eadd9450}: 'void java.lang.invoke.Invokers$Holder.invoke_MT(java.lang.Object, java.lang.Object, java.lang.Object, java.lang.Object)'> (0x00000000eadd9450) 
thrown [s\open\src\hotspot\share\interpreter\linkResolver.cpp, line 759]
Event: 88.873 Thread 0x00000208fa725dc0 Exception <a 'java/lang/ClassNotFoundException'{0x00000000eab5aaa0}: org/gradle/invocation/DefaultGradle_DecoratedBeanInfo> (0x00000000eab5aaa0) 
thrown [s\open\src\hotspot\share\classfile\systemDictionary.cpp, line 256]
Event: 88.874 Thread 0x00000208fa725dc0 Exception <a 'java/lang/ClassNotFoundException'{0x00000000eab69588}: org/gradle/invocation/DefaultGradleBeanInfo> (0x00000000eab69588) 
thrown [s\open\src\hotspot\share\classfile\systemDictionary.cpp, line 256]
Event: 88.875 Thread 0x00000208fa725dc0 Exception <a 'java/lang/ClassNotFoundException'{0x00000000eab786e8}: org/gradle/api/internal/project/AbstractPluginAwareBeanInfo> (0x00000000eab786e8) 
thrown [s\open\src\hotspot\share\classfile\systemDictionary.cpp, line 256]
Event: 88.876 Thread 0x00000208fa725dc0 Exception <a 'java/lang/ClassNotFoundException'{0x00000000eab87ae0}: org/gradle/api/internal/project/AbstractPluginAwareCustomizer> (0x00000000eab87ae0) 
thrown [s\open\src\hotspot\share\classfile\systemDictionary.cpp, line 256]
Event: 88.878 Thread 0x00000208fa725dc0 Exception <a 'java/lang/ClassNotFoundException'{0x00000000eab9c200}: org/gradle/invocation/DefaultGradleCustomizer> (0x00000000eab9c200) 
thrown [s\open\src\hotspot\share\classfile\systemDictionary.cpp, line 256]
Event: 88.884 Thread 0x00000208fa725dc0 Exception <a 'java/lang/ClassNotFoundException'{0x00000000eabdd428}: org/gradle/invocation/DefaultGradle_DecoratedCustomizer> (0x00000000eabdd428) 
thrown [s\open\src\hotspot\share\classfile\systemDictionary.cpp, line 256]
Event: 89.899 Thread 0x00000208fa725dc0 Exception <a 'java/lang/ClassNotFoundException'{0x00000000ea7b1428}: groovy/lang/Closure$1BeanInfo> (0x00000000ea7b1428) 
thrown [s\open\src\hotspot\share\classfile\systemDictionary.cpp, line 256]
Event: 89.901 Thread 0x00000208fa725dc0 Exception <a 'java/lang/ClassNotFoundException'{0x00000000ea7cd4f0}: groovy/lang/ClosureBeanInfo> (0x00000000ea7cd4f0) 
thrown [s\open\src\hotspot\share\classfile\systemDictionary.cpp, line 256]
Event: 89.902 Thread 0x00000208fa725dc0 Exception <a 'java/lang/ClassNotFoundException'{0x00000000ea7e94c0}: groovy/lang/ClosureCustomizer> (0x00000000ea7e94c0) 
thrown [s\open\src\hotspot\share\classfile\systemDictionary.cpp, line 256]
Event: 90.023 Thread 0x00000208fa725dc0 Exception <a 'java/lang/ClassNotFoundException'{0x00000000ea629958}: groovy/lang/Closure$1Customizer> (0x00000000ea629958) 
thrown [s\open\src\hotspot\share\classfile\systemDictionary.cpp, line 256]

VM Operations (20 events):
Event: 87.721 Executing VM operation: Cleanup
Event: 87.721 Executing VM operation: Cleanup done
Event: 88.725 Executing VM operation: Cleanup
Event: 88.852 Executing VM operation: Cleanup done
Event: 89.854 Executing VM operation: Cleanup
Event: 89.874 Executing VM operation: Cleanup done
Event: 90.885 Executing VM operation: Cleanup
Event: 91.794 Executing VM operation: Cleanup done
Event: 92.798 Executing VM operation: Cleanup
Event: 92.798 Executing VM operation: Cleanup done
Event: 93.805 Executing VM operation: Cleanup
Event: 93.805 Executing VM operation: Cleanup done
Event: 97.846 Executing VM operation: Cleanup
Event: 97.846 Executing VM operation: Cleanup done
Event: 99.889 Executing VM operation: Cleanup
Event: 99.889 Executing VM operation: Cleanup done
Event: 106.953 Executing VM operation: Cleanup
Event: 106.953 Executing VM operation: Cleanup done
Event: 107.990 Executing VM operation: Cleanup
Event: 107.990 Executing VM operation: Cleanup done

Events (20 events):
Event: 87.336 Thread 0x00000208fb9eaa50 Thread exited: 0x00000208fb9eaa50
Event: 88.050 Thread 0x00000208fb3c98f0 Thread added: 0x00000208fb3c98f0
Event: 88.483 Thread 0x00000208fb3cd5b0 Thread added: 0x00000208fb3cd5b0
Event: 89.099 loading class jdk/internal/reflect/UnsafeObjectFieldAccessorImpl
Event: 89.100 loading class jdk/internal/reflect/UnsafeObjectFieldAccessorImpl done
Event: 89.559 loading class sun/reflect/MagicAccessorImpl
Event: 89.559 loading class sun/reflect/MagicAccessorImpl done
Event: 89.906 loading class sun/reflect/generics/tree/IntSignature
Event: 89.908 loading class sun/reflect/generics/tree/IntSignature done
Event: 89.908 loading class sun/reflect/generics/tree/ArrayTypeSignature
Event: 89.908 loading class sun/reflect/generics/tree/ArrayTypeSignature done
Event: 90.024 loading class com/sun/beans/finder/MethodFinder
Event: 90.024 loading class com/sun/beans/finder/AbstractFinder
Event: 90.024 loading class com/sun/beans/finder/AbstractFinder done
Event: 90.024 loading class com/sun/beans/finder/MethodFinder done
Event: 90.024 loading class com/sun/beans/finder/MethodFinder$1
Event: 90.024 loading class com/sun/beans/finder/MethodFinder$1 done
Event: 90.024 loading class com/sun/beans/finder/FinderUtils
Event: 90.024 loading class com/sun/beans/finder/FinderUtils done
Event: 109.998 Thread 0x00000208fa724e90 Thread exited: 0x00000208fa724e90


Dynamic libraries:
0x00007ff751390000 - 0x00007ff7513a0000 	C:\Program Files\jdk-17.0.12\bin\java.exe
0x00007ffdd27c0000 - 0x00007ffdd2a20000 	C:\WINDOWS\SYSTEM32\ntdll.dll
0x00007ffdd2030000 - 0x00007ffdd20f7000 	C:\WINDOWS\System32\KERNEL32.DLL
0x00007ffdcfff0000 - 0x00007ffdd03ba000 	C:\WINDOWS\System32\KERNELBASE.dll
0x00007ffdcfad0000 - 0x00007ffdcfc1b000 	C:\WINDOWS\System32\ucrtbase.dll
0x00007ffdb5bf0000 - 0x00007ffdb5c09000 	C:\Program Files\jdk-17.0.12\bin\jli.dll
0x00007ffdd1440000 - 0x00007ffdd14f2000 	C:\WINDOWS\System32\ADVAPI32.dll
0x00007ffdd24c0000 - 0x00007ffdd2569000 	C:\WINDOWS\System32\msvcrt.dll
0x00007ffdd25a0000 - 0x00007ffdd2646000 	C:\WINDOWS\System32\sechost.dll
0x00007ffdd2650000 - 0x00007ffdd2766000 	C:\WINDOWS\System32\RPCRT4.dll
0x00007ffdd1110000 - 0x00007ffdd12dc000 	C:\WINDOWS\System32\USER32.dll
0x00007ffdcffc0000 - 0x00007ffdcffe7000 	C:\WINDOWS\System32\win32u.dll
0x00007ffdd2570000 - 0x00007ffdd259a000 	C:\WINDOWS\System32\GDI32.dll
0x00007ffdd0480000 - 0x00007ffdd05b1000 	C:\WINDOWS\System32\gdi32full.dll
0x00007ffdcff10000 - 0x00007ffdcffb3000 	C:\WINDOWS\System32\msvcp_win.dll
0x00007ffdb5bd0000 - 0x00007ffdb5beb000 	C:\Program Files\jdk-17.0.12\bin\VCRUNTIME140.dll
0x00007ffdb22b0000 - 0x00007ffdb2547000 	C:\WINDOWS\WinSxS\amd64_microsoft.windows.common-controls_6595b64144ccf1df_6.0.26100.3624_none_3e086962e3345f24\COMCTL32.dll
0x00007ffdbc810000 - 0x00007ffdbc81b000 	C:\WINDOWS\SYSTEM32\VERSION.dll
0x00007ffdd0720000 - 0x00007ffdd074f000 	C:\WINDOWS\System32\IMM32.DLL
0x00007ffdca460000 - 0x00007ffdca46c000 	C:\Program Files\jdk-17.0.12\bin\vcruntime140_1.dll
0x00007ffda7340000 - 0x00007ffda73ce000 	C:\Program Files\jdk-17.0.12\bin\msvcp140.dll
0x00007ffd6e150000 - 0x00007ffd6ed30000 	C:\Program Files\jdk-17.0.12\bin\server\jvm.dll
0x00007ffdd0760000 - 0x00007ffdd0768000 	C:\WINDOWS\System32\PSAPI.DLL
0x00007ffdca2c0000 - 0x00007ffdca2ca000 	C:\WINDOWS\SYSTEM32\WSOCK32.dll
0x00007ffdd1500000 - 0x00007ffdd1574000 	C:\WINDOWS\System32\WS2_32.dll
0x00007ffdc66e0000 - 0x00007ffdc6716000 	C:\WINDOWS\SYSTEM32\WINMM.dll
0x00007ffdce770000 - 0x00007ffdce78a000 	C:\WINDOWS\SYSTEM32\kernel.appcore.dll
0x00007ffdbbf30000 - 0x00007ffdbbf3a000 	C:\Program Files\jdk-17.0.12\bin\jimage.dll
0x00007ffdccbc0000 - 0x00007ffdcce01000 	C:\WINDOWS\SYSTEM32\DBGHELP.DLL
0x00007ffdd15f0000 - 0x00007ffdd1972000 	C:\WINDOWS\System32\combase.dll
0x00007ffdd2290000 - 0x00007ffdd2366000 	C:\WINDOWS\System32\OLEAUT32.dll
0x00007ffdbb3f0000 - 0x00007ffdbb429000 	C:\WINDOWS\SYSTEM32\dbgcore.DLL
0x00007ffdcfa30000 - 0x00007ffdcfac9000 	C:\WINDOWS\System32\bcryptPrimitives.dll
0x00007ffdbbbc0000 - 0x00007ffdbbbce000 	C:\Program Files\jdk-17.0.12\bin\instrument.dll
0x00007ffdb5ba0000 - 0x00007ffdb5bc5000 	C:\Program Files\jdk-17.0.12\bin\java.dll
0x00007ffda5a50000 - 0x00007ffda5b27000 	C:\Program Files\jdk-17.0.12\bin\jsvml.dll
0x00007ffdd09e0000 - 0x00007ffdd1109000 	C:\WINDOWS\System32\SHELL32.dll
0x00007ffdcfda0000 - 0x00007ffdcff08000 	C:\WINDOWS\System32\wintypes.dll
0x00007ffdcd600000 - 0x00007ffdcde52000 	C:\WINDOWS\SYSTEM32\windows.storage.dll
0x00007ffdd2370000 - 0x00007ffdd245d000 	C:\WINDOWS\System32\SHCORE.dll
0x00007ffdd1580000 - 0x00007ffdd15e4000 	C:\WINDOWS\System32\shlwapi.dll
0x00007ffdcf8b0000 - 0x00007ffdcf8df000 	C:\WINDOWS\SYSTEM32\profapi.dll
0x00007ffdb5b80000 - 0x00007ffdb5b98000 	C:\Program Files\jdk-17.0.12\bin\zip.dll
0x00007ffdb30c0000 - 0x00007ffdb30d9000 	C:\Program Files\jdk-17.0.12\bin\net.dll
0x00007ffdc8c40000 - 0x00007ffdc8d5d000 	C:\WINDOWS\SYSTEM32\WINHTTP.dll
0x00007ffdcec70000 - 0x00007ffdcecda000 	C:\WINDOWS\system32\mswsock.dll
0x00007ffda7fe0000 - 0x00007ffda7ff6000 	C:\Program Files\jdk-17.0.12\bin\nio.dll
0x00007ffdbd870000 - 0x00007ffdbd880000 	C:\Program Files\jdk-17.0.12\bin\verify.dll
0x00007ffda7310000 - 0x00007ffda7337000 	C:\Users\AD\.gradle\native\1def1411415f61bf3af743bc5b6707747c0891f09f0c88961ee8f79bc544acac\windows-amd64\native-platform.dll
0x00007ffd96710000 - 0x00007ffd96788000 	C:\Users\AD\.gradle\native\0.2.6\x86_64-windows-gnu\gradle-fileevents.dll
0x00007ffdb7fe0000 - 0x00007ffdb7fea000 	C:\Program Files\jdk-17.0.12\bin\management.dll
0x00007ffdb6c20000 - 0x00007ffdb6c2b000 	C:\Program Files\jdk-17.0.12\bin\management_ext.dll
0x00007ffdce1d0000 - 0x00007ffdce203000 	C:\WINDOWS\SYSTEM32\IPHLPAPI.DLL
0x00007ffdd2460000 - 0x00007ffdd246a000 	C:\WINDOWS\System32\NSI.dll
0x00007ffdc90e0000 - 0x00007ffdc90ff000 	C:\WINDOWS\SYSTEM32\dhcpcsvc6.DLL
0x00007ffdc90b0000 - 0x00007ffdc90d5000 	C:\WINDOWS\SYSTEM32\dhcpcsvc.DLL
0x00007ffdce270000 - 0x00007ffdce395000 	C:\WINDOWS\SYSTEM32\DNSAPI.dll
0x00007ffdcf020000 - 0x00007ffdcf03c000 	C:\WINDOWS\SYSTEM32\CRYPTSP.dll
0x00007ffdce6d0000 - 0x00007ffdce70a000 	C:\WINDOWS\system32\rsaenh.dll
0x00007ffdced10000 - 0x00007ffdced3b000 	C:\WINDOWS\SYSTEM32\USERENV.dll
0x00007ffdcf880000 - 0x00007ffdcf8a6000 	C:\WINDOWS\SYSTEM32\bcrypt.dll
0x00007ffdceea0000 - 0x00007ffdceeac000 	C:\WINDOWS\SYSTEM32\CRYPTBASE.dll
0x00007ffdbd880000 - 0x00007ffdbd88e000 	C:\Program Files\jdk-17.0.12\bin\sunmscapi.dll
0x00007ffdcfc20000 - 0x00007ffdcfd97000 	C:\WINDOWS\System32\CRYPT32.dll
0x00007ffdcf170000 - 0x00007ffdcf1a0000 	C:\WINDOWS\SYSTEM32\ncrypt.dll
0x00007ffdcf120000 - 0x00007ffdcf15f000 	C:\WINDOWS\SYSTEM32\NTASN1.dll
0x00007ffdbbf70000 - 0x00007ffdbbf78000 	C:\WINDOWS\system32\wshunix.dll

dbghelp: loaded successfully - version: 4.0.5 - missing functions: none
symbol engine: initialized successfully - sym options: 0x614 - pdb path: .;C:\Program Files\jdk-17.0.12\bin;C:\WINDOWS\SYSTEM32;C:\WINDOWS\WinSxS\amd64_microsoft.windows.common-controls_6595b64144ccf1df_6.0.26100.3624_none_3e086962e3345f24;C:\Program Files\jdk-17.0.12\bin\server;C:\Users\AD\.gradle\native\1def1411415f61bf3af743bc5b6707747c0891f09f0c88961ee8f79bc544acac\windows-amd64;C:\Users\AD\.gradle\native\0.2.6\x86_64-windows-gnu

VM Arguments:
jvm_args: --add-opens=java.base/java.lang=ALL-UNNAMED --add-opens=java.base/java.lang.invoke=ALL-UNNAMED --add-opens=java.base/java.util=ALL-UNNAMED --add-opens=java.prefs/java.util.prefs=ALL-UNNAMED --add-exports=jdk.compiler/com.sun.tools.javac.api=ALL-UNNAMED --add-exports=jdk.compiler/com.sun.tools.javac.util=ALL-UNNAMED --add-opens=java.base/java.util=ALL-UNNAMED --add-opens=java.prefs/java.util.prefs=ALL-UNNAMED --add-opens=java.base/java.nio.charset=ALL-UNNAMED --add-opens=java.base/java.net=ALL-UNNAMED --add-opens=java.base/java.util.concurrent.atomic=ALL-UNNAMED --add-opens=java.xml/javax.xml.namespace=ALL-UNNAMED -XX:MaxMetaspaceSize=384m -XX:+HeapDumpOnOutOfMemoryError -Xms256m -Xmx512m -Dfile.encoding=UTF-8 -Duser.country=US -Duser.language=en -Duser.variant -javaagent:C:\Users\AD\.gradle\wrapper\dists\gradle-8.12.1-bin\eumc4uhoysa37zql93vfjkxy0\gradle-8.12.1\lib\agents\gradle-instrumentation-agent-8.12.1.jar 
java_command: org.gradle.launcher.daemon.bootstrap.GradleDaemon 8.12.1
java_class_path (initial): C:\Users\AD\.gradle\wrapper\dists\gradle-8.12.1-bin\eumc4uhoysa37zql93vfjkxy0\gradle-8.12.1\lib\gradle-daemon-main-8.12.1.jar
Launcher Type: SUN_STANDARD

[Global flags]
     intx CICompilerCount                          = 4                                         {product} {ergonomic}
   size_t CompressedClassSpaceSize                 = 335544320                                 {product} {ergonomic}
     uint ConcGCThreads                            = 2                                         {product} {ergonomic}
     uint G1ConcRefinementThreads                  = 8                                         {product} {ergonomic}
   size_t G1HeapRegionSize                         = 1048576                                   {product} {ergonomic}
    uintx GCDrainStackTargetSize                   = 64                                        {product} {ergonomic}
     bool HeapDumpOnOutOfMemoryError               = true                                   {manageable} {command line}
   size_t InitialHeapSize                          = 268435456                                 {product} {command line}
   size_t MarkStackSize                            = 4194304                                   {product} {ergonomic}
   size_t MaxHeapSize                              = 536870912                                 {product} {command line}
   size_t MaxMetaspaceSize                         = 402653184                                 {product} {command line}
   size_t MaxNewSize                               = 321912832                                 {product} {ergonomic}
   size_t MinHeapDeltaBytes                        = 1048576                                   {product} {ergonomic}
   size_t MinHeapSize                              = 268435456                                 {product} {command line}
    uintx NonNMethodCodeHeapSize                   = 5839372                                {pd product} {ergonomic}
    uintx NonProfiledCodeHeapSize                  = 122909434                              {pd product} {ergonomic}
    uintx ProfiledCodeHeapSize                     = 122909434                              {pd product} {ergonomic}
    uintx ReservedCodeCacheSize                    = 251658240                              {pd product} {ergonomic}
     bool SegmentedCodeCache                       = true                                      {product} {ergonomic}
   size_t SoftMaxHeapSize                          = 536870912                              {manageable} {ergonomic}
     bool UseCompressedClassPointers               = true                           {product lp64_product} {ergonomic}
     bool UseCompressedOops                        = true                           {product lp64_product} {ergonomic}
     bool UseG1GC                                  = true                                      {product} {ergonomic}
     bool UseLargePagesIndividualAllocation        = false                                  {pd product} {ergonomic}

Logging:
Log output configuration:
 #0: stdout all=warning uptime,level,tags
 #1: stderr all=off uptime,level,tags

Environment Variables:
JAVA_HOME=C:\Program Files\jdk-17.0.12
PATH=D:\system program files\VM-WARE-NEW\bin\;C:\WINDOWS\system32;C:\WINDOWS;C:\WINDOWS\System32\Wbem;C:\WINDOWS\System32\WindowsPowerShell\v1.0\;C:\WINDOWS\System32\OpenSSH\;C:\Program Files\Git\cmd;C:\Program Files\nodejs\;C:\Program Files\jdk-17.0.12\bin;C:\Program Files\gradle-8.7\bin;C:\Program Files\MongoDB\Server\5.0\bin;;C:\Program Files\Docker\Docker\resources\bin;C:\Program Files\Amazon\AWSCLIV2\;C:\Users\AD\AppData\Local\Programs\Python\Python313\Scripts\;C:\Users\AD\AppData\Local\Programs\Python\Python313\;C:\Users\AD\AppData\Local\Programs\Python\Launcher\;C:\Users\AD\AppData\Local\Microsoft\WindowsApps;;C:\Program Files\JetBrains\IntelliJ IDEA 2024.3.1\bin;;C:\Users\AD\AppData\Roaming\npm;C:\Users\AD\AppData\Local\Programs\Hyper\resources\bin;C:\Users\AD\AppData\Local\Programs\Microsoft VS Code\bin
USERNAME=AD
OS=Windows_NT
PROCESSOR_IDENTIFIER=Intel64 Family 6 Model 140 Stepping 1, GenuineIntel



---------------  S Y S T E M  ---------------

OS:
 Windows 11 , 64 bit Build 26100 (10.0.26100.3775)
OS uptime: 0 days 3:48 hours
Hyper-V role detected

CPU: total 8 (initial active 8) (4 cores per cpu, 2 threads per core) family 6 model 140 stepping 1 microcode 0xb8, cx8, cmov, fxsr, ht, mmx, 3dnowpref, sse, sse2, sse3, ssse3, sse4.1, sse4.2, popcnt, lzcnt, tsc, tscinvbit, avx, avx2, aes, erms, clmul, bmi1, bmi2, adx, avx512f, avx512dq, avx512cd, avx512bw, avx512vl, sha, fma, vzeroupper, avx512_vpopcntdq, avx512_vpclmulqdq, avx512_vaes, avx512_vnni, clflush, clflushopt, clwb, avx512_vbmi2, avx512_vbmi, hv

Memory: 4k page, system-wide physical 16118M (680M free)
TotalPageFile size 46561M (AvailPageFile size 47M)
current process WorkingSet (physical memory assigned to process): 182M, peak: 276M
current process commit charge ("private bytes"): 433M, peak: 446M

vm_info: Java HotSpot(TM) 64-Bit Server VM (17.0.12+8-LTS-286) for windows-amd64 JRE (17.0.12+8-LTS-286), built on Jun  5 2024 06:46:59 by "mach5one" with MS VC++ 17.6 (VS2022)

END.
