#
# There is insufficient memory for the Java Runtime Environment to continue.
# Native memory allocation (malloc) failed to allocate 1491856 bytes for Chunk::new
# Possible reasons:
#   The system is out of physical RAM or swap space
#   The process is running with CompressedOops enabled, and the Java Heap may be blocking the growth of the native heap
# Possible solutions:
#   Reduce memory load on the system
#   Increase physical memory or swap space
#   Check if swap backing store is full
#   Decrease Java heap size (-Xmx/-Xms)
#   Decrease number of Java threads
#   Decrease Java thread stack sizes (-Xss)
#   Set larger code cache with -XX:ReservedCodeCacheSize=
#   JVM is running with Unscaled Compressed Oops mode in which the Java heap is
#     placed in the first 4GB address space. The Java Heap base address is the
#     maximum limit for the native heap growth. Please use -XX:HeapBaseMinAddress
#     to set the Java Heap base and to place the Java Heap above 4GB virtual address.
# This output file may be truncated or incomplete.
#
#  Out of Memory Error (arena.cpp:189), pid=20852, tid=21284
#
# JRE version: Java(TM) SE Runtime Environment (17.0.12+8) (build 17.0.12+8-LTS-286)
# Java VM: Java HotSpot(TM) 64-Bit Server VM (17.0.12+8-LTS-286, mixed mode, sharing, tiered, compressed oops, compressed class ptrs, g1 gc, windows-amd64)
# No core dump will be written. Minidumps are not enabled by default on client versions of Windows
#

---------------  S U M M A R Y ------------

Command Line: --add-opens=java.base/java.lang=ALL-UNNAMED --add-opens=java.base/java.lang.invoke=ALL-UNNAMED --add-opens=java.base/java.util=ALL-UNNAMED --add-opens=java.prefs/java.util.prefs=ALL-UNNAMED --add-exports=jdk.compiler/com.sun.tools.javac.api=ALL-UNNAMED --add-exports=jdk.compiler/com.sun.tools.javac.util=ALL-UNNAMED --add-opens=java.base/java.util=ALL-UNNAMED --add-opens=java.prefs/java.util.prefs=ALL-UNNAMED --add-opens=java.base/java.nio.charset=ALL-UNNAMED --add-opens=java.base/java.net=ALL-UNNAMED --add-opens=java.base/java.util.concurrent.atomic=ALL-UNNAMED --add-opens=java.xml/javax.xml.namespace=ALL-UNNAMED -XX:MaxMetaspaceSize=384m -XX:+HeapDumpOnOutOfMemoryError -Xms256m -Xmx512m -Dfile.encoding=UTF-8 -Duser.country=US -Duser.language=en -Duser.variant -javaagent:C:\Users\AD\.gradle\wrapper\dists\gradle-8.13-bin\5xuhj0ry160q40clulazy9h7d\gradle-8.13\lib\agents\gradle-instrumentation-agent-8.13.jar org.gradle.launcher.daemon.bootstrap.GradleDaemon 8.13

Host: 11th Gen Intel(R) Core(TM) i5-1135G7 @ 2.40GHz, 8 cores, 15G,  Windows 11 , 64 bit Build 26100 (10.0.26100.3775)
Time: Mon Apr 28 12:57:25 2025 SE Asia Standard Time elapsed time: 171.819119 seconds (0d 0h 2m 51s)

---------------  T H R E A D  ---------------

Current thread (0x000001af703f97b0):  JavaThread "C2 CompilerThread0" daemon [_thread_in_native, id=21284, stack(0x00000027f7f00000,0x00000027f8000000)]


Current CompileTask:
C2: 171819 4319 %     4       javax.management.ObjectName::construct @ 86 (1135 bytes)

Stack: [0x00000027f7f00000,0x00000027f8000000]
Native frames: (J=compiled Java code, j=interpreted, Vv=VM code, C=native code)
V  [jvm.dll+0x67a04a]
V  [jvm.dll+0x7da4ed]
V  [jvm.dll+0x7dbe33]
V  [jvm.dll+0x7dc4a3]
V  [jvm.dll+0x24508f]
V  [jvm.dll+0xab773]
V  [jvm.dll+0xabd3c]
V  [jvm.dll+0x361b9f]
V  [jvm.dll+0x32c431]
V  [jvm.dll+0x32b8ca]
V  [jvm.dll+0x21683f]
V  [jvm.dll+0x215c6f]
V  [jvm.dll+0x1a2960]
V  [jvm.dll+0x22610b]
V  [jvm.dll+0x2242ab]
V  [jvm.dll+0x79075c]
V  [jvm.dll+0x78abea]
V  [jvm.dll+0x678f35]
C  [ucrtbase.dll+0x37b0]
C  [KERNEL32.DLL+0x2e8d7]
C  [ntdll.dll+0xb14fc]


---------------  P R O C E S S  ---------------

Threads class SMR info:
_java_thread_list=0x000001af77b60a00, length=35, elements={
0x000001af55ae8d90, 0x000001af703e2e20, 0x000001af703e4460, 0x000001af703f4f80,
0x000001af703f5950, 0x000001af703f8230, 0x000001af703f8b00, 0x000001af703f97b0,
0x000001af703fc3c0, 0x000001af70401ad0, 0x000001af70617fb0, 0x000001af706f6c60,
0x000001af70800970, 0x000001af765723f0, 0x000001af7089a200, 0x000001af768deb20,
0x000001af751874e0, 0x000001af7518a270, 0x000001af751879f0, 0x000001af7518a780,
0x000001af75187f00, 0x000001af75188410, 0x000001af75188920, 0x000001af75189340,
0x000001af7518ac90, 0x000001af75188e30, 0x000001af75189d60, 0x000001af75e07df0,
0x000001af75e073d0, 0x000001af75e08300, 0x000001af75e06ec0, 0x000001af75e08810,
0x000001af75e05f90, 0x000001af75e078e0, 0x000001af75e08d20
}

Java Threads: ( => current thread )
  0x000001af55ae8d90 JavaThread "main" [_thread_blocked, id=21424, stack(0x00000027f7200000,0x00000027f7300000)]
  0x000001af703e2e20 JavaThread "Reference Handler" daemon [_thread_blocked, id=21264, stack(0x00000027f7900000,0x00000027f7a00000)]
  0x000001af703e4460 JavaThread "Finalizer" daemon [_thread_blocked, id=21060, stack(0x00000027f7a00000,0x00000027f7b00000)]
  0x000001af703f4f80 JavaThread "Signal Dispatcher" daemon [_thread_blocked, id=17136, stack(0x00000027f7b00000,0x00000027f7c00000)]
  0x000001af703f5950 JavaThread "Attach Listener" daemon [_thread_blocked, id=20848, stack(0x00000027f7c00000,0x00000027f7d00000)]
  0x000001af703f8230 JavaThread "Service Thread" daemon [_thread_blocked, id=7360, stack(0x00000027f7d00000,0x00000027f7e00000)]
  0x000001af703f8b00 JavaThread "Monitor Deflation Thread" daemon [_thread_blocked, id=9604, stack(0x00000027f7e00000,0x00000027f7f00000)]
=>0x000001af703f97b0 JavaThread "C2 CompilerThread0" daemon [_thread_in_native, id=21284, stack(0x00000027f7f00000,0x00000027f8000000)]
  0x000001af703fc3c0 JavaThread "C1 CompilerThread0" daemon [_thread_blocked, id=21364, stack(0x00000027f8000000,0x00000027f8100000)]
  0x000001af70401ad0 JavaThread "Sweeper thread" daemon [_thread_blocked, id=21056, stack(0x00000027f8100000,0x00000027f8200000)]
  0x000001af70617fb0 JavaThread "Common-Cleaner" daemon [_thread_blocked, id=5564, stack(0x00000027f8200000,0x00000027f8300000)]
  0x000001af706f6c60 JavaThread "Notification Thread" daemon [_thread_blocked, id=21036, stack(0x00000027f8300000,0x00000027f8400000)]
  0x000001af70800970 JavaThread "Daemon health stats" [_thread_blocked, id=20752, stack(0x00000027f8500000,0x00000027f8600000)]
  0x000001af765723f0 JavaThread "Incoming local TCP Connector on port 54974" [_thread_in_native, id=20940, stack(0x00000027f8600000,0x00000027f8700000)]
  0x000001af7089a200 JavaThread "Daemon periodic checks" [_thread_blocked, id=19932, stack(0x00000027f8d00000,0x00000027f8e00000)]
  0x000001af768deb20 JavaThread "Daemon" [_thread_blocked, id=19024, stack(0x00000027f8e00000,0x00000027f8f00000)]
  0x000001af751874e0 JavaThread "Handler for socket connection from /127.0.0.1:54974 to /127.0.0.1:54975" [_thread_in_native, id=7104, stack(0x00000027f8f00000,0x00000027f9000000)]
  0x000001af7518a270 JavaThread "Cancel handler" [_thread_blocked, id=19884, stack(0x00000027f9000000,0x00000027f9100000)]
  0x000001af751879f0 JavaThread "Daemon worker" [_thread_blocked, id=16180, stack(0x00000027f8c00000,0x00000027f8d00000)]
  0x000001af7518a780 JavaThread "Asynchronous log dispatcher for DefaultDaemonConnection: socket connection from /127.0.0.1:54974 to /127.0.0.1:54975" [_thread_blocked, id=20440, stack(0x00000027f9100000,0x00000027f9200000)]
  0x000001af75187f00 JavaThread "Stdin handler" [_thread_blocked, id=7940, stack(0x00000027f9200000,0x00000027f9300000)]
  0x000001af75188410 JavaThread "Daemon client event forwarder" [_thread_blocked, id=13332, stack(0x00000027f9300000,0x00000027f9400000)]
  0x000001af75188920 JavaThread "Cache worker for journal cache (C:\Users\AD\.gradle\caches\journal-1)" [_thread_blocked, id=21640, stack(0x00000027f9400000,0x00000027f9500000)]
  0x000001af75189340 JavaThread "File lock request listener" [_thread_in_native, id=21644, stack(0x00000027f9500000,0x00000027f9600000)]
  0x000001af7518ac90 JavaThread "File lock release action executor" [_thread_blocked, id=21904, stack(0x00000027f9600000,0x00000027f9700000)]
  0x000001af75188e30 JavaThread "Cache worker for file hash cache (C:\Users\AD\.gradle\caches\8.13\fileHashes)" [_thread_blocked, id=21908, stack(0x00000027f9700000,0x00000027f9800000)]
  0x000001af75189d60 JavaThread "Cache worker for file hash cache (D:\Project\WWW\microservices\Learning-Management-System\reviews_service\.gradle\8.13\fileHashes)" [_thread_blocked, id=16156, stack(0x00000027f6f00000,0x00000027f7000000)]
  0x000001af75e07df0 JavaThread "Cache worker for Build Output Cleanup Cache (D:\Project\WWW\microservices\Learning-Management-System\reviews_service\.gradle\buildOutputCleanup)" [_thread_blocked, id=17360, stack(0x00000027f9800000,0x00000027f9900000)]
  0x000001af75e073d0 JavaThread "File watcher server" daemon [_thread_in_native, id=10036, stack(0x00000027f9e00000,0x00000027f9f00000)]
  0x000001af75e08300 JavaThread "File watcher consumer" daemon [_thread_blocked, id=21436, stack(0x00000027f9f00000,0x00000027fa000000)]
  0x000001af75e06ec0 JavaThread "jar transforms" [_thread_blocked, id=23704, stack(0x00000027f7000000,0x00000027f7100000)]
  0x000001af75e08810 JavaThread "jar transforms Thread 2" [_thread_blocked, id=26292, stack(0x00000027f7100000,0x00000027f7200000)]
  0x000001af75e05f90 JavaThread "Cache worker for checksums cache (D:\Project\WWW\microservices\Learning-Management-System\reviews_service\.gradle\8.13\checksums)" [_thread_blocked, id=27776, stack(0x00000027fa000000,0x00000027fa100000)]
  0x000001af75e078e0 JavaThread "Cache worker for file content cache (C:\Users\AD\.gradle\caches\8.13\fileContent)" [_thread_blocked, id=28160, stack(0x00000027fa100000,0x00000027fa200000)]
  0x000001af75e08d20 JavaThread "Daemon Thread 3" [_thread_blocked, id=17448, stack(0x00000027f9c00000,0x00000027f9d00000)]

Other Threads:
  0x000001af703dd4b0 VMThread "VM Thread" [stack: 0x00000027f7800000,0x00000027f7900000] [id=20600]
  0x000001af706e15b0 WatcherThread [stack: 0x00000027f8400000,0x00000027f8500000] [id=21008]
  0x000001af55b16ae0 GCTaskThread "GC Thread#0" [stack: 0x00000027f7300000,0x00000027f7400000] [id=21468]
  0x000001af755ad8c0 GCTaskThread "GC Thread#1" [stack: 0x00000027f8700000,0x00000027f8800000] [id=21348]
  0x000001af753c1dd0 GCTaskThread "GC Thread#2" [stack: 0x00000027f8800000,0x00000027f8900000] [id=20512]
  0x000001af753c2090 GCTaskThread "GC Thread#3" [stack: 0x00000027f8900000,0x00000027f8a00000] [id=6064]
  0x000001af75605c10 GCTaskThread "GC Thread#4" [stack: 0x00000027f8a00000,0x00000027f8b00000] [id=17144]
  0x000001af75605ed0 GCTaskThread "GC Thread#5" [stack: 0x00000027f8b00000,0x00000027f8c00000] [id=17588]
  0x000001af774144f0 GCTaskThread "GC Thread#6" [stack: 0x00000027f9900000,0x00000027f9a00000] [id=13552]
  0x000001af77769770 GCTaskThread "GC Thread#7" [stack: 0x00000027f9a00000,0x00000027f9b00000] [id=19528]
  0x000001af55b17910 ConcurrentGCThread "G1 Main Marker" [stack: 0x00000027f7400000,0x00000027f7500000] [id=21472]
  0x000001af5392e230 ConcurrentGCThread "G1 Conc#0" [stack: 0x00000027f7500000,0x00000027f7600000] [id=17536]
  0x000001af777551b0 ConcurrentGCThread "G1 Conc#1" [stack: 0x00000027f9b00000,0x00000027f9c00000] [id=20836]
  0x000001af702944e0 ConcurrentGCThread "G1 Refine#0" [stack: 0x00000027f7600000,0x00000027f7700000] [id=20256]
  0x000001af70294d20 ConcurrentGCThread "G1 Service" [stack: 0x00000027f7700000,0x00000027f7800000] [id=17504]

Threads with active compile tasks:
C2 CompilerThread0   171862 4319 %     4       javax.management.ObjectName::construct @ 86 (1135 bytes)

VM state: not at safepoint (normal execution)

VM Mutex/Monitor currently owned by a thread: None

Heap address: 0x00000000e0000000, size: 512 MB, Compressed Oops mode: 32-bit

CDS archive(s) mapped at: [0x000001af00000000-0x000001af00bd0000-0x000001af00bd0000), size 12386304, SharedBaseAddress: 0x000001af00000000, ArchiveRelocationMode: 1.
Compressed class space mapped at: 0x000001af01000000-0x000001af15000000, reserved size: 335544320
Narrow klass base: 0x000001af00000000, Narrow klass shift: 0, Narrow klass range: 0x100000000

GC Precious Log:
 CPUs: 8 total, 8 available
 Memory: 16118M
 Large Page Support: Disabled
 NUMA Support: Disabled
 Compressed Oops: Enabled (32-bit)
 Heap Region Size: 1M
 Heap Min Capacity: 256M
 Heap Initial Capacity: 256M
 Heap Max Capacity: 512M
 Pre-touch: Disabled
 Parallel Workers: 8
 Concurrent Workers: 2
 Concurrent Refinement Workers: 8
 Periodic GC: Disabled

Heap:
 garbage-first heap   total 262144K, used 128164K [0x00000000e0000000, 0x0000000100000000)
  region size 1024K, 114 young (116736K), 15 survivors (15360K)
 Metaspace       used 33367K, committed 33792K, reserved 393216K
  class space    used 4570K, committed 4800K, reserved 327680K

Heap Regions: E=young(eden), S=young(survivor), O=old, HS=humongous(starts), HC=humongous(continues), CS=collection set, F=free, OA=open archive, CA=closed archive, TAMS=top-at-mark-start (previous, next)
|   0|0x00000000e0000000, 0x00000000e0100000, 0x00000000e0100000|100%|HS|  |TAMS 0x00000000e0100000, 0x00000000e0000000| Complete 
|   1|0x00000000e0100000, 0x00000000e0200000, 0x00000000e0200000|100%|HC|  |TAMS 0x00000000e0200000, 0x00000000e0100000| Complete 
|   2|0x00000000e0200000, 0x00000000e0300000, 0x00000000e0300000|100%|HC|  |TAMS 0x00000000e0300000, 0x00000000e0200000| Complete 
|   3|0x00000000e0300000, 0x00000000e0400000, 0x00000000e0400000|100%| O|  |TAMS 0x00000000e0400000, 0x00000000e0300000| Untracked 
|   4|0x00000000e0400000, 0x00000000e0500000, 0x00000000e0500000|100%| O|  |TAMS 0x00000000e0500000, 0x00000000e0400000| Untracked 
|   5|0x00000000e0500000, 0x00000000e0600000, 0x00000000e0600000|100%| O|  |TAMS 0x00000000e0600000, 0x00000000e0500000| Untracked 
|   6|0x00000000e0600000, 0x00000000e0700000, 0x00000000e0700000|100%|HS|  |TAMS 0x00000000e0700000, 0x00000000e0600000| Complete 
|   7|0x00000000e0700000, 0x00000000e0800000, 0x00000000e0800000|100%|HS|  |TAMS 0x00000000e0700000, 0x00000000e0700000| Complete 
|   8|0x00000000e0800000, 0x00000000e0900000, 0x00000000e0900000|100%| O|  |TAMS 0x00000000e0900000, 0x00000000e0800000| Untracked 
|   9|0x00000000e0900000, 0x00000000e09ca400, 0x00000000e0a00000| 79%| O|  |TAMS 0x00000000e09ca400, 0x00000000e0900000| Untracked 
|  10|0x00000000e0a00000, 0x00000000e0b00000, 0x00000000e0b00000|100%|HS|  |TAMS 0x00000000e0a00000, 0x00000000e0a00000| Complete 
|  11|0x00000000e0b00000, 0x00000000e0c00000, 0x00000000e0c00000|100%|HC|  |TAMS 0x00000000e0b00000, 0x00000000e0b00000| Complete 
|  12|0x00000000e0c00000, 0x00000000e0d00000, 0x00000000e0d00000|100%|HS|  |TAMS 0x00000000e0c00000, 0x00000000e0c00000| Complete 
|  13|0x00000000e0d00000, 0x00000000e0e00000, 0x00000000e0e00000|100%|HC|  |TAMS 0x00000000e0d00000, 0x00000000e0d00000| Complete 
|  14|0x00000000e0e00000, 0x00000000e0e00000, 0x00000000e0f00000|  0%| F|  |TAMS 0x00000000e0e00000, 0x00000000e0e00000| Untracked 
|  15|0x00000000e0f00000, 0x00000000e0f00000, 0x00000000e1000000|  0%| F|  |TAMS 0x00000000e0f00000, 0x00000000e0f00000| Untracked 
|  16|0x00000000e1000000, 0x00000000e1000000, 0x00000000e1100000|  0%| F|  |TAMS 0x00000000e1000000, 0x00000000e1000000| Untracked 
|  17|0x00000000e1100000, 0x00000000e1100000, 0x00000000e1200000|  0%| F|  |TAMS 0x00000000e1100000, 0x00000000e1100000| Untracked 
|  18|0x00000000e1200000, 0x00000000e1200000, 0x00000000e1300000|  0%| F|  |TAMS 0x00000000e1200000, 0x00000000e1200000| Untracked 
|  19|0x00000000e1300000, 0x00000000e1300000, 0x00000000e1400000|  0%| F|  |TAMS 0x00000000e1300000, 0x00000000e1300000| Untracked 
|  20|0x00000000e1400000, 0x00000000e1400000, 0x00000000e1500000|  0%| F|  |TAMS 0x00000000e1400000, 0x00000000e1400000| Untracked 
|  21|0x00000000e1500000, 0x00000000e1500000, 0x00000000e1600000|  0%| F|  |TAMS 0x00000000e1500000, 0x00000000e1500000| Untracked 
|  22|0x00000000e1600000, 0x00000000e1600000, 0x00000000e1700000|  0%| F|  |TAMS 0x00000000e1600000, 0x00000000e1600000| Untracked 
|  23|0x00000000e1700000, 0x00000000e1700000, 0x00000000e1800000|  0%| F|  |TAMS 0x00000000e1700000, 0x00000000e1700000| Untracked 
|  24|0x00000000e1800000, 0x00000000e1800000, 0x00000000e1900000|  0%| F|  |TAMS 0x00000000e1800000, 0x00000000e1800000| Untracked 
|  25|0x00000000e1900000, 0x00000000e1900000, 0x00000000e1a00000|  0%| F|  |TAMS 0x00000000e1900000, 0x00000000e1900000| Untracked 
|  26|0x00000000e1a00000, 0x00000000e1a00000, 0x00000000e1b00000|  0%| F|  |TAMS 0x00000000e1a00000, 0x00000000e1a00000| Untracked 
|  27|0x00000000e1b00000, 0x00000000e1b00000, 0x00000000e1c00000|  0%| F|  |TAMS 0x00000000e1b00000, 0x00000000e1b00000| Untracked 
|  28|0x00000000e1c00000, 0x00000000e1c00000, 0x00000000e1d00000|  0%| F|  |TAMS 0x00000000e1c00000, 0x00000000e1c00000| Untracked 
|  29|0x00000000e1d00000, 0x00000000e1d00000, 0x00000000e1e00000|  0%| F|  |TAMS 0x00000000e1d00000, 0x00000000e1d00000| Untracked 
|  30|0x00000000e1e00000, 0x00000000e1e00000, 0x00000000e1f00000|  0%| F|  |TAMS 0x00000000e1e00000, 0x00000000e1e00000| Untracked 
|  31|0x00000000e1f00000, 0x00000000e1f00000, 0x00000000e2000000|  0%| F|  |TAMS 0x00000000e1f00000, 0x00000000e1f00000| Untracked 
|  32|0x00000000e2000000, 0x00000000e2000000, 0x00000000e2100000|  0%| F|  |TAMS 0x00000000e2000000, 0x00000000e2000000| Untracked 
|  33|0x00000000e2100000, 0x00000000e2100000, 0x00000000e2200000|  0%| F|  |TAMS 0x00000000e2100000, 0x00000000e2100000| Untracked 
|  34|0x00000000e2200000, 0x00000000e2200000, 0x00000000e2300000|  0%| F|  |TAMS 0x00000000e2200000, 0x00000000e2200000| Untracked 
|  35|0x00000000e2300000, 0x00000000e2300000, 0x00000000e2400000|  0%| F|  |TAMS 0x00000000e2300000, 0x00000000e2300000| Untracked 
|  36|0x00000000e2400000, 0x00000000e2400000, 0x00000000e2500000|  0%| F|  |TAMS 0x00000000e2400000, 0x00000000e2400000| Untracked 
|  37|0x00000000e2500000, 0x00000000e2500000, 0x00000000e2600000|  0%| F|  |TAMS 0x00000000e2500000, 0x00000000e2500000| Untracked 
|  38|0x00000000e2600000, 0x00000000e2600000, 0x00000000e2700000|  0%| F|  |TAMS 0x00000000e2600000, 0x00000000e2600000| Untracked 
|  39|0x00000000e2700000, 0x00000000e2700000, 0x00000000e2800000|  0%| F|  |TAMS 0x00000000e2700000, 0x00000000e2700000| Untracked 
|  40|0x00000000e2800000, 0x00000000e2800000, 0x00000000e2900000|  0%| F|  |TAMS 0x00000000e2800000, 0x00000000e2800000| Untracked 
|  41|0x00000000e2900000, 0x00000000e2900000, 0x00000000e2a00000|  0%| F|  |TAMS 0x00000000e2900000, 0x00000000e2900000| Untracked 
|  42|0x00000000e2a00000, 0x00000000e2a00000, 0x00000000e2b00000|  0%| F|  |TAMS 0x00000000e2a00000, 0x00000000e2a00000| Untracked 
|  43|0x00000000e2b00000, 0x00000000e2b00000, 0x00000000e2c00000|  0%| F|  |TAMS 0x00000000e2b00000, 0x00000000e2b00000| Untracked 
|  44|0x00000000e2c00000, 0x00000000e2c00000, 0x00000000e2d00000|  0%| F|  |TAMS 0x00000000e2c00000, 0x00000000e2c00000| Untracked 
|  45|0x00000000e2d00000, 0x00000000e2d00000, 0x00000000e2e00000|  0%| F|  |TAMS 0x00000000e2d00000, 0x00000000e2d00000| Untracked 
|  46|0x00000000e2e00000, 0x00000000e2e00000, 0x00000000e2f00000|  0%| F|  |TAMS 0x00000000e2e00000, 0x00000000e2e00000| Untracked 
|  47|0x00000000e2f00000, 0x00000000e2f00000, 0x00000000e3000000|  0%| F|  |TAMS 0x00000000e2f00000, 0x00000000e2f00000| Untracked 
|  48|0x00000000e3000000, 0x00000000e3000000, 0x00000000e3100000|  0%| F|  |TAMS 0x00000000e3000000, 0x00000000e3000000| Untracked 
|  49|0x00000000e3100000, 0x00000000e3100000, 0x00000000e3200000|  0%| F|  |TAMS 0x00000000e3100000, 0x00000000e3100000| Untracked 
|  50|0x00000000e3200000, 0x00000000e3200000, 0x00000000e3300000|  0%| F|  |TAMS 0x00000000e3200000, 0x00000000e3200000| Untracked 
|  51|0x00000000e3300000, 0x00000000e3300000, 0x00000000e3400000|  0%| F|  |TAMS 0x00000000e3300000, 0x00000000e3300000| Untracked 
|  52|0x00000000e3400000, 0x00000000e3400000, 0x00000000e3500000|  0%| F|  |TAMS 0x00000000e3400000, 0x00000000e3400000| Untracked 
|  53|0x00000000e3500000, 0x00000000e3500000, 0x00000000e3600000|  0%| F|  |TAMS 0x00000000e3500000, 0x00000000e3500000| Untracked 
|  54|0x00000000e3600000, 0x00000000e3600000, 0x00000000e3700000|  0%| F|  |TAMS 0x00000000e3600000, 0x00000000e3600000| Untracked 
|  55|0x00000000e3700000, 0x00000000e3700000, 0x00000000e3800000|  0%| F|  |TAMS 0x00000000e3700000, 0x00000000e3700000| Untracked 
|  56|0x00000000e3800000, 0x00000000e3800000, 0x00000000e3900000|  0%| F|  |TAMS 0x00000000e3800000, 0x00000000e3800000| Untracked 
|  57|0x00000000e3900000, 0x00000000e3900000, 0x00000000e3a00000|  0%| F|  |TAMS 0x00000000e3900000, 0x00000000e3900000| Untracked 
|  58|0x00000000e3a00000, 0x00000000e3a00000, 0x00000000e3b00000|  0%| F|  |TAMS 0x00000000e3a00000, 0x00000000e3a00000| Untracked 
|  59|0x00000000e3b00000, 0x00000000e3b00000, 0x00000000e3c00000|  0%| F|  |TAMS 0x00000000e3b00000, 0x00000000e3b00000| Untracked 
|  60|0x00000000e3c00000, 0x00000000e3c00000, 0x00000000e3d00000|  0%| F|  |TAMS 0x00000000e3c00000, 0x00000000e3c00000| Untracked 
|  61|0x00000000e3d00000, 0x00000000e3d00000, 0x00000000e3e00000|  0%| F|  |TAMS 0x00000000e3d00000, 0x00000000e3d00000| Untracked 
|  62|0x00000000e3e00000, 0x00000000e3e00000, 0x00000000e3f00000|  0%| F|  |TAMS 0x00000000e3e00000, 0x00000000e3e00000| Untracked 
|  63|0x00000000e3f00000, 0x00000000e3f00000, 0x00000000e4000000|  0%| F|  |TAMS 0x00000000e3f00000, 0x00000000e3f00000| Untracked 
|  64|0x00000000e4000000, 0x00000000e4000000, 0x00000000e4100000|  0%| F|  |TAMS 0x00000000e4000000, 0x00000000e4000000| Untracked 
|  65|0x00000000e4100000, 0x00000000e4100000, 0x00000000e4200000|  0%| F|  |TAMS 0x00000000e4100000, 0x00000000e4100000| Untracked 
|  66|0x00000000e4200000, 0x00000000e4200000, 0x00000000e4300000|  0%| F|  |TAMS 0x00000000e4200000, 0x00000000e4200000| Untracked 
|  67|0x00000000e4300000, 0x00000000e4300000, 0x00000000e4400000|  0%| F|  |TAMS 0x00000000e4300000, 0x00000000e4300000| Untracked 
|  68|0x00000000e4400000, 0x00000000e4400000, 0x00000000e4500000|  0%| F|  |TAMS 0x00000000e4400000, 0x00000000e4400000| Untracked 
|  69|0x00000000e4500000, 0x00000000e4500000, 0x00000000e4600000|  0%| F|  |TAMS 0x00000000e4500000, 0x00000000e4500000| Untracked 
|  70|0x00000000e4600000, 0x00000000e4600000, 0x00000000e4700000|  0%| F|  |TAMS 0x00000000e4600000, 0x00000000e4600000| Untracked 
|  71|0x00000000e4700000, 0x00000000e4700000, 0x00000000e4800000|  0%| F|  |TAMS 0x00000000e4700000, 0x00000000e4700000| Untracked 
|  72|0x00000000e4800000, 0x00000000e4800000, 0x00000000e4900000|  0%| F|  |TAMS 0x00000000e4800000, 0x00000000e4800000| Untracked 
|  73|0x00000000e4900000, 0x00000000e4900000, 0x00000000e4a00000|  0%| F|  |TAMS 0x00000000e4900000, 0x00000000e4900000| Untracked 
|  74|0x00000000e4a00000, 0x00000000e4a00000, 0x00000000e4b00000|  0%| F|  |TAMS 0x00000000e4a00000, 0x00000000e4a00000| Untracked 
|  75|0x00000000e4b00000, 0x00000000e4b00000, 0x00000000e4c00000|  0%| F|  |TAMS 0x00000000e4b00000, 0x00000000e4b00000| Untracked 
|  76|0x00000000e4c00000, 0x00000000e4c00000, 0x00000000e4d00000|  0%| F|  |TAMS 0x00000000e4c00000, 0x00000000e4c00000| Untracked 
|  77|0x00000000e4d00000, 0x00000000e4d00000, 0x00000000e4e00000|  0%| F|  |TAMS 0x00000000e4d00000, 0x00000000e4d00000| Untracked 
|  78|0x00000000e4e00000, 0x00000000e4e00000, 0x00000000e4f00000|  0%| F|  |TAMS 0x00000000e4e00000, 0x00000000e4e00000| Untracked 
|  79|0x00000000e4f00000, 0x00000000e4f00000, 0x00000000e5000000|  0%| F|  |TAMS 0x00000000e4f00000, 0x00000000e4f00000| Untracked 
|  80|0x00000000e5000000, 0x00000000e5000000, 0x00000000e5100000|  0%| F|  |TAMS 0x00000000e5000000, 0x00000000e5000000| Untracked 
|  81|0x00000000e5100000, 0x00000000e5100000, 0x00000000e5200000|  0%| F|  |TAMS 0x00000000e5100000, 0x00000000e5100000| Untracked 
|  82|0x00000000e5200000, 0x00000000e5200000, 0x00000000e5300000|  0%| F|  |TAMS 0x00000000e5200000, 0x00000000e5200000| Untracked 
|  83|0x00000000e5300000, 0x00000000e5300000, 0x00000000e5400000|  0%| F|  |TAMS 0x00000000e5300000, 0x00000000e5300000| Untracked 
|  84|0x00000000e5400000, 0x00000000e5400000, 0x00000000e5500000|  0%| F|  |TAMS 0x00000000e5400000, 0x00000000e5400000| Untracked 
|  85|0x00000000e5500000, 0x00000000e5500000, 0x00000000e5600000|  0%| F|  |TAMS 0x00000000e5500000, 0x00000000e5500000| Untracked 
|  86|0x00000000e5600000, 0x00000000e5600000, 0x00000000e5700000|  0%| F|  |TAMS 0x00000000e5600000, 0x00000000e5600000| Untracked 
|  87|0x00000000e5700000, 0x00000000e5700000, 0x00000000e5800000|  0%| F|  |TAMS 0x00000000e5700000, 0x00000000e5700000| Untracked 
|  88|0x00000000e5800000, 0x00000000e5800000, 0x00000000e5900000|  0%| F|  |TAMS 0x00000000e5800000, 0x00000000e5800000| Untracked 
|  89|0x00000000e5900000, 0x00000000e5900000, 0x00000000e5a00000|  0%| F|  |TAMS 0x00000000e5900000, 0x00000000e5900000| Untracked 
|  90|0x00000000e5a00000, 0x00000000e5a00000, 0x00000000e5b00000|  0%| F|  |TAMS 0x00000000e5a00000, 0x00000000e5a00000| Untracked 
|  91|0x00000000e5b00000, 0x00000000e5b00000, 0x00000000e5c00000|  0%| F|  |TAMS 0x00000000e5b00000, 0x00000000e5b00000| Untracked 
|  92|0x00000000e5c00000, 0x00000000e5c00000, 0x00000000e5d00000|  0%| F|  |TAMS 0x00000000e5c00000, 0x00000000e5c00000| Untracked 
|  93|0x00000000e5d00000, 0x00000000e5d00000, 0x00000000e5e00000|  0%| F|  |TAMS 0x00000000e5d00000, 0x00000000e5d00000| Untracked 
|  94|0x00000000e5e00000, 0x00000000e5e00000, 0x00000000e5f00000|  0%| F|  |TAMS 0x00000000e5e00000, 0x00000000e5e00000| Untracked 
|  95|0x00000000e5f00000, 0x00000000e5f00000, 0x00000000e6000000|  0%| F|  |TAMS 0x00000000e5f00000, 0x00000000e5f00000| Untracked 
|  96|0x00000000e6000000, 0x00000000e6000000, 0x00000000e6100000|  0%| F|  |TAMS 0x00000000e6000000, 0x00000000e6000000| Untracked 
|  97|0x00000000e6100000, 0x00000000e6100000, 0x00000000e6200000|  0%| F|  |TAMS 0x00000000e6100000, 0x00000000e6100000| Untracked 
|  98|0x00000000e6200000, 0x00000000e6200000, 0x00000000e6300000|  0%| F|  |TAMS 0x00000000e6200000, 0x00000000e6200000| Untracked 
|  99|0x00000000e6300000, 0x00000000e6300000, 0x00000000e6400000|  0%| F|  |TAMS 0x00000000e6300000, 0x00000000e6300000| Untracked 
| 100|0x00000000e6400000, 0x00000000e6400000, 0x00000000e6500000|  0%| F|  |TAMS 0x00000000e6400000, 0x00000000e6400000| Untracked 
| 101|0x00000000e6500000, 0x00000000e6500000, 0x00000000e6600000|  0%| F|  |TAMS 0x00000000e6500000, 0x00000000e6500000| Untracked 
| 102|0x00000000e6600000, 0x00000000e6600000, 0x00000000e6700000|  0%| F|  |TAMS 0x00000000e6600000, 0x00000000e6600000| Untracked 
| 103|0x00000000e6700000, 0x00000000e6700000, 0x00000000e6800000|  0%| F|  |TAMS 0x00000000e6700000, 0x00000000e6700000| Untracked 
| 104|0x00000000e6800000, 0x00000000e6800000, 0x00000000e6900000|  0%| F|  |TAMS 0x00000000e6800000, 0x00000000e6800000| Untracked 
| 105|0x00000000e6900000, 0x00000000e6900000, 0x00000000e6a00000|  0%| F|  |TAMS 0x00000000e6900000, 0x00000000e6900000| Untracked 
| 106|0x00000000e6a00000, 0x00000000e6a00000, 0x00000000e6b00000|  0%| F|  |TAMS 0x00000000e6a00000, 0x00000000e6a00000| Untracked 
| 107|0x00000000e6b00000, 0x00000000e6b00000, 0x00000000e6c00000|  0%| F|  |TAMS 0x00000000e6b00000, 0x00000000e6b00000| Untracked 
| 108|0x00000000e6c00000, 0x00000000e6c00000, 0x00000000e6d00000|  0%| F|  |TAMS 0x00000000e6c00000, 0x00000000e6c00000| Untracked 
| 109|0x00000000e6d00000, 0x00000000e6d00000, 0x00000000e6e00000|  0%| F|  |TAMS 0x00000000e6d00000, 0x00000000e6d00000| Untracked 
| 110|0x00000000e6e00000, 0x00000000e6e00000, 0x00000000e6f00000|  0%| F|  |TAMS 0x00000000e6e00000, 0x00000000e6e00000| Untracked 
| 111|0x00000000e6f00000, 0x00000000e6f00000, 0x00000000e7000000|  0%| F|  |TAMS 0x00000000e6f00000, 0x00000000e6f00000| Untracked 
| 112|0x00000000e7000000, 0x00000000e7000000, 0x00000000e7100000|  0%| F|  |TAMS 0x00000000e7000000, 0x00000000e7000000| Untracked 
| 113|0x00000000e7100000, 0x00000000e7100000, 0x00000000e7200000|  0%| F|  |TAMS 0x00000000e7100000, 0x00000000e7100000| Untracked 
| 114|0x00000000e7200000, 0x00000000e7200000, 0x00000000e7300000|  0%| F|  |TAMS 0x00000000e7200000, 0x00000000e7200000| Untracked 
| 115|0x00000000e7300000, 0x00000000e7300000, 0x00000000e7400000|  0%| F|  |TAMS 0x00000000e7300000, 0x00000000e7300000| Untracked 
| 116|0x00000000e7400000, 0x00000000e7400000, 0x00000000e7500000|  0%| F|  |TAMS 0x00000000e7400000, 0x00000000e7400000| Untracked 
| 117|0x00000000e7500000, 0x00000000e7500000, 0x00000000e7600000|  0%| F|  |TAMS 0x00000000e7500000, 0x00000000e7500000| Untracked 
| 118|0x00000000e7600000, 0x00000000e7600000, 0x00000000e7700000|  0%| F|  |TAMS 0x00000000e7600000, 0x00000000e7600000| Untracked 
| 119|0x00000000e7700000, 0x00000000e7700000, 0x00000000e7800000|  0%| F|  |TAMS 0x00000000e7700000, 0x00000000e7700000| Untracked 
| 120|0x00000000e7800000, 0x00000000e7800000, 0x00000000e7900000|  0%| F|  |TAMS 0x00000000e7800000, 0x00000000e7800000| Untracked 
| 121|0x00000000e7900000, 0x00000000e7900000, 0x00000000e7a00000|  0%| F|  |TAMS 0x00000000e7900000, 0x00000000e7900000| Untracked 
| 122|0x00000000e7a00000, 0x00000000e7a00000, 0x00000000e7b00000|  0%| F|  |TAMS 0x00000000e7a00000, 0x00000000e7a00000| Untracked 
| 123|0x00000000e7b00000, 0x00000000e7b00000, 0x00000000e7c00000|  0%| F|  |TAMS 0x00000000e7b00000, 0x00000000e7b00000| Untracked 
| 124|0x00000000e7c00000, 0x00000000e7c00000, 0x00000000e7d00000|  0%| F|  |TAMS 0x00000000e7c00000, 0x00000000e7c00000| Untracked 
| 125|0x00000000e7d00000, 0x00000000e7d00000, 0x00000000e7e00000|  0%| F|  |TAMS 0x00000000e7d00000, 0x00000000e7d00000| Untracked 
| 126|0x00000000e7e00000, 0x00000000e7e00000, 0x00000000e7f00000|  0%| F|  |TAMS 0x00000000e7e00000, 0x00000000e7e00000| Untracked 
| 127|0x00000000e7f00000, 0x00000000e7f00000, 0x00000000e8000000|  0%| F|  |TAMS 0x00000000e7f00000, 0x00000000e7f00000| Untracked 
| 128|0x00000000e8000000, 0x00000000e8000000, 0x00000000e8100000|  0%| F|  |TAMS 0x00000000e8000000, 0x00000000e8000000| Untracked 
| 129|0x00000000e8100000, 0x00000000e815ef60, 0x00000000e8200000| 37%| S|CS|TAMS 0x00000000e8100000, 0x00000000e8100000| Complete 
| 130|0x00000000e8200000, 0x00000000e8300000, 0x00000000e8300000|100%| S|CS|TAMS 0x00000000e8200000, 0x00000000e8200000| Complete 
| 131|0x00000000e8300000, 0x00000000e8400000, 0x00000000e8400000|100%| S|CS|TAMS 0x00000000e8300000, 0x00000000e8300000| Complete 
| 132|0x00000000e8400000, 0x00000000e8500000, 0x00000000e8500000|100%| S|CS|TAMS 0x00000000e8400000, 0x00000000e8400000| Complete 
| 133|0x00000000e8500000, 0x00000000e8600000, 0x00000000e8600000|100%| S|CS|TAMS 0x00000000e8500000, 0x00000000e8500000| Complete 
| 134|0x00000000e8600000, 0x00000000e8700000, 0x00000000e8700000|100%| S|CS|TAMS 0x00000000e8600000, 0x00000000e8600000| Complete 
| 135|0x00000000e8700000, 0x00000000e8800000, 0x00000000e8800000|100%| S|CS|TAMS 0x00000000e8700000, 0x00000000e8700000| Complete 
| 136|0x00000000e8800000, 0x00000000e8900000, 0x00000000e8900000|100%| S|CS|TAMS 0x00000000e8800000, 0x00000000e8800000| Complete 
| 137|0x00000000e8900000, 0x00000000e8a00000, 0x00000000e8a00000|100%| S|CS|TAMS 0x00000000e8900000, 0x00000000e8900000| Complete 
| 138|0x00000000e8a00000, 0x00000000e8b00000, 0x00000000e8b00000|100%| S|CS|TAMS 0x00000000e8a00000, 0x00000000e8a00000| Complete 
| 139|0x00000000e8b00000, 0x00000000e8c00000, 0x00000000e8c00000|100%| S|CS|TAMS 0x00000000e8b00000, 0x00000000e8b00000| Complete 
| 140|0x00000000e8c00000, 0x00000000e8d00000, 0x00000000e8d00000|100%| S|CS|TAMS 0x00000000e8c00000, 0x00000000e8c00000| Complete 
| 141|0x00000000e8d00000, 0x00000000e8e00000, 0x00000000e8e00000|100%| S|CS|TAMS 0x00000000e8d00000, 0x00000000e8d00000| Complete 
| 142|0x00000000e8e00000, 0x00000000e8f00000, 0x00000000e8f00000|100%| S|CS|TAMS 0x00000000e8e00000, 0x00000000e8e00000| Complete 
| 143|0x00000000e8f00000, 0x00000000e9000000, 0x00000000e9000000|100%| S|CS|TAMS 0x00000000e8f00000, 0x00000000e8f00000| Complete 
| 144|0x00000000e9000000, 0x00000000e9000000, 0x00000000e9100000|  0%| F|  |TAMS 0x00000000e9000000, 0x00000000e9000000| Untracked 
| 145|0x00000000e9100000, 0x00000000e9100000, 0x00000000e9200000|  0%| F|  |TAMS 0x00000000e9100000, 0x00000000e9100000| Untracked 
| 146|0x00000000e9200000, 0x00000000e9200000, 0x00000000e9300000|  0%| F|  |TAMS 0x00000000e9200000, 0x00000000e9200000| Untracked 
| 147|0x00000000e9300000, 0x00000000e9300000, 0x00000000e9400000|  0%| F|  |TAMS 0x00000000e9300000, 0x00000000e9300000| Untracked 
| 148|0x00000000e9400000, 0x00000000e9400000, 0x00000000e9500000|  0%| F|  |TAMS 0x00000000e9400000, 0x00000000e9400000| Untracked 
| 149|0x00000000e9500000, 0x00000000e9500000, 0x00000000e9600000|  0%| F|  |TAMS 0x00000000e9500000, 0x00000000e9500000| Untracked 
| 150|0x00000000e9600000, 0x00000000e9600000, 0x00000000e9700000|  0%| F|  |TAMS 0x00000000e9600000, 0x00000000e9600000| Untracked 
| 151|0x00000000e9700000, 0x00000000e9700000, 0x00000000e9800000|  0%| F|  |TAMS 0x00000000e9700000, 0x00000000e9700000| Untracked 
| 152|0x00000000e9800000, 0x00000000e9800000, 0x00000000e9900000|  0%| F|  |TAMS 0x00000000e9800000, 0x00000000e9800000| Untracked 
| 153|0x00000000e9900000, 0x00000000e9900000, 0x00000000e9a00000|  0%| F|  |TAMS 0x00000000e9900000, 0x00000000e9900000| Untracked 
| 154|0x00000000e9a00000, 0x00000000e9a00000, 0x00000000e9b00000|  0%| F|  |TAMS 0x00000000e9a00000, 0x00000000e9a00000| Untracked 
| 155|0x00000000e9b00000, 0x00000000e9b00000, 0x00000000e9c00000|  0%| F|  |TAMS 0x00000000e9b00000, 0x00000000e9b00000| Untracked 
| 156|0x00000000e9c00000, 0x00000000e9c00000, 0x00000000e9d00000|  0%| F|  |TAMS 0x00000000e9c00000, 0x00000000e9c00000| Untracked 
| 157|0x00000000e9d00000, 0x00000000e9d82010, 0x00000000e9e00000| 50%| E|  |TAMS 0x00000000e9d00000, 0x00000000e9d00000| Complete 
| 158|0x00000000e9e00000, 0x00000000e9f00000, 0x00000000e9f00000|100%| E|CS|TAMS 0x00000000e9e00000, 0x00000000e9e00000| Complete 
| 159|0x00000000e9f00000, 0x00000000ea000000, 0x00000000ea000000|100%| E|CS|TAMS 0x00000000e9f00000, 0x00000000e9f00000| Complete 
| 160|0x00000000ea000000, 0x00000000ea100000, 0x00000000ea100000|100%| E|CS|TAMS 0x00000000ea000000, 0x00000000ea000000| Complete 
| 161|0x00000000ea100000, 0x00000000ea200000, 0x00000000ea200000|100%| E|CS|TAMS 0x00000000ea100000, 0x00000000ea100000| Complete 
| 162|0x00000000ea200000, 0x00000000ea300000, 0x00000000ea300000|100%| E|CS|TAMS 0x00000000ea200000, 0x00000000ea200000| Complete 
| 163|0x00000000ea300000, 0x00000000ea400000, 0x00000000ea400000|100%| E|CS|TAMS 0x00000000ea300000, 0x00000000ea300000| Complete 
| 164|0x00000000ea400000, 0x00000000ea500000, 0x00000000ea500000|100%| E|CS|TAMS 0x00000000ea400000, 0x00000000ea400000| Complete 
| 165|0x00000000ea500000, 0x00000000ea600000, 0x00000000ea600000|100%| E|CS|TAMS 0x00000000ea500000, 0x00000000ea500000| Complete 
| 166|0x00000000ea600000, 0x00000000ea700000, 0x00000000ea700000|100%| E|CS|TAMS 0x00000000ea600000, 0x00000000ea600000| Complete 
| 167|0x00000000ea700000, 0x00000000ea800000, 0x00000000ea800000|100%| E|CS|TAMS 0x00000000ea700000, 0x00000000ea700000| Complete 
| 168|0x00000000ea800000, 0x00000000ea900000, 0x00000000ea900000|100%| E|CS|TAMS 0x00000000ea800000, 0x00000000ea800000| Complete 
| 169|0x00000000ea900000, 0x00000000eaa00000, 0x00000000eaa00000|100%| E|CS|TAMS 0x00000000ea900000, 0x00000000ea900000| Complete 
| 170|0x00000000eaa00000, 0x00000000eab00000, 0x00000000eab00000|100%| E|CS|TAMS 0x00000000eaa00000, 0x00000000eaa00000| Complete 
| 171|0x00000000eab00000, 0x00000000eac00000, 0x00000000eac00000|100%| E|CS|TAMS 0x00000000eab00000, 0x00000000eab00000| Complete 
| 172|0x00000000eac00000, 0x00000000ead00000, 0x00000000ead00000|100%| E|CS|TAMS 0x00000000eac00000, 0x00000000eac00000| Complete 
| 173|0x00000000ead00000, 0x00000000eae00000, 0x00000000eae00000|100%| E|CS|TAMS 0x00000000ead00000, 0x00000000ead00000| Complete 
| 174|0x00000000eae00000, 0x00000000eaf00000, 0x00000000eaf00000|100%| E|CS|TAMS 0x00000000eae00000, 0x00000000eae00000| Complete 
| 175|0x00000000eaf00000, 0x00000000eb000000, 0x00000000eb000000|100%| E|CS|TAMS 0x00000000eaf00000, 0x00000000eaf00000| Complete 
| 176|0x00000000eb000000, 0x00000000eb100000, 0x00000000eb100000|100%| E|CS|TAMS 0x00000000eb000000, 0x00000000eb000000| Complete 
| 177|0x00000000eb100000, 0x00000000eb200000, 0x00000000eb200000|100%| E|CS|TAMS 0x00000000eb100000, 0x00000000eb100000| Complete 
| 178|0x00000000eb200000, 0x00000000eb300000, 0x00000000eb300000|100%| E|CS|TAMS 0x00000000eb200000, 0x00000000eb200000| Complete 
| 179|0x00000000eb300000, 0x00000000eb400000, 0x00000000eb400000|100%| E|CS|TAMS 0x00000000eb300000, 0x00000000eb300000| Complete 
| 180|0x00000000eb400000, 0x00000000eb500000, 0x00000000eb500000|100%| E|CS|TAMS 0x00000000eb400000, 0x00000000eb400000| Complete 
| 181|0x00000000eb500000, 0x00000000eb600000, 0x00000000eb600000|100%| E|CS|TAMS 0x00000000eb500000, 0x00000000eb500000| Complete 
| 182|0x00000000eb600000, 0x00000000eb700000, 0x00000000eb700000|100%| E|CS|TAMS 0x00000000eb600000, 0x00000000eb600000| Complete 
| 183|0x00000000eb700000, 0x00000000eb800000, 0x00000000eb800000|100%| E|CS|TAMS 0x00000000eb700000, 0x00000000eb700000| Complete 
| 184|0x00000000eb800000, 0x00000000eb900000, 0x00000000eb900000|100%| E|CS|TAMS 0x00000000eb800000, 0x00000000eb800000| Complete 
| 185|0x00000000eb900000, 0x00000000eba00000, 0x00000000eba00000|100%| E|CS|TAMS 0x00000000eb900000, 0x00000000eb900000| Complete 
| 186|0x00000000eba00000, 0x00000000ebb00000, 0x00000000ebb00000|100%| E|CS|TAMS 0x00000000eba00000, 0x00000000eba00000| Complete 
| 187|0x00000000ebb00000, 0x00000000ebc00000, 0x00000000ebc00000|100%| E|CS|TAMS 0x00000000ebb00000, 0x00000000ebb00000| Complete 
| 188|0x00000000ebc00000, 0x00000000ebd00000, 0x00000000ebd00000|100%| E|CS|TAMS 0x00000000ebc00000, 0x00000000ebc00000| Complete 
| 189|0x00000000ebd00000, 0x00000000ebe00000, 0x00000000ebe00000|100%| E|CS|TAMS 0x00000000ebd00000, 0x00000000ebd00000| Complete 
| 190|0x00000000ebe00000, 0x00000000ebf00000, 0x00000000ebf00000|100%| E|CS|TAMS 0x00000000ebe00000, 0x00000000ebe00000| Complete 
| 191|0x00000000ebf00000, 0x00000000ec000000, 0x00000000ec000000|100%| E|CS|TAMS 0x00000000ebf00000, 0x00000000ebf00000| Complete 
| 192|0x00000000ec000000, 0x00000000ec100000, 0x00000000ec100000|100%| E|CS|TAMS 0x00000000ec000000, 0x00000000ec000000| Complete 
| 193|0x00000000ec100000, 0x00000000ec200000, 0x00000000ec200000|100%| E|  |TAMS 0x00000000ec100000, 0x00000000ec100000| Complete 
| 194|0x00000000ec200000, 0x00000000ec300000, 0x00000000ec300000|100%| E|CS|TAMS 0x00000000ec200000, 0x00000000ec200000| Complete 
| 195|0x00000000ec300000, 0x00000000ec400000, 0x00000000ec400000|100%| E|CS|TAMS 0x00000000ec300000, 0x00000000ec300000| Complete 
| 196|0x00000000ec400000, 0x00000000ec500000, 0x00000000ec500000|100%| E|CS|TAMS 0x00000000ec400000, 0x00000000ec400000| Complete 
| 197|0x00000000ec500000, 0x00000000ec600000, 0x00000000ec600000|100%| E|CS|TAMS 0x00000000ec500000, 0x00000000ec500000| Complete 
| 198|0x00000000ec600000, 0x00000000ec700000, 0x00000000ec700000|100%| E|CS|TAMS 0x00000000ec600000, 0x00000000ec600000| Complete 
| 199|0x00000000ec700000, 0x00000000ec800000, 0x00000000ec800000|100%| E|CS|TAMS 0x00000000ec700000, 0x00000000ec700000| Complete 
| 200|0x00000000ec800000, 0x00000000ec900000, 0x00000000ec900000|100%| E|CS|TAMS 0x00000000ec800000, 0x00000000ec800000| Complete 
| 201|0x00000000ec900000, 0x00000000eca00000, 0x00000000eca00000|100%| E|CS|TAMS 0x00000000ec900000, 0x00000000ec900000| Complete 
| 202|0x00000000eca00000, 0x00000000ecb00000, 0x00000000ecb00000|100%| E|CS|TAMS 0x00000000eca00000, 0x00000000eca00000| Complete 
| 203|0x00000000ecb00000, 0x00000000ecc00000, 0x00000000ecc00000|100%| E|CS|TAMS 0x00000000ecb00000, 0x00000000ecb00000| Complete 
| 204|0x00000000ecc00000, 0x00000000ecd00000, 0x00000000ecd00000|100%| E|CS|TAMS 0x00000000ecc00000, 0x00000000ecc00000| Complete 
| 205|0x00000000ecd00000, 0x00000000ece00000, 0x00000000ece00000|100%| E|CS|TAMS 0x00000000ecd00000, 0x00000000ecd00000| Complete 
| 206|0x00000000ece00000, 0x00000000ecf00000, 0x00000000ecf00000|100%| E|CS|TAMS 0x00000000ece00000, 0x00000000ece00000| Complete 
| 207|0x00000000ecf00000, 0x00000000ed000000, 0x00000000ed000000|100%| E|CS|TAMS 0x00000000ecf00000, 0x00000000ecf00000| Complete 
| 208|0x00000000ed000000, 0x00000000ed100000, 0x00000000ed100000|100%| E|CS|TAMS 0x00000000ed000000, 0x00000000ed000000| Complete 
| 209|0x00000000ed100000, 0x00000000ed200000, 0x00000000ed200000|100%| E|CS|TAMS 0x00000000ed100000, 0x00000000ed100000| Complete 
| 210|0x00000000ed200000, 0x00000000ed300000, 0x00000000ed300000|100%| E|CS|TAMS 0x00000000ed200000, 0x00000000ed200000| Complete 
| 211|0x00000000ed300000, 0x00000000ed400000, 0x00000000ed400000|100%| E|CS|TAMS 0x00000000ed300000, 0x00000000ed300000| Complete 
| 212|0x00000000ed400000, 0x00000000ed500000, 0x00000000ed500000|100%| E|CS|TAMS 0x00000000ed400000, 0x00000000ed400000| Complete 
| 213|0x00000000ed500000, 0x00000000ed600000, 0x00000000ed600000|100%| E|CS|TAMS 0x00000000ed500000, 0x00000000ed500000| Complete 
| 214|0x00000000ed600000, 0x00000000ed700000, 0x00000000ed700000|100%| E|CS|TAMS 0x00000000ed600000, 0x00000000ed600000| Complete 
| 215|0x00000000ed700000, 0x00000000ed800000, 0x00000000ed800000|100%| E|CS|TAMS 0x00000000ed700000, 0x00000000ed700000| Complete 
| 216|0x00000000ed800000, 0x00000000ed900000, 0x00000000ed900000|100%| E|CS|TAMS 0x00000000ed800000, 0x00000000ed800000| Complete 
| 217|0x00000000ed900000, 0x00000000eda00000, 0x00000000eda00000|100%| E|CS|TAMS 0x00000000ed900000, 0x00000000ed900000| Complete 
| 218|0x00000000eda00000, 0x00000000edb00000, 0x00000000edb00000|100%| E|CS|TAMS 0x00000000eda00000, 0x00000000eda00000| Complete 
| 219|0x00000000edb00000, 0x00000000edc00000, 0x00000000edc00000|100%| E|CS|TAMS 0x00000000edb00000, 0x00000000edb00000| Complete 
| 220|0x00000000edc00000, 0x00000000edd00000, 0x00000000edd00000|100%| E|CS|TAMS 0x00000000edc00000, 0x00000000edc00000| Complete 
| 221|0x00000000edd00000, 0x00000000ede00000, 0x00000000ede00000|100%| E|CS|TAMS 0x00000000edd00000, 0x00000000edd00000| Complete 
| 222|0x00000000ede00000, 0x00000000edf00000, 0x00000000edf00000|100%| E|CS|TAMS 0x00000000ede00000, 0x00000000ede00000| Complete 
| 223|0x00000000edf00000, 0x00000000ee000000, 0x00000000ee000000|100%| E|CS|TAMS 0x00000000edf00000, 0x00000000edf00000| Complete 
| 224|0x00000000ee000000, 0x00000000ee100000, 0x00000000ee100000|100%| E|CS|TAMS 0x00000000ee000000, 0x00000000ee000000| Complete 
| 225|0x00000000ee100000, 0x00000000ee200000, 0x00000000ee200000|100%| E|CS|TAMS 0x00000000ee100000, 0x00000000ee100000| Complete 
| 226|0x00000000ee200000, 0x00000000ee300000, 0x00000000ee300000|100%| E|CS|TAMS 0x00000000ee200000, 0x00000000ee200000| Complete 
| 227|0x00000000ee300000, 0x00000000ee400000, 0x00000000ee400000|100%| E|CS|TAMS 0x00000000ee300000, 0x00000000ee300000| Complete 
| 228|0x00000000ee400000, 0x00000000ee500000, 0x00000000ee500000|100%| E|CS|TAMS 0x00000000ee400000, 0x00000000ee400000| Complete 
| 229|0x00000000ee500000, 0x00000000ee600000, 0x00000000ee600000|100%| E|CS|TAMS 0x00000000ee500000, 0x00000000ee500000| Complete 
| 230|0x00000000ee600000, 0x00000000ee700000, 0x00000000ee700000|100%| E|CS|TAMS 0x00000000ee600000, 0x00000000ee600000| Complete 
| 231|0x00000000ee700000, 0x00000000ee800000, 0x00000000ee800000|100%| E|CS|TAMS 0x00000000ee700000, 0x00000000ee700000| Complete 
| 232|0x00000000ee800000, 0x00000000ee900000, 0x00000000ee900000|100%| E|CS|TAMS 0x00000000ee800000, 0x00000000ee800000| Complete 
| 233|0x00000000ee900000, 0x00000000eea00000, 0x00000000eea00000|100%| E|CS|TAMS 0x00000000ee900000, 0x00000000ee900000| Complete 
| 234|0x00000000eea00000, 0x00000000eeb00000, 0x00000000eeb00000|100%| E|CS|TAMS 0x00000000eea00000, 0x00000000eea00000| Complete 
| 235|0x00000000eeb00000, 0x00000000eec00000, 0x00000000eec00000|100%| E|CS|TAMS 0x00000000eeb00000, 0x00000000eeb00000| Complete 
| 236|0x00000000eec00000, 0x00000000eed00000, 0x00000000eed00000|100%| E|CS|TAMS 0x00000000eec00000, 0x00000000eec00000| Complete 
| 237|0x00000000eed00000, 0x00000000eee00000, 0x00000000eee00000|100%| E|CS|TAMS 0x00000000eed00000, 0x00000000eed00000| Complete 
| 238|0x00000000eee00000, 0x00000000eef00000, 0x00000000eef00000|100%| E|CS|TAMS 0x00000000eee00000, 0x00000000eee00000| Complete 
| 239|0x00000000eef00000, 0x00000000ef000000, 0x00000000ef000000|100%| E|CS|TAMS 0x00000000eef00000, 0x00000000eef00000| Complete 
| 240|0x00000000ef000000, 0x00000000ef100000, 0x00000000ef100000|100%| E|CS|TAMS 0x00000000ef000000, 0x00000000ef000000| Complete 
| 241|0x00000000ef100000, 0x00000000ef200000, 0x00000000ef200000|100%| E|CS|TAMS 0x00000000ef100000, 0x00000000ef100000| Complete 
| 242|0x00000000ef200000, 0x00000000ef300000, 0x00000000ef300000|100%| E|CS|TAMS 0x00000000ef200000, 0x00000000ef200000| Complete 
| 243|0x00000000ef300000, 0x00000000ef400000, 0x00000000ef400000|100%| E|CS|TAMS 0x00000000ef300000, 0x00000000ef300000| Complete 
| 244|0x00000000ef400000, 0x00000000ef500000, 0x00000000ef500000|100%| E|CS|TAMS 0x00000000ef400000, 0x00000000ef400000| Complete 
| 245|0x00000000ef500000, 0x00000000ef600000, 0x00000000ef600000|100%| E|CS|TAMS 0x00000000ef500000, 0x00000000ef500000| Complete 
| 246|0x00000000ef600000, 0x00000000ef700000, 0x00000000ef700000|100%| E|CS|TAMS 0x00000000ef600000, 0x00000000ef600000| Complete 
| 247|0x00000000ef700000, 0x00000000ef800000, 0x00000000ef800000|100%| E|CS|TAMS 0x00000000ef700000, 0x00000000ef700000| Complete 
| 248|0x00000000ef800000, 0x00000000ef900000, 0x00000000ef900000|100%| E|CS|TAMS 0x00000000ef800000, 0x00000000ef800000| Complete 
| 249|0x00000000ef900000, 0x00000000efa00000, 0x00000000efa00000|100%| E|CS|TAMS 0x00000000ef900000, 0x00000000ef900000| Complete 
| 250|0x00000000efa00000, 0x00000000efb00000, 0x00000000efb00000|100%| E|CS|TAMS 0x00000000efa00000, 0x00000000efa00000| Complete 
| 251|0x00000000efb00000, 0x00000000efc00000, 0x00000000efc00000|100%| E|CS|TAMS 0x00000000efb00000, 0x00000000efb00000| Complete 
| 252|0x00000000efc00000, 0x00000000efd00000, 0x00000000efd00000|100%| E|CS|TAMS 0x00000000efc00000, 0x00000000efc00000| Complete 
| 253|0x00000000efd00000, 0x00000000efe00000, 0x00000000efe00000|100%| E|CS|TAMS 0x00000000efd00000, 0x00000000efd00000| Complete 
| 254|0x00000000efe00000, 0x00000000eff00000, 0x00000000eff00000|100%| E|CS|TAMS 0x00000000efe00000, 0x00000000efe00000| Complete 
| 255|0x00000000eff00000, 0x00000000f0000000, 0x00000000f0000000|100%| E|CS|TAMS 0x00000000eff00000, 0x00000000eff00000| Complete 

Card table byte_map: [0x000001af6c7d0000,0x000001af6c8d0000] _byte_map_base: 0x000001af6c0d0000

Marking Bits (Prev, Next): (CMBitMap*) 0x000001af55b17050, (CMBitMap*) 0x000001af55b17010
 Prev Bits: [0x000001af6d1d0000, 0x000001af6d9d0000)
 Next Bits: [0x000001af6c9d0000, 0x000001af6d1d0000)

Polling page: 0x000001af539e0000

Metaspace:

Usage:
  Non-class:     28.12 MB used.
      Class:      4.46 MB used.
       Both:     32.59 MB used.

Virtual space:
  Non-class space:       64.00 MB reserved,      28.31 MB ( 44%) committed,  1 nodes.
      Class space:      320.00 MB reserved,       4.69 MB (  1%) committed,  1 nodes.
             Both:      384.00 MB reserved,      33.00 MB (  9%) committed. 

Chunk freelists:
   Non-Class:  2.89 MB
       Class:  11.35 MB
        Both:  14.24 MB

MaxMetaspaceSize: 384.00 MB
CompressedClassSpaceSize: 320.00 MB
Initial GC threshold: 21.00 MB
Current GC threshold: 35.12 MB
CDS: on
MetaspaceReclaimPolicy: balanced
 - commit_granule_bytes: 65536.
 - commit_granule_words: 8192.
 - virtual_space_node_default_size: 8388608.
 - enlarge_chunks_in_place: 1.
 - new_chunks_are_fully_committed: 0.
 - uncommit_free_chunks: 1.
 - use_allocation_guard: 0.
 - handle_deallocations: 1.


Internal statistics:

num_allocs_failed_limit: 3.
num_arena_births: 408.
num_arena_deaths: 0.
num_vsnodes_births: 2.
num_vsnodes_deaths: 0.
num_space_committed: 528.
num_space_uncommitted: 0.
num_chunks_returned_to_freelist: 3.
num_chunks_taken_from_freelist: 1621.
num_chunk_merges: 3.
num_chunk_splits: 1076.
num_chunks_enlarged: 765.
num_inconsistent_stats: 0.

CodeHeap 'non-profiled nmethods': size=120000Kb used=2771Kb max_used=2771Kb free=117228Kb
 bounds [0x000001af64e70000, 0x000001af65130000, 0x000001af6c3a0000]
CodeHeap 'profiled nmethods': size=120000Kb used=8738Kb max_used=8738Kb free=111261Kb
 bounds [0x000001af5d3a0000, 0x000001af5dc30000, 0x000001af648d0000]
CodeHeap 'non-nmethods': size=5760Kb used=2304Kb max_used=2343Kb free=3455Kb
 bounds [0x000001af648d0000, 0x000001af64b40000, 0x000001af64e70000]
 total_blobs=5113 nmethods=4315 adapters=710
 compilation: enabled
              stopped_count=0, restarted_count=0
 full_count=0

Compilation events (20 events):
Event: 155.469 Thread 0x000001af703fc3c0 nmethod 4309 0x000001af5dc23290 code [0x000001af5dc23420, 0x000001af5dc23558]
Event: 155.469 Thread 0x000001af703fc3c0 4310       1       org.gradle.launcher.daemon.context.DefaultDaemonContext::getPid (5 bytes)
Event: 155.469 Thread 0x000001af703fc3c0 nmethod 4310 0x000001af65123e10 code [0x000001af65123fa0, 0x000001af65124078]
Event: 157.494 Thread 0x000001af703f97b0 4311       4       java.util.HashSet::contains (9 bytes)
Event: 157.505 Thread 0x000001af703f97b0 nmethod 4311 0x000001af65124110 code [0x000001af651242c0, 0x000001af651247f8]
Event: 165.470 Thread 0x000001af703fc3c0 4312       1       org.gradle.launcher.daemon.server.expiry.DaemonExpirationResult::getStatus (5 bytes)
Event: 165.471 Thread 0x000001af703fc3c0 nmethod 4312 0x000001af65124c10 code [0x000001af65124da0, 0x000001af65124e78]
Event: 165.472 Thread 0x000001af703fc3c0 4313       3       org.gradle.internal.nativeintegration.services.NativeServices$NativeServicesMode::values (10 bytes)
Event: 165.472 Thread 0x000001af703fc3c0 nmethod 4313 0x000001af5dc23610 code [0x000001af5dc237c0, 0x000001af5dc23a68]
Event: 165.472 Thread 0x000001af703fc3c0 4318       3       org.gradle.launcher.daemon.context.DefaultDaemonContext$Serializer::read (229 bytes)
Event: 165.474 Thread 0x000001af703fc3c0 nmethod 4318 0x000001af5dc23b10 code [0x000001af5dc23ee0, 0x000001af5dc25c58]
Event: 165.474 Thread 0x000001af703fc3c0 4314       3       org.gradle.launcher.daemon.configuration.DaemonPriority::values (10 bytes)
Event: 165.475 Thread 0x000001af703fc3c0 nmethod 4314 0x000001af5dc26690 code [0x000001af5dc26840, 0x000001af5dc26ae8]
Event: 165.475 Thread 0x000001af703fc3c0 4315       3       org.gradle.launcher.daemon.context.DefaultDaemonContext::<init> (68 bytes)
Event: 165.475 Thread 0x000001af703fc3c0 nmethod 4315 0x000001af5dc26b90 code [0x000001af5dc26d60, 0x000001af5dc27298]
Event: 165.475 Thread 0x000001af703fc3c0 4316       3       org.gradle.launcher.daemon.registry.DaemonInfo$Serializer::read (77 bytes)
Event: 165.477 Thread 0x000001af703fc3c0 nmethod 4316 0x000001af5dc27390 code [0x000001af5dc27600, 0x000001af5dc283a8]
Event: 165.477 Thread 0x000001af703fc3c0 4317       3       org.gradle.launcher.daemon.context.DefaultDaemonContext$Serializer::read (6 bytes)
Event: 165.477 Thread 0x000001af703fc3c0 nmethod 4317 0x000001af5dc28810 code [0x000001af5dc289c0, 0x000001af5dc28b08]
Event: 170.360 Thread 0x000001af703f97b0 4319 %     4       javax.management.ObjectName::construct @ 86 (1135 bytes)

GC Heap History (8 events):
Event: 1.328 GC heap before
{Heap before GC invocations=0 (full 0):
 garbage-first heap   total 262144K, used 22528K [0x00000000e0000000, 0x0000000100000000)
  region size 1024K, 23 young (23552K), 0 survivors (0K)
 Metaspace       used 1077K, committed 1216K, reserved 393216K
  class space    used 73K, committed 128K, reserved 327680K
}
Event: 1.439 GC heap after
{Heap after GC invocations=1 (full 0):
 garbage-first heap   total 262144K, used 2602K [0x00000000e0000000, 0x0000000100000000)
  region size 1024K, 3 young (3072K), 3 survivors (3072K)
 Metaspace       used 1077K, committed 1216K, reserved 393216K
  class space    used 73K, committed 128K, reserved 327680K
}
Event: 2.843 GC heap before
{Heap before GC invocations=1 (full 0):
 garbage-first heap   total 262144K, used 39466K [0x00000000e0000000, 0x0000000100000000)
  region size 1024K, 37 young (37888K), 3 survivors (3072K)
 Metaspace       used 4385K, committed 4544K, reserved 393216K
  class space    used 548K, committed 640K, reserved 327680K
}
Event: 2.852 GC heap after
{Heap after GC invocations=2 (full 0):
 garbage-first heap   total 262144K, used 10874K [0x00000000e0000000, 0x0000000100000000)
  region size 1024K, 5 young (5120K), 5 survivors (5120K)
 Metaspace       used 4385K, committed 4544K, reserved 393216K
  class space    used 548K, committed 640K, reserved 327680K
}
Event: 4.827 GC heap before
{Heap before GC invocations=2 (full 0):
 garbage-first heap   total 262144K, used 60026K [0x00000000e0000000, 0x0000000100000000)
  region size 1024K, 51 young (52224K), 5 survivors (5120K)
 Metaspace       used 5076K, committed 5312K, reserved 393216K
  class space    used 666K, committed 768K, reserved 327680K
}
Event: 4.845 GC heap after
{Heap after GC invocations=3 (full 0):
 garbage-first heap   total 262144K, used 16169K [0x00000000e0000000, 0x0000000100000000)
  region size 1024K, 7 young (7168K), 7 survivors (7168K)
 Metaspace       used 5076K, committed 5312K, reserved 393216K
  class space    used 666K, committed 768K, reserved 327680K
}
Event: 39.836 GC heap before
{Heap before GC invocations=3 (full 0):
 garbage-first heap   total 262144K, used 122665K [0x00000000e0000000, 0x0000000100000000)
  region size 1024K, 112 young (114688K), 7 survivors (7168K)
 Metaspace       used 21154K, committed 21504K, reserved 393216K
  class space    used 3073K, committed 3264K, reserved 327680K
}
Event: 39.893 GC heap after
{Heap after GC invocations=4 (full 0):
 garbage-first heap   total 262144K, used 23716K [0x00000000e0000000, 0x0000000100000000)
  region size 1024K, 15 young (15360K), 15 survivors (15360K)
 Metaspace       used 21154K, committed 21504K, reserved 393216K
  class space    used 3073K, committed 3264K, reserved 327680K
}

Deoptimization events (20 events):
Event: 128.289 Thread 0x000001af751879f0 Uncommon trap: trap_request=0xffffffc6 fr.pc=0x000001af6506d160 relative=0x0000000000006620
Event: 128.289 Thread 0x000001af751879f0 Uncommon trap: reason=bimorphic_or_optimized_type_check action=maybe_recompile pc=0x000001af6506d160 method=java.lang.ClassLoader.loadClass(Ljava/lang/String;Z)Ljava/lang/Class; @ 69 c2
Event: 128.289 Thread 0x000001af751879f0 DEOPT PACKING pc=0x000001af6506d160 sp=0x00000027f8cf8990
Event: 128.289 Thread 0x000001af751879f0 DEOPT UNPACKING pc=0x000001af64925ba3 sp=0x00000027f8cf8a10 mode 2
Event: 128.289 Thread 0x000001af751879f0 Uncommon trap: trap_request=0xffffffc6 fr.pc=0x000001af6506d160 relative=0x0000000000006620
Event: 128.289 Thread 0x000001af751879f0 Uncommon trap: reason=bimorphic_or_optimized_type_check action=maybe_recompile pc=0x000001af6506d160 method=java.lang.ClassLoader.loadClass(Ljava/lang/String;Z)Ljava/lang/Class; @ 69 c2
Event: 128.289 Thread 0x000001af751879f0 DEOPT PACKING pc=0x000001af6506d160 sp=0x00000027f8cf8b90
Event: 128.289 Thread 0x000001af751879f0 DEOPT UNPACKING pc=0x000001af64925ba3 sp=0x00000027f8cf8c10 mode 2
Event: 129.343 Thread 0x000001af751879f0 Uncommon trap: trap_request=0xffffffde fr.pc=0x000001af650d003c relative=0x00000000000003dc
Event: 129.343 Thread 0x000001af751879f0 Uncommon trap: reason=class_check action=maybe_recompile pc=0x000001af650d003c method=java.util.regex.Pattern$Start.match(Ljava/util/regex/Matcher;ILjava/lang/CharSequence;)Z @ 44 c2
Event: 129.343 Thread 0x000001af751879f0 DEOPT PACKING pc=0x000001af650d003c sp=0x00000027f8cf9020
Event: 129.343 Thread 0x000001af751879f0 DEOPT UNPACKING pc=0x000001af64925ba3 sp=0x00000027f8cf8ee8 mode 2
Event: 129.343 Thread 0x000001af751879f0 Uncommon trap: trap_request=0xffffffde fr.pc=0x000001af650d003c relative=0x00000000000003dc
Event: 129.343 Thread 0x000001af751879f0 Uncommon trap: reason=class_check action=maybe_recompile pc=0x000001af650d003c method=java.util.regex.Pattern$Start.match(Ljava/util/regex/Matcher;ILjava/lang/CharSequence;)Z @ 44 c2
Event: 129.343 Thread 0x000001af751879f0 DEOPT PACKING pc=0x000001af650d003c sp=0x00000027f8cf9020
Event: 129.343 Thread 0x000001af751879f0 DEOPT UNPACKING pc=0x000001af64925ba3 sp=0x00000027f8cf8ee8 mode 2
Event: 129.344 Thread 0x000001af751879f0 Uncommon trap: trap_request=0xffffffde fr.pc=0x000001af650c7118 relative=0x00000000000003b8
Event: 129.344 Thread 0x000001af751879f0 Uncommon trap: reason=class_check action=maybe_recompile pc=0x000001af650c7118 method=java.util.regex.Pattern$Start.match(Ljava/util/regex/Matcher;ILjava/lang/CharSequence;)Z @ 44 c2
Event: 129.344 Thread 0x000001af751879f0 DEOPT PACKING pc=0x000001af650c7118 sp=0x00000027f8cf8fb0
Event: 129.344 Thread 0x000001af751879f0 DEOPT UNPACKING pc=0x000001af64925ba3 sp=0x00000027f8cf8ef0 mode 2

Classes unloaded (0 events):
No events

Classes redefined (0 events):
No events

Internal exceptions (20 events):
Event: 121.443 Thread 0x000001af751879f0 Exception <a 'java/lang/ClassNotFoundException'{0x00000000eac04550}: org/gradle/groovy/scripts/BasicScriptCustomizer> (0x00000000eac04550) 
thrown [s\open\src\hotspot\share\classfile\systemDictionary.cpp, line 256]
Event: 121.640 Thread 0x000001af751879f0 Exception <a 'java/lang/ClassNotFoundException'{0x00000000eac1ad68}: org/gradle/groovy/scripts/DefaultScriptCustomizer> (0x00000000eac1ad68) 
thrown [s\open\src\hotspot\share\classfile\systemDictionary.cpp, line 256]
Event: 121.929 Thread 0x000001af751879f0 Exception <a 'java/lang/ClassNotFoundException'{0x00000000eac60f98}: org/gradle/initialization/InitScriptCustomizer> (0x00000000eac60f98) 
thrown [s\open\src\hotspot\share\classfile\systemDictionary.cpp, line 256]
Event: 122.000 Thread 0x000001af751879f0 Exception <a 'java/lang/ClassNotFoundException'{0x00000000eac6fc08}: ijMapper1_egmgr0dtl0xua7byi2vqz0tqpCustomizer> (0x00000000eac6fc08) 
thrown [s\open\src\hotspot\share\classfile\systemDictionary.cpp, line 256]
Event: 123.780 Thread 0x000001af751879f0 Exception <a 'java/lang/ClassNotFoundException'{0x00000000eab49910}: org/gradle/internal/extensibility/DefaultExtraPropertiesExtensionBeanInfo> (0x00000000eab49910) 
thrown [s\open\src\hotspot\share\classfile\systemDictionary.cpp, line 256]
Event: 123.781 Thread 0x000001af751879f0 Exception <a 'java/lang/ClassNotFoundException'{0x00000000eab53e98}: org/gradle/internal/extensibility/DefaultExtraPropertiesExtensionCustomizer> (0x00000000eab53e98) 
thrown [s\open\src\hotspot\share\classfile\systemDictionary.cpp, line 256]
Event: 126.595 Thread 0x000001af751879f0 Exception <a 'java/lang/NoSuchMethodError'{0x00000000eaa5b090}: 'java.lang.Object java.lang.invoke.DirectMethodHandle$Holder.invokeSpecialIFC(java.lang.Object, java.lang.Object, java.lang.Object, java.lang.Object)'> (0x00000000eaa5b090) 
thrown [s\open\src\hotspot\share\interpreter\linkResolver.cpp, line 759]
Event: 127.350 Thread 0x000001af751879f0 Exception <a 'java/lang/NoSuchMethodError'{0x00000000ea912c00}: 'java.lang.Object java.lang.invoke.DirectMethodHandle$Holder.newInvokeSpecial(java.lang.Object, java.lang.Object, java.lang.Object, java.lang.Object, java.lang.Object, java.lang.Object, java.lang.Object, java.lang.Object, java.lang.Object, java.lang.Object)'> (0x00000000ea912c00) 
thrown [s\open\src\hotspot\share\interpreter\linkResolver.cpp, line 759]
Event: 127.350 Thread 0x000001af751879f0 Exception <a 'java/lang/NoSuchMethodError'{0x00000000ea917840}: 'java.lang.Object java.lang.invoke.Invokers$Holder.linkToTargetMethod(java.lang.Object, java.lang.Object, java.lang.Object, java.lang.Object, java.lang.Object, java.lang.Object, java.lang.Object, java.lang.Object, java.lang.Object, java.lang.Object)'> (0x00000000ea917840) 
thrown [s\open\src\hotspot\share\interpreter\linkResolver.cpp, line 759]
Event: 128.149 Thread 0x000001af751879f0 Exception <a 'java/lang/NoSuchMethodError'{0x00000000ea8c3c40}: 'void java.lang.invoke.Invokers$Holder.invoke_MT(java.lang.Object, java.lang.Object, java.lang.Object, java.lang.Object)'> (0x00000000ea8c3c40) 
thrown [s\open\src\hotspot\share\interpreter\linkResolver.cpp, line 759]
Event: 128.287 Thread 0x000001af751879f0 Exception <a 'java/lang/ClassNotFoundException'{0x00000000ea641f68}: org/gradle/invocation/DefaultGradle_DecoratedBeanInfo> (0x00000000ea641f68) 
thrown [s\open\src\hotspot\share\classfile\systemDictionary.cpp, line 256]
Event: 128.289 Thread 0x000001af751879f0 Exception <a 'java/lang/ClassNotFoundException'{0x00000000ea650940}: org/gradle/invocation/DefaultGradleBeanInfo> (0x00000000ea650940) 
thrown [s\open\src\hotspot\share\classfile\systemDictionary.cpp, line 256]
Event: 128.291 Thread 0x000001af751879f0 Exception <a 'java/lang/ClassNotFoundException'{0x00000000ea65f988}: org/gradle/api/internal/project/AbstractPluginAwareBeanInfo> (0x00000000ea65f988) 
thrown [s\open\src\hotspot\share\classfile\systemDictionary.cpp, line 256]
Event: 128.293 Thread 0x000001af751879f0 Exception <a 'java/lang/ClassNotFoundException'{0x00000000ea66ea20}: org/gradle/api/internal/project/AbstractPluginAwareCustomizer> (0x00000000ea66ea20) 
thrown [s\open\src\hotspot\share\classfile\systemDictionary.cpp, line 256]
Event: 128.295 Thread 0x000001af751879f0 Exception <a 'java/lang/ClassNotFoundException'{0x00000000ea6832d8}: org/gradle/invocation/DefaultGradleCustomizer> (0x00000000ea6832d8) 
thrown [s\open\src\hotspot\share\classfile\systemDictionary.cpp, line 256]
Event: 128.405 Thread 0x000001af751879f0 Exception <a 'java/lang/ClassNotFoundException'{0x00000000ea6c4420}: org/gradle/invocation/DefaultGradle_DecoratedCustomizer> (0x00000000ea6c4420) 
thrown [s\open\src\hotspot\share\classfile\systemDictionary.cpp, line 256]
Event: 129.338 Thread 0x000001af751879f0 Exception <a 'java/lang/ClassNotFoundException'{0x00000000ea2982b0}: groovy/lang/Closure$1BeanInfo> (0x00000000ea2982b0) 
thrown [s\open\src\hotspot\share\classfile\systemDictionary.cpp, line 256]
Event: 129.339 Thread 0x000001af751879f0 Exception <a 'java/lang/ClassNotFoundException'{0x00000000ea2b41c0}: groovy/lang/ClosureBeanInfo> (0x00000000ea2b41c0) 
thrown [s\open\src\hotspot\share\classfile\systemDictionary.cpp, line 256]
Event: 129.341 Thread 0x000001af751879f0 Exception <a 'java/lang/ClassNotFoundException'{0x00000000ea2cffd8}: groovy/lang/ClosureCustomizer> (0x00000000ea2cffd8) 
thrown [s\open\src\hotspot\share\classfile\systemDictionary.cpp, line 256]
Event: 129.348 Thread 0x000001af751879f0 Exception <a 'java/lang/ClassNotFoundException'{0x00000000ea110378}: groovy/lang/Closure$1Customizer> (0x00000000ea110378) 
thrown [s\open\src\hotspot\share\classfile\systemDictionary.cpp, line 256]

VM Operations (20 events):
Event: 124.361 Executing VM operation: Cleanup
Event: 124.685 Executing VM operation: Cleanup done
Event: 125.693 Executing VM operation: Cleanup
Event: 126.579 Executing VM operation: Cleanup done
Event: 127.586 Executing VM operation: Cleanup
Event: 127.759 Executing VM operation: Cleanup done
Event: 128.763 Executing VM operation: Cleanup
Event: 128.795 Executing VM operation: Cleanup done
Event: 129.795 Executing VM operation: Cleanup
Event: 129.796 Executing VM operation: Cleanup done
Event: 135.855 Executing VM operation: Cleanup
Event: 135.857 Executing VM operation: Cleanup done
Event: 137.879 Executing VM operation: Cleanup
Event: 138.077 Executing VM operation: Cleanup done
Event: 146.179 Executing VM operation: Cleanup
Event: 146.180 Executing VM operation: Cleanup done
Event: 147.183 Executing VM operation: Cleanup
Event: 147.244 Executing VM operation: Cleanup done
Event: 148.250 Executing VM operation: Cleanup
Event: 148.439 Executing VM operation: Cleanup done

Events (20 events):
Event: 128.519 Thread 0x000001af758cac00 Thread exited: 0x000001af758cac00
Event: 128.551 loading class jdk/internal/reflect/UnsafeObjectFieldAccessorImpl
Event: 128.552 loading class jdk/internal/reflect/UnsafeObjectFieldAccessorImpl done
Event: 128.806 loading class sun/reflect/MagicAccessorImpl
Event: 128.806 loading class sun/reflect/MagicAccessorImpl done
Event: 129.342 loading class sun/reflect/generics/tree/IntSignature
Event: 129.342 loading class sun/reflect/generics/tree/IntSignature done
Event: 129.342 loading class sun/reflect/generics/tree/ArrayTypeSignature
Event: 129.343 loading class sun/reflect/generics/tree/ArrayTypeSignature done
Event: 129.348 loading class com/sun/beans/finder/MethodFinder
Event: 129.348 loading class com/sun/beans/finder/AbstractFinder
Event: 129.348 loading class com/sun/beans/finder/AbstractFinder done
Event: 129.348 loading class com/sun/beans/finder/MethodFinder done
Event: 129.349 loading class com/sun/beans/finder/MethodFinder$1
Event: 129.349 loading class com/sun/beans/finder/MethodFinder$1 done
Event: 129.349 loading class com/sun/beans/finder/FinderUtils
Event: 129.349 loading class com/sun/beans/finder/FinderUtils done
Event: 147.164 Thread 0x000001af75e08d20 Thread added: 0x000001af75e08d20
Event: 147.245 Thread 0x000001af75e09230 Thread added: 0x000001af75e09230
Event: 147.657 Thread 0x000001af75e09230 Thread exited: 0x000001af75e09230


Dynamic libraries:
0x00007ff751390000 - 0x00007ff7513a0000 	C:\Program Files\jdk-17.0.12\bin\java.exe
0x00007ffdd27c0000 - 0x00007ffdd2a20000 	C:\WINDOWS\SYSTEM32\ntdll.dll
0x00007ffdd2030000 - 0x00007ffdd20f7000 	C:\WINDOWS\System32\KERNEL32.DLL
0x00007ffdcfff0000 - 0x00007ffdd03ba000 	C:\WINDOWS\System32\KERNELBASE.dll
0x00007ffdcfad0000 - 0x00007ffdcfc1b000 	C:\WINDOWS\System32\ucrtbase.dll
0x00007ffdb5bf0000 - 0x00007ffdb5c09000 	C:\Program Files\jdk-17.0.12\bin\jli.dll
0x00007ffdd1440000 - 0x00007ffdd14f2000 	C:\WINDOWS\System32\ADVAPI32.dll
0x00007ffdd24c0000 - 0x00007ffdd2569000 	C:\WINDOWS\System32\msvcrt.dll
0x00007ffdd25a0000 - 0x00007ffdd2646000 	C:\WINDOWS\System32\sechost.dll
0x00007ffdd2650000 - 0x00007ffdd2766000 	C:\WINDOWS\System32\RPCRT4.dll
0x00007ffdd1110000 - 0x00007ffdd12dc000 	C:\WINDOWS\System32\USER32.dll
0x00007ffdcffc0000 - 0x00007ffdcffe7000 	C:\WINDOWS\System32\win32u.dll
0x00007ffdd2570000 - 0x00007ffdd259a000 	C:\WINDOWS\System32\GDI32.dll
0x00007ffdd0480000 - 0x00007ffdd05b1000 	C:\WINDOWS\System32\gdi32full.dll
0x00007ffdcff10000 - 0x00007ffdcffb3000 	C:\WINDOWS\System32\msvcp_win.dll
0x00007ffdb5bd0000 - 0x00007ffdb5beb000 	C:\Program Files\jdk-17.0.12\bin\VCRUNTIME140.dll
0x00007ffdb22b0000 - 0x00007ffdb2547000 	C:\WINDOWS\WinSxS\amd64_microsoft.windows.common-controls_6595b64144ccf1df_6.0.26100.3624_none_3e086962e3345f24\COMCTL32.dll
0x00007ffdbc810000 - 0x00007ffdbc81b000 	C:\WINDOWS\SYSTEM32\VERSION.dll
0x00007ffdd0720000 - 0x00007ffdd074f000 	C:\WINDOWS\System32\IMM32.DLL
0x00007ffdca460000 - 0x00007ffdca46c000 	C:\Program Files\jdk-17.0.12\bin\vcruntime140_1.dll
0x00007ffda7340000 - 0x00007ffda73ce000 	C:\Program Files\jdk-17.0.12\bin\msvcp140.dll
0x00007ffd6e150000 - 0x00007ffd6ed30000 	C:\Program Files\jdk-17.0.12\bin\server\jvm.dll
0x00007ffdd0760000 - 0x00007ffdd0768000 	C:\WINDOWS\System32\PSAPI.DLL
0x00007ffdca2c0000 - 0x00007ffdca2ca000 	C:\WINDOWS\SYSTEM32\WSOCK32.dll
0x00007ffdd1500000 - 0x00007ffdd1574000 	C:\WINDOWS\System32\WS2_32.dll
0x00007ffdc66e0000 - 0x00007ffdc6716000 	C:\WINDOWS\SYSTEM32\WINMM.dll
0x00007ffdce770000 - 0x00007ffdce78a000 	C:\WINDOWS\SYSTEM32\kernel.appcore.dll
0x00007ffdbbf30000 - 0x00007ffdbbf3a000 	C:\Program Files\jdk-17.0.12\bin\jimage.dll
0x00007ffdccbc0000 - 0x00007ffdcce01000 	C:\WINDOWS\SYSTEM32\DBGHELP.DLL
0x00007ffdd15f0000 - 0x00007ffdd1972000 	C:\WINDOWS\System32\combase.dll
0x00007ffdd2290000 - 0x00007ffdd2366000 	C:\WINDOWS\System32\OLEAUT32.dll
0x00007ffdbb3f0000 - 0x00007ffdbb429000 	C:\WINDOWS\SYSTEM32\dbgcore.DLL
0x00007ffdcfa30000 - 0x00007ffdcfac9000 	C:\WINDOWS\System32\bcryptPrimitives.dll
0x00007ffdbbbc0000 - 0x00007ffdbbbce000 	C:\Program Files\jdk-17.0.12\bin\instrument.dll
0x00007ffdb5ba0000 - 0x00007ffdb5bc5000 	C:\Program Files\jdk-17.0.12\bin\java.dll
0x00007ffda5a50000 - 0x00007ffda5b27000 	C:\Program Files\jdk-17.0.12\bin\jsvml.dll
0x00007ffdd09e0000 - 0x00007ffdd1109000 	C:\WINDOWS\System32\SHELL32.dll
0x00007ffdcfda0000 - 0x00007ffdcff08000 	C:\WINDOWS\System32\wintypes.dll
0x00007ffdcd600000 - 0x00007ffdcde52000 	C:\WINDOWS\SYSTEM32\windows.storage.dll
0x00007ffdd2370000 - 0x00007ffdd245d000 	C:\WINDOWS\System32\SHCORE.dll
0x00007ffdd1580000 - 0x00007ffdd15e4000 	C:\WINDOWS\System32\shlwapi.dll
0x00007ffdcf8b0000 - 0x00007ffdcf8df000 	C:\WINDOWS\SYSTEM32\profapi.dll
0x00007ffdb5b80000 - 0x00007ffdb5b98000 	C:\Program Files\jdk-17.0.12\bin\zip.dll
0x00007ffdb30c0000 - 0x00007ffdb30d9000 	C:\Program Files\jdk-17.0.12\bin\net.dll
0x00007ffdc8c40000 - 0x00007ffdc8d5d000 	C:\WINDOWS\SYSTEM32\WINHTTP.dll
0x00007ffdcec70000 - 0x00007ffdcecda000 	C:\WINDOWS\system32\mswsock.dll
0x00007ffda7fe0000 - 0x00007ffda7ff6000 	C:\Program Files\jdk-17.0.12\bin\nio.dll
0x00007ffdbd870000 - 0x00007ffdbd880000 	C:\Program Files\jdk-17.0.12\bin\verify.dll
0x00007ffda7310000 - 0x00007ffda7337000 	C:\Users\AD\.gradle\native\1def1411415f61bf3af743bc5b6707747c0891f09f0c88961ee8f79bc544acac\windows-amd64\native-platform.dll
0x00007ffd96b00000 - 0x00007ffd96b78000 	C:\Users\AD\.gradle\native\0.2.7\x86_64-windows-gnu\gradle-fileevents.dll
0x00007ffdb7fe0000 - 0x00007ffdb7fea000 	C:\Program Files\jdk-17.0.12\bin\management.dll
0x00007ffdb6c20000 - 0x00007ffdb6c2b000 	C:\Program Files\jdk-17.0.12\bin\management_ext.dll
0x00007ffdce1d0000 - 0x00007ffdce203000 	C:\WINDOWS\SYSTEM32\IPHLPAPI.DLL
0x00007ffdd2460000 - 0x00007ffdd246a000 	C:\WINDOWS\System32\NSI.dll
0x00007ffdc90e0000 - 0x00007ffdc90ff000 	C:\WINDOWS\SYSTEM32\dhcpcsvc6.DLL
0x00007ffdc90b0000 - 0x00007ffdc90d5000 	C:\WINDOWS\SYSTEM32\dhcpcsvc.DLL
0x00007ffdce270000 - 0x00007ffdce395000 	C:\WINDOWS\SYSTEM32\DNSAPI.dll
0x00007ffdcf020000 - 0x00007ffdcf03c000 	C:\WINDOWS\SYSTEM32\CRYPTSP.dll
0x00007ffdce6d0000 - 0x00007ffdce70a000 	C:\WINDOWS\system32\rsaenh.dll
0x00007ffdced10000 - 0x00007ffdced3b000 	C:\WINDOWS\SYSTEM32\USERENV.dll
0x00007ffdcf880000 - 0x00007ffdcf8a6000 	C:\WINDOWS\SYSTEM32\bcrypt.dll
0x00007ffdceea0000 - 0x00007ffdceeac000 	C:\WINDOWS\SYSTEM32\CRYPTBASE.dll
0x00007ffdbd880000 - 0x00007ffdbd88e000 	C:\Program Files\jdk-17.0.12\bin\sunmscapi.dll
0x00007ffdcfc20000 - 0x00007ffdcfd97000 	C:\WINDOWS\System32\CRYPT32.dll
0x00007ffdcf170000 - 0x00007ffdcf1a0000 	C:\WINDOWS\SYSTEM32\ncrypt.dll
0x00007ffdcf120000 - 0x00007ffdcf15f000 	C:\WINDOWS\SYSTEM32\NTASN1.dll
0x00007ffdbbf70000 - 0x00007ffdbbf78000 	C:\WINDOWS\system32\wshunix.dll

dbghelp: loaded successfully - version: 4.0.5 - missing functions: none
symbol engine: initialized successfully - sym options: 0x614 - pdb path: .;C:\Program Files\jdk-17.0.12\bin;C:\WINDOWS\SYSTEM32;C:\WINDOWS\WinSxS\amd64_microsoft.windows.common-controls_6595b64144ccf1df_6.0.26100.3624_none_3e086962e3345f24;C:\Program Files\jdk-17.0.12\bin\server;C:\Users\AD\.gradle\native\1def1411415f61bf3af743bc5b6707747c0891f09f0c88961ee8f79bc544acac\windows-amd64;C:\Users\AD\.gradle\native\0.2.7\x86_64-windows-gnu

VM Arguments:
jvm_args: --add-opens=java.base/java.lang=ALL-UNNAMED --add-opens=java.base/java.lang.invoke=ALL-UNNAMED --add-opens=java.base/java.util=ALL-UNNAMED --add-opens=java.prefs/java.util.prefs=ALL-UNNAMED --add-exports=jdk.compiler/com.sun.tools.javac.api=ALL-UNNAMED --add-exports=jdk.compiler/com.sun.tools.javac.util=ALL-UNNAMED --add-opens=java.base/java.util=ALL-UNNAMED --add-opens=java.prefs/java.util.prefs=ALL-UNNAMED --add-opens=java.base/java.nio.charset=ALL-UNNAMED --add-opens=java.base/java.net=ALL-UNNAMED --add-opens=java.base/java.util.concurrent.atomic=ALL-UNNAMED --add-opens=java.xml/javax.xml.namespace=ALL-UNNAMED -XX:MaxMetaspaceSize=384m -XX:+HeapDumpOnOutOfMemoryError -Xms256m -Xmx512m -Dfile.encoding=UTF-8 -Duser.country=US -Duser.language=en -Duser.variant -javaagent:C:\Users\AD\.gradle\wrapper\dists\gradle-8.13-bin\5xuhj0ry160q40clulazy9h7d\gradle-8.13\lib\agents\gradle-instrumentation-agent-8.13.jar 
java_command: org.gradle.launcher.daemon.bootstrap.GradleDaemon 8.13
java_class_path (initial): C:\Users\AD\.gradle\wrapper\dists\gradle-8.13-bin\5xuhj0ry160q40clulazy9h7d\gradle-8.13\lib\gradle-daemon-main-8.13.jar
Launcher Type: SUN_STANDARD

[Global flags]
     intx CICompilerCount                          = 4                                         {product} {ergonomic}
   size_t CompressedClassSpaceSize                 = 335544320                                 {product} {ergonomic}
     uint ConcGCThreads                            = 2                                         {product} {ergonomic}
     uint G1ConcRefinementThreads                  = 8                                         {product} {ergonomic}
   size_t G1HeapRegionSize                         = 1048576                                   {product} {ergonomic}
    uintx GCDrainStackTargetSize                   = 64                                        {product} {ergonomic}
     bool HeapDumpOnOutOfMemoryError               = true                                   {manageable} {command line}
   size_t InitialHeapSize                          = 268435456                                 {product} {command line}
   size_t MarkStackSize                            = 4194304                                   {product} {ergonomic}
   size_t MaxHeapSize                              = 536870912                                 {product} {command line}
   size_t MaxMetaspaceSize                         = 402653184                                 {product} {command line}
   size_t MaxNewSize                               = 321912832                                 {product} {ergonomic}
   size_t MinHeapDeltaBytes                        = 1048576                                   {product} {ergonomic}
   size_t MinHeapSize                              = 268435456                                 {product} {command line}
    uintx NonNMethodCodeHeapSize                   = 5839372                                {pd product} {ergonomic}
    uintx NonProfiledCodeHeapSize                  = 122909434                              {pd product} {ergonomic}
    uintx ProfiledCodeHeapSize                     = 122909434                              {pd product} {ergonomic}
    uintx ReservedCodeCacheSize                    = 251658240                              {pd product} {ergonomic}
     bool SegmentedCodeCache                       = true                                      {product} {ergonomic}
   size_t SoftMaxHeapSize                          = 536870912                              {manageable} {ergonomic}
     bool UseCompressedClassPointers               = true                           {product lp64_product} {ergonomic}
     bool UseCompressedOops                        = true                           {product lp64_product} {ergonomic}
     bool UseG1GC                                  = true                                      {product} {ergonomic}
     bool UseLargePagesIndividualAllocation        = false                                  {pd product} {ergonomic}

Logging:
Log output configuration:
 #0: stdout all=warning uptime,level,tags
 #1: stderr all=off uptime,level,tags

Environment Variables:
JAVA_HOME=C:\Program Files\jdk-17.0.12
PATH=D:\system program files\VM-WARE-NEW\bin\;C:\WINDOWS\system32;C:\WINDOWS;C:\WINDOWS\System32\Wbem;C:\WINDOWS\System32\WindowsPowerShell\v1.0\;C:\WINDOWS\System32\OpenSSH\;C:\Program Files\Git\cmd;C:\Program Files\nodejs\;C:\Program Files\jdk-17.0.12\bin;C:\Program Files\gradle-8.7\bin;C:\Program Files\MongoDB\Server\5.0\bin;;C:\Program Files\Docker\Docker\resources\bin;C:\Program Files\Amazon\AWSCLIV2\;C:\Users\AD\AppData\Local\Programs\Python\Python313\Scripts\;C:\Users\AD\AppData\Local\Programs\Python\Python313\;C:\Users\AD\AppData\Local\Programs\Python\Launcher\;C:\Users\AD\AppData\Local\Microsoft\WindowsApps;;C:\Program Files\JetBrains\IntelliJ IDEA 2024.3.1\bin;;C:\Users\AD\AppData\Roaming\npm;C:\Users\AD\AppData\Local\Programs\Hyper\resources\bin;C:\Users\AD\AppData\Local\Programs\Microsoft VS Code\bin
USERNAME=AD
OS=Windows_NT
PROCESSOR_IDENTIFIER=Intel64 Family 6 Model 140 Stepping 1, GenuineIntel



---------------  S Y S T E M  ---------------

OS:
 Windows 11 , 64 bit Build 26100 (10.0.26100.3775)
OS uptime: 0 days 3:48 hours
Hyper-V role detected

CPU: total 8 (initial active 8) (4 cores per cpu, 2 threads per core) family 6 model 140 stepping 1 microcode 0xb8, cx8, cmov, fxsr, ht, mmx, 3dnowpref, sse, sse2, sse3, ssse3, sse4.1, sse4.2, popcnt, lzcnt, tsc, tscinvbit, avx, avx2, aes, erms, clmul, bmi1, bmi2, adx, avx512f, avx512dq, avx512cd, avx512bw, avx512vl, sha, fma, vzeroupper, avx512_vpopcntdq, avx512_vpclmulqdq, avx512_vaes, avx512_vnni, clflush, clflushopt, clwb, avx512_vbmi2, avx512_vbmi, hv

Memory: 4k page, system-wide physical 16118M (694M free)
TotalPageFile size 46561M (AvailPageFile size 9M)
current process WorkingSet (physical memory assigned to process): 132M, peak: 246M
current process commit charge ("private bytes"): 432M, peak: 438M

vm_info: Java HotSpot(TM) 64-Bit Server VM (17.0.12+8-LTS-286) for windows-amd64 JRE (17.0.12+8-LTS-286), built on Jun  5 2024 06:46:59 by "mach5one" with MS VC++ 17.6 (VS2022)

END.
