#
# There is insufficient memory for the Java Runtime Environment to continue.
# Native memory allocation (malloc) failed to allocate 2071536 bytes for Chunk::new
# Possible reasons:
#   The system is out of physical RAM or swap space
#   The process is running with CompressedOops enabled, and the Java Heap may be blocking the growth of the native heap
# Possible solutions:
#   Reduce memory load on the system
#   Increase physical memory or swap space
#   Check if swap backing store is full
#   Decrease Java heap size (-Xmx/-Xms)
#   Decrease number of Java threads
#   Decrease Java thread stack sizes (-Xss)
#   Set larger code cache with -XX:ReservedCodeCacheSize=
#   JVM is running with Unscaled Compressed Oops mode in which the Java heap is
#     placed in the first 4GB address space. The Java Heap base address is the
#     maximum limit for the native heap growth. Please use -XX:HeapBaseMinAddress
#     to set the Java Heap base and to place the Java Heap above 4GB virtual address.
# This output file may be truncated or incomplete.
#
#  Out of Memory Error (arena.cpp:189), pid=1560, tid=30220
#
# JRE version: Java(TM) SE Runtime Environment (17.0.12+8) (build 17.0.12+8-LTS-286)
# Java VM: Java HotSpot(TM) 64-Bit Server VM (17.0.12+8-LTS-286, mixed mode, sharing, tiered, compressed oops, compressed class ptrs, g1 gc, windows-amd64)
# No core dump will be written. Minidumps are not enabled by default on client versions of Windows
#

---------------  S U M M A R Y ------------

Command Line: --add-opens=java.base/java.lang=ALL-UNNAMED --add-opens=java.base/java.lang.invoke=ALL-UNNAMED --add-opens=java.base/java.util=ALL-UNNAMED --add-opens=java.prefs/java.util.prefs=ALL-UNNAMED --add-exports=jdk.compiler/com.sun.tools.javac.api=ALL-UNNAMED --add-exports=jdk.compiler/com.sun.tools.javac.util=ALL-UNNAMED --add-opens=java.base/java.util=ALL-UNNAMED --add-opens=java.prefs/java.util.prefs=ALL-UNNAMED --add-opens=java.base/java.nio.charset=ALL-UNNAMED --add-opens=java.base/java.net=ALL-UNNAMED --add-opens=java.base/java.util.concurrent.atomic=ALL-UNNAMED --add-opens=java.xml/javax.xml.namespace=ALL-UNNAMED -XX:MaxMetaspaceSize=384m -XX:+HeapDumpOnOutOfMemoryError -Xms256m -Xmx512m -Dfile.encoding=UTF-8 -Duser.country=US -Duser.language=en -Duser.variant -javaagent:C:\Users\AD\.gradle\wrapper\dists\gradle-8.13-bin\5xuhj0ry160q40clulazy9h7d\gradle-8.13\lib\agents\gradle-instrumentation-agent-8.13.jar org.gradle.launcher.daemon.bootstrap.GradleDaemon 8.13

Host: 11th Gen Intel(R) Core(TM) i5-1135G7 @ 2.40GHz, 8 cores, 15G,  Windows 11 , 64 bit Build 26100 (10.0.26100.3775)
Time: Sun Apr 20 13:27:56 2025 SE Asia Standard Time elapsed time: 52.385605 seconds (0d 0h 0m 52s)

---------------  T H R E A D  ---------------

Current thread (0x000001ebfff4b500):  JavaThread "C2 CompilerThread0" daemon [_thread_in_native, id=30220, stack(0x000000cb40900000,0x000000cb40a00000)]


Current CompileTask:
C2:  52385 2469   !   4       java.lang.ClassLoader::loadClass (121 bytes)

Stack: [0x000000cb40900000,0x000000cb40a00000]
Native frames: (J=compiled Java code, j=interpreted, Vv=VM code, C=native code)
V  [jvm.dll+0x67a04a]
V  [jvm.dll+0x7da4ed]
V  [jvm.dll+0x7dbe33]
V  [jvm.dll+0x7dc4a3]
V  [jvm.dll+0x24508f]
V  [jvm.dll+0xab773]
V  [jvm.dll+0xabd3c]
V  [jvm.dll+0x361b9f]
V  [jvm.dll+0x1ba64a]
V  [jvm.dll+0x216997]
V  [jvm.dll+0x215c6f]
V  [jvm.dll+0x1a2960]
V  [jvm.dll+0x22610b]
V  [jvm.dll+0x2242ab]
V  [jvm.dll+0x79075c]
V  [jvm.dll+0x78abea]
V  [jvm.dll+0x678f35]
C  [ucrtbase.dll+0x37b0]
C  [KERNEL32.DLL+0x2e8d7]
C  [ntdll.dll+0xb14fc]


---------------  P R O C E S S  ---------------

Threads class SMR info:
_java_thread_list=0x000001ebab255000, length=24, elements={
0x000001ebf5e989f0, 0x000001ebfff31b80, 0x000001ebfff32650, 0x000001ebfff46cd0,
0x000001ebfff476a0, 0x000001ebfff49f80, 0x000001ebfff4a850, 0x000001ebfff4b500,
0x000001ebfff538a0, 0x000001ebfff578d0, 0x000001ebfff169f0, 0x000001ebaa292230,
0x000001ebaa18f380, 0x000001ebaac90da0, 0x000001ebaa19a750, 0x000001ebaa332760,
0x000001ebab2d7590, 0x000001ebaae457c0, 0x000001ebaae46c00, 0x000001ebaae44da0,
0x000001ebaae461e0, 0x000001ebaae43450, 0x000001ebaae44890, 0x000001ebaae45cd0
}

Java Threads: ( => current thread )
  0x000001ebf5e989f0 JavaThread "main" [_thread_blocked, id=25136, stack(0x000000cb3fc00000,0x000000cb3fd00000)]
  0x000001ebfff31b80 JavaThread "Reference Handler" daemon [_thread_blocked, id=26088, stack(0x000000cb40300000,0x000000cb40400000)]
  0x000001ebfff32650 JavaThread "Finalizer" daemon [_thread_blocked, id=22960, stack(0x000000cb40400000,0x000000cb40500000)]
  0x000001ebfff46cd0 JavaThread "Signal Dispatcher" daemon [_thread_blocked, id=17752, stack(0x000000cb40500000,0x000000cb40600000)]
  0x000001ebfff476a0 JavaThread "Attach Listener" daemon [_thread_blocked, id=30228, stack(0x000000cb40600000,0x000000cb40700000)]
  0x000001ebfff49f80 JavaThread "Service Thread" daemon [_thread_blocked, id=25952, stack(0x000000cb40700000,0x000000cb40800000)]
  0x000001ebfff4a850 JavaThread "Monitor Deflation Thread" daemon [_thread_blocked, id=8296, stack(0x000000cb40800000,0x000000cb40900000)]
=>0x000001ebfff4b500 JavaThread "C2 CompilerThread0" daemon [_thread_in_native, id=30220, stack(0x000000cb40900000,0x000000cb40a00000)]
  0x000001ebfff538a0 JavaThread "C1 CompilerThread0" daemon [_thread_blocked, id=15560, stack(0x000000cb40a00000,0x000000cb40b00000)]
  0x000001ebfff578d0 JavaThread "Sweeper thread" daemon [_thread_blocked, id=14564, stack(0x000000cb40b00000,0x000000cb40c00000)]
  0x000001ebfff169f0 JavaThread "Common-Cleaner" daemon [_thread_blocked, id=28572, stack(0x000000cb40c00000,0x000000cb40d00000)]
  0x000001ebaa292230 JavaThread "Notification Thread" daemon [_thread_blocked, id=20168, stack(0x000000cb40d00000,0x000000cb40e00000)]
  0x000001ebaa18f380 JavaThread "Daemon health stats" [_thread_blocked, id=29044, stack(0x000000cb41400000,0x000000cb41500000)]
  0x000001ebaac90da0 JavaThread "Incoming local TCP Connector on port 61865" [_thread_in_native, id=19328, stack(0x000000cb41500000,0x000000cb41600000)]
  0x000001ebaa19a750 JavaThread "Daemon periodic checks" [_thread_blocked, id=26224, stack(0x000000cb41600000,0x000000cb41700000)]
  0x000001ebaa332760 JavaThread "Daemon" [_thread_blocked, id=15064, stack(0x000000cb41700000,0x000000cb41800000)]
  0x000001ebab2d7590 JavaThread "Handler for socket connection from /127.0.0.1:61865 to /127.0.0.1:61866" [_thread_in_native, id=21616, stack(0x000000cb41800000,0x000000cb41900000)]
  0x000001ebaae457c0 JavaThread "Cancel handler" [_thread_blocked, id=21992, stack(0x000000cb41900000,0x000000cb41a00000)]
  0x000001ebaae46c00 JavaThread "Daemon worker" [_thread_blocked, id=18060, stack(0x000000cb41a00000,0x000000cb41b00000)]
  0x000001ebaae44da0 JavaThread "Asynchronous log dispatcher for DefaultDaemonConnection: socket connection from /127.0.0.1:61865 to /127.0.0.1:61866" [_thread_blocked, id=27084, stack(0x000000cb41b00000,0x000000cb41c00000)]
  0x000001ebaae461e0 JavaThread "Stdin handler" [_thread_blocked, id=22088, stack(0x000000cb41c00000,0x000000cb41d00000)]
  0x000001ebaae43450 JavaThread "Daemon client event forwarder" [_thread_blocked, id=9168, stack(0x000000cb41d00000,0x000000cb41e00000)]
  0x000001ebaae44890 JavaThread "Cache worker for journal cache (C:\Users\AD\.gradle\caches\journal-1)" [_thread_blocked, id=16556, stack(0x000000cb41e00000,0x000000cb41f00000)]
  0x000001ebaae45cd0 JavaThread "File lock request listener" [_thread_in_native, id=27868, stack(0x000000cb41f00000,0x000000cb42000000)]

Other Threads:
  0x000001ebfff2c210 VMThread "VM Thread" [stack: 0x000000cb40200000,0x000000cb40300000] [id=21128]
  0x000001ebf5e99680 WatcherThread [stack: 0x000000cb40e00000,0x000000cb40f00000] [id=23776]
  0x000001ebf5ec6740 GCTaskThread "GC Thread#0" [stack: 0x000000cb3fd00000,0x000000cb3fe00000] [id=20368]
  0x000001ebaa3a2e00 GCTaskThread "GC Thread#1" [stack: 0x000000cb40f00000,0x000000cb41000000] [id=20300]
  0x000001ebaa5f7760 GCTaskThread "GC Thread#2" [stack: 0x000000cb41000000,0x000000cb41100000] [id=29240]
  0x000001ebaa5f7a20 GCTaskThread "GC Thread#3" [stack: 0x000000cb41100000,0x000000cb41200000] [id=29272]
  0x000001ebaa5f7ce0 GCTaskThread "GC Thread#4" [stack: 0x000000cb41200000,0x000000cb41300000] [id=19700]
  0x000001ebaa66a200 GCTaskThread "GC Thread#5" [stack: 0x000000cb41300000,0x000000cb41400000] [id=18012]
  0x000001ebf5ec7570 ConcurrentGCThread "G1 Main Marker" [stack: 0x000000cb3fe00000,0x000000cb3ff00000] [id=26880]
  0x000001ebf45fecd0 ConcurrentGCThread "G1 Conc#0" [stack: 0x000000cb3ff00000,0x000000cb40000000] [id=8884]
  0x000001ebffde60f0 ConcurrentGCThread "G1 Refine#0" [stack: 0x000000cb40000000,0x000000cb40100000] [id=13600]
  0x000001ebffde6a30 ConcurrentGCThread "G1 Service" [stack: 0x000000cb40100000,0x000000cb40200000] [id=25244]

Threads with active compile tasks:
C2 CompilerThread0    52414 2469   !   4       java.lang.ClassLoader::loadClass (121 bytes)

VM state: not at safepoint (normal execution)

VM Mutex/Monitor currently owned by a thread: None

Heap address: 0x00000000e0000000, size: 512 MB, Compressed Oops mode: 32-bit

CDS archive(s) mapped at: [0x000001eb91000000-0x000001eb91bd0000-0x000001eb91bd0000), size 12386304, SharedBaseAddress: 0x000001eb91000000, ArchiveRelocationMode: 1.
Compressed class space mapped at: 0x000001eb92000000-0x000001eba6000000, reserved size: 335544320
Narrow klass base: 0x000001eb91000000, Narrow klass shift: 0, Narrow klass range: 0x100000000

GC Precious Log:
 CPUs: 8 total, 8 available
 Memory: 16118M
 Large Page Support: Disabled
 NUMA Support: Disabled
 Compressed Oops: Enabled (32-bit)
 Heap Region Size: 1M
 Heap Min Capacity: 256M
 Heap Initial Capacity: 256M
 Heap Max Capacity: 512M
 Pre-touch: Disabled
 Parallel Workers: 8
 Concurrent Workers: 2
 Concurrent Refinement Workers: 8
 Periodic GC: Disabled

Heap:
 garbage-first heap   total 262144K, used 64705K [0x00000000e0000000, 0x0000000100000000)
  region size 1024K, 53 young (54272K), 5 survivors (5120K)
 Metaspace       used 14402K, committed 14720K, reserved 393216K
  class space    used 1974K, committed 2112K, reserved 327680K

Heap Regions: E=young(eden), S=young(survivor), O=old, HS=humongous(starts), HC=humongous(continues), CS=collection set, F=free, OA=open archive, CA=closed archive, TAMS=top-at-mark-start (previous, next)
|   0|0x00000000e0000000, 0x00000000e0100000, 0x00000000e0100000|100%|HS|  |TAMS 0x00000000e0000000, 0x00000000e0000000| Complete 
|   1|0x00000000e0100000, 0x00000000e0200000, 0x00000000e0200000|100%|HC|  |TAMS 0x00000000e0100000, 0x00000000e0100000| Complete 
|   2|0x00000000e0200000, 0x00000000e0300000, 0x00000000e0300000|100%|HC|  |TAMS 0x00000000e0200000, 0x00000000e0200000| Complete 
|   3|0x00000000e0300000, 0x00000000e0400000, 0x00000000e0400000|100%| O|  |TAMS 0x00000000e0300000, 0x00000000e0300000| Untracked 
|   4|0x00000000e0400000, 0x00000000e0500000, 0x00000000e0500000|100%| O|  |TAMS 0x00000000e0400000, 0x00000000e0400000| Untracked 
|   5|0x00000000e0500000, 0x00000000e0600000, 0x00000000e0600000|100%| O|  |TAMS 0x00000000e0500000, 0x00000000e0500000| Untracked 
|   6|0x00000000e0600000, 0x00000000e0700000, 0x00000000e0700000|100%|HS|  |TAMS 0x00000000e0600000, 0x00000000e0600000| Complete 
|   7|0x00000000e0700000, 0x00000000e0700000, 0x00000000e0800000|  0%| F|  |TAMS 0x00000000e0700000, 0x00000000e0700000| Untracked 
|   8|0x00000000e0800000, 0x00000000e0900000, 0x00000000e0900000|100%| O|  |TAMS 0x00000000e0800000, 0x00000000e0800000| Untracked 
|   9|0x00000000e0900000, 0x00000000e0a00000, 0x00000000e0a00000|100%| O|  |TAMS 0x00000000e0900000, 0x00000000e0900000| Untracked 
|  10|0x00000000e0a00000, 0x00000000e0b00000, 0x00000000e0b00000|100%| O|  |TAMS 0x00000000e0a00000, 0x00000000e0a00000| Untracked 
|  11|0x00000000e0b00000, 0x00000000e0c00000, 0x00000000e0c00000|100%| O|  |TAMS 0x00000000e0b00000, 0x00000000e0b00000| Untracked 
|  12|0x00000000e0c00000, 0x00000000e0cae200, 0x00000000e0d00000| 68%| O|  |TAMS 0x00000000e0c00000, 0x00000000e0c00000| Untracked 
|  13|0x00000000e0d00000, 0x00000000e0d00000, 0x00000000e0e00000|  0%| F|  |TAMS 0x00000000e0d00000, 0x00000000e0d00000| Untracked 
|  14|0x00000000e0e00000, 0x00000000e0e00000, 0x00000000e0f00000|  0%| F|  |TAMS 0x00000000e0e00000, 0x00000000e0e00000| Untracked 
|  15|0x00000000e0f00000, 0x00000000e0f00000, 0x00000000e1000000|  0%| F|  |TAMS 0x00000000e0f00000, 0x00000000e0f00000| Untracked 
|  16|0x00000000e1000000, 0x00000000e1000000, 0x00000000e1100000|  0%| F|  |TAMS 0x00000000e1000000, 0x00000000e1000000| Untracked 
|  17|0x00000000e1100000, 0x00000000e1100000, 0x00000000e1200000|  0%| F|  |TAMS 0x00000000e1100000, 0x00000000e1100000| Untracked 
|  18|0x00000000e1200000, 0x00000000e1200000, 0x00000000e1300000|  0%| F|  |TAMS 0x00000000e1200000, 0x00000000e1200000| Untracked 
|  19|0x00000000e1300000, 0x00000000e1300000, 0x00000000e1400000|  0%| F|  |TAMS 0x00000000e1300000, 0x00000000e1300000| Untracked 
|  20|0x00000000e1400000, 0x00000000e1400000, 0x00000000e1500000|  0%| F|  |TAMS 0x00000000e1400000, 0x00000000e1400000| Untracked 
|  21|0x00000000e1500000, 0x00000000e1500000, 0x00000000e1600000|  0%| F|  |TAMS 0x00000000e1500000, 0x00000000e1500000| Untracked 
|  22|0x00000000e1600000, 0x00000000e1600000, 0x00000000e1700000|  0%| F|  |TAMS 0x00000000e1600000, 0x00000000e1600000| Untracked 
|  23|0x00000000e1700000, 0x00000000e1700000, 0x00000000e1800000|  0%| F|  |TAMS 0x00000000e1700000, 0x00000000e1700000| Untracked 
|  24|0x00000000e1800000, 0x00000000e1800000, 0x00000000e1900000|  0%| F|  |TAMS 0x00000000e1800000, 0x00000000e1800000| Untracked 
|  25|0x00000000e1900000, 0x00000000e1900000, 0x00000000e1a00000|  0%| F|  |TAMS 0x00000000e1900000, 0x00000000e1900000| Untracked 
|  26|0x00000000e1a00000, 0x00000000e1a00000, 0x00000000e1b00000|  0%| F|  |TAMS 0x00000000e1a00000, 0x00000000e1a00000| Untracked 
|  27|0x00000000e1b00000, 0x00000000e1b00000, 0x00000000e1c00000|  0%| F|  |TAMS 0x00000000e1b00000, 0x00000000e1b00000| Untracked 
|  28|0x00000000e1c00000, 0x00000000e1c00000, 0x00000000e1d00000|  0%| F|  |TAMS 0x00000000e1c00000, 0x00000000e1c00000| Untracked 
|  29|0x00000000e1d00000, 0x00000000e1d00000, 0x00000000e1e00000|  0%| F|  |TAMS 0x00000000e1d00000, 0x00000000e1d00000| Untracked 
|  30|0x00000000e1e00000, 0x00000000e1e00000, 0x00000000e1f00000|  0%| F|  |TAMS 0x00000000e1e00000, 0x00000000e1e00000| Untracked 
|  31|0x00000000e1f00000, 0x00000000e1f00000, 0x00000000e2000000|  0%| F|  |TAMS 0x00000000e1f00000, 0x00000000e1f00000| Untracked 
|  32|0x00000000e2000000, 0x00000000e2000000, 0x00000000e2100000|  0%| F|  |TAMS 0x00000000e2000000, 0x00000000e2000000| Untracked 
|  33|0x00000000e2100000, 0x00000000e2100000, 0x00000000e2200000|  0%| F|  |TAMS 0x00000000e2100000, 0x00000000e2100000| Untracked 
|  34|0x00000000e2200000, 0x00000000e2200000, 0x00000000e2300000|  0%| F|  |TAMS 0x00000000e2200000, 0x00000000e2200000| Untracked 
|  35|0x00000000e2300000, 0x00000000e2300000, 0x00000000e2400000|  0%| F|  |TAMS 0x00000000e2300000, 0x00000000e2300000| Untracked 
|  36|0x00000000e2400000, 0x00000000e2400000, 0x00000000e2500000|  0%| F|  |TAMS 0x00000000e2400000, 0x00000000e2400000| Untracked 
|  37|0x00000000e2500000, 0x00000000e2500000, 0x00000000e2600000|  0%| F|  |TAMS 0x00000000e2500000, 0x00000000e2500000| Untracked 
|  38|0x00000000e2600000, 0x00000000e2600000, 0x00000000e2700000|  0%| F|  |TAMS 0x00000000e2600000, 0x00000000e2600000| Untracked 
|  39|0x00000000e2700000, 0x00000000e2700000, 0x00000000e2800000|  0%| F|  |TAMS 0x00000000e2700000, 0x00000000e2700000| Untracked 
|  40|0x00000000e2800000, 0x00000000e2800000, 0x00000000e2900000|  0%| F|  |TAMS 0x00000000e2800000, 0x00000000e2800000| Untracked 
|  41|0x00000000e2900000, 0x00000000e2900000, 0x00000000e2a00000|  0%| F|  |TAMS 0x00000000e2900000, 0x00000000e2900000| Untracked 
|  42|0x00000000e2a00000, 0x00000000e2a00000, 0x00000000e2b00000|  0%| F|  |TAMS 0x00000000e2a00000, 0x00000000e2a00000| Untracked 
|  43|0x00000000e2b00000, 0x00000000e2b00000, 0x00000000e2c00000|  0%| F|  |TAMS 0x00000000e2b00000, 0x00000000e2b00000| Untracked 
|  44|0x00000000e2c00000, 0x00000000e2c00000, 0x00000000e2d00000|  0%| F|  |TAMS 0x00000000e2c00000, 0x00000000e2c00000| Untracked 
|  45|0x00000000e2d00000, 0x00000000e2d00000, 0x00000000e2e00000|  0%| F|  |TAMS 0x00000000e2d00000, 0x00000000e2d00000| Untracked 
|  46|0x00000000e2e00000, 0x00000000e2e00000, 0x00000000e2f00000|  0%| F|  |TAMS 0x00000000e2e00000, 0x00000000e2e00000| Untracked 
|  47|0x00000000e2f00000, 0x00000000e2f00000, 0x00000000e3000000|  0%| F|  |TAMS 0x00000000e2f00000, 0x00000000e2f00000| Untracked 
|  48|0x00000000e3000000, 0x00000000e3000000, 0x00000000e3100000|  0%| F|  |TAMS 0x00000000e3000000, 0x00000000e3000000| Untracked 
|  49|0x00000000e3100000, 0x00000000e3100000, 0x00000000e3200000|  0%| F|  |TAMS 0x00000000e3100000, 0x00000000e3100000| Untracked 
|  50|0x00000000e3200000, 0x00000000e3200000, 0x00000000e3300000|  0%| F|  |TAMS 0x00000000e3200000, 0x00000000e3200000| Untracked 
|  51|0x00000000e3300000, 0x00000000e3300000, 0x00000000e3400000|  0%| F|  |TAMS 0x00000000e3300000, 0x00000000e3300000| Untracked 
|  52|0x00000000e3400000, 0x00000000e3400000, 0x00000000e3500000|  0%| F|  |TAMS 0x00000000e3400000, 0x00000000e3400000| Untracked 
|  53|0x00000000e3500000, 0x00000000e3500000, 0x00000000e3600000|  0%| F|  |TAMS 0x00000000e3500000, 0x00000000e3500000| Untracked 
|  54|0x00000000e3600000, 0x00000000e3600000, 0x00000000e3700000|  0%| F|  |TAMS 0x00000000e3600000, 0x00000000e3600000| Untracked 
|  55|0x00000000e3700000, 0x00000000e3700000, 0x00000000e3800000|  0%| F|  |TAMS 0x00000000e3700000, 0x00000000e3700000| Untracked 
|  56|0x00000000e3800000, 0x00000000e3800000, 0x00000000e3900000|  0%| F|  |TAMS 0x00000000e3800000, 0x00000000e3800000| Untracked 
|  57|0x00000000e3900000, 0x00000000e3900000, 0x00000000e3a00000|  0%| F|  |TAMS 0x00000000e3900000, 0x00000000e3900000| Untracked 
|  58|0x00000000e3a00000, 0x00000000e3a00000, 0x00000000e3b00000|  0%| F|  |TAMS 0x00000000e3a00000, 0x00000000e3a00000| Untracked 
|  59|0x00000000e3b00000, 0x00000000e3b00000, 0x00000000e3c00000|  0%| F|  |TAMS 0x00000000e3b00000, 0x00000000e3b00000| Untracked 
|  60|0x00000000e3c00000, 0x00000000e3c00000, 0x00000000e3d00000|  0%| F|  |TAMS 0x00000000e3c00000, 0x00000000e3c00000| Untracked 
|  61|0x00000000e3d00000, 0x00000000e3d00000, 0x00000000e3e00000|  0%| F|  |TAMS 0x00000000e3d00000, 0x00000000e3d00000| Untracked 
|  62|0x00000000e3e00000, 0x00000000e3e00000, 0x00000000e3f00000|  0%| F|  |TAMS 0x00000000e3e00000, 0x00000000e3e00000| Untracked 
|  63|0x00000000e3f00000, 0x00000000e3f00000, 0x00000000e4000000|  0%| F|  |TAMS 0x00000000e3f00000, 0x00000000e3f00000| Untracked 
|  64|0x00000000e4000000, 0x00000000e4000000, 0x00000000e4100000|  0%| F|  |TAMS 0x00000000e4000000, 0x00000000e4000000| Untracked 
|  65|0x00000000e4100000, 0x00000000e4100000, 0x00000000e4200000|  0%| F|  |TAMS 0x00000000e4100000, 0x00000000e4100000| Untracked 
|  66|0x00000000e4200000, 0x00000000e4200000, 0x00000000e4300000|  0%| F|  |TAMS 0x00000000e4200000, 0x00000000e4200000| Untracked 
|  67|0x00000000e4300000, 0x00000000e4300000, 0x00000000e4400000|  0%| F|  |TAMS 0x00000000e4300000, 0x00000000e4300000| Untracked 
|  68|0x00000000e4400000, 0x00000000e4400000, 0x00000000e4500000|  0%| F|  |TAMS 0x00000000e4400000, 0x00000000e4400000| Untracked 
|  69|0x00000000e4500000, 0x00000000e4500000, 0x00000000e4600000|  0%| F|  |TAMS 0x00000000e4500000, 0x00000000e4500000| Untracked 
|  70|0x00000000e4600000, 0x00000000e4600000, 0x00000000e4700000|  0%| F|  |TAMS 0x00000000e4600000, 0x00000000e4600000| Untracked 
|  71|0x00000000e4700000, 0x00000000e4700000, 0x00000000e4800000|  0%| F|  |TAMS 0x00000000e4700000, 0x00000000e4700000| Untracked 
|  72|0x00000000e4800000, 0x00000000e4800000, 0x00000000e4900000|  0%| F|  |TAMS 0x00000000e4800000, 0x00000000e4800000| Untracked 
|  73|0x00000000e4900000, 0x00000000e4900000, 0x00000000e4a00000|  0%| F|  |TAMS 0x00000000e4900000, 0x00000000e4900000| Untracked 
|  74|0x00000000e4a00000, 0x00000000e4a00000, 0x00000000e4b00000|  0%| F|  |TAMS 0x00000000e4a00000, 0x00000000e4a00000| Untracked 
|  75|0x00000000e4b00000, 0x00000000e4b00000, 0x00000000e4c00000|  0%| F|  |TAMS 0x00000000e4b00000, 0x00000000e4b00000| Untracked 
|  76|0x00000000e4c00000, 0x00000000e4c00000, 0x00000000e4d00000|  0%| F|  |TAMS 0x00000000e4c00000, 0x00000000e4c00000| Untracked 
|  77|0x00000000e4d00000, 0x00000000e4d00000, 0x00000000e4e00000|  0%| F|  |TAMS 0x00000000e4d00000, 0x00000000e4d00000| Untracked 
|  78|0x00000000e4e00000, 0x00000000e4e00000, 0x00000000e4f00000|  0%| F|  |TAMS 0x00000000e4e00000, 0x00000000e4e00000| Untracked 
|  79|0x00000000e4f00000, 0x00000000e4f00000, 0x00000000e5000000|  0%| F|  |TAMS 0x00000000e4f00000, 0x00000000e4f00000| Untracked 
|  80|0x00000000e5000000, 0x00000000e5000000, 0x00000000e5100000|  0%| F|  |TAMS 0x00000000e5000000, 0x00000000e5000000| Untracked 
|  81|0x00000000e5100000, 0x00000000e5100000, 0x00000000e5200000|  0%| F|  |TAMS 0x00000000e5100000, 0x00000000e5100000| Untracked 
|  82|0x00000000e5200000, 0x00000000e5200000, 0x00000000e5300000|  0%| F|  |TAMS 0x00000000e5200000, 0x00000000e5200000| Untracked 
|  83|0x00000000e5300000, 0x00000000e5300000, 0x00000000e5400000|  0%| F|  |TAMS 0x00000000e5300000, 0x00000000e5300000| Untracked 
|  84|0x00000000e5400000, 0x00000000e5400000, 0x00000000e5500000|  0%| F|  |TAMS 0x00000000e5400000, 0x00000000e5400000| Untracked 
|  85|0x00000000e5500000, 0x00000000e5500000, 0x00000000e5600000|  0%| F|  |TAMS 0x00000000e5500000, 0x00000000e5500000| Untracked 
|  86|0x00000000e5600000, 0x00000000e5600000, 0x00000000e5700000|  0%| F|  |TAMS 0x00000000e5600000, 0x00000000e5600000| Untracked 
|  87|0x00000000e5700000, 0x00000000e5700000, 0x00000000e5800000|  0%| F|  |TAMS 0x00000000e5700000, 0x00000000e5700000| Untracked 
|  88|0x00000000e5800000, 0x00000000e5800000, 0x00000000e5900000|  0%| F|  |TAMS 0x00000000e5800000, 0x00000000e5800000| Untracked 
|  89|0x00000000e5900000, 0x00000000e5900000, 0x00000000e5a00000|  0%| F|  |TAMS 0x00000000e5900000, 0x00000000e5900000| Untracked 
|  90|0x00000000e5a00000, 0x00000000e5a00000, 0x00000000e5b00000|  0%| F|  |TAMS 0x00000000e5a00000, 0x00000000e5a00000| Untracked 
|  91|0x00000000e5b00000, 0x00000000e5b00000, 0x00000000e5c00000|  0%| F|  |TAMS 0x00000000e5b00000, 0x00000000e5b00000| Untracked 
|  92|0x00000000e5c00000, 0x00000000e5c00000, 0x00000000e5d00000|  0%| F|  |TAMS 0x00000000e5c00000, 0x00000000e5c00000| Untracked 
|  93|0x00000000e5d00000, 0x00000000e5d00000, 0x00000000e5e00000|  0%| F|  |TAMS 0x00000000e5d00000, 0x00000000e5d00000| Untracked 
|  94|0x00000000e5e00000, 0x00000000e5e00000, 0x00000000e5f00000|  0%| F|  |TAMS 0x00000000e5e00000, 0x00000000e5e00000| Untracked 
|  95|0x00000000e5f00000, 0x00000000e5f00000, 0x00000000e6000000|  0%| F|  |TAMS 0x00000000e5f00000, 0x00000000e5f00000| Untracked 
|  96|0x00000000e6000000, 0x00000000e6000000, 0x00000000e6100000|  0%| F|  |TAMS 0x00000000e6000000, 0x00000000e6000000| Untracked 
|  97|0x00000000e6100000, 0x00000000e6100000, 0x00000000e6200000|  0%| F|  |TAMS 0x00000000e6100000, 0x00000000e6100000| Untracked 
|  98|0x00000000e6200000, 0x00000000e6200000, 0x00000000e6300000|  0%| F|  |TAMS 0x00000000e6200000, 0x00000000e6200000| Untracked 
|  99|0x00000000e6300000, 0x00000000e6300000, 0x00000000e6400000|  0%| F|  |TAMS 0x00000000e6300000, 0x00000000e6300000| Untracked 
| 100|0x00000000e6400000, 0x00000000e6400000, 0x00000000e6500000|  0%| F|  |TAMS 0x00000000e6400000, 0x00000000e6400000| Untracked 
| 101|0x00000000e6500000, 0x00000000e6500000, 0x00000000e6600000|  0%| F|  |TAMS 0x00000000e6500000, 0x00000000e6500000| Untracked 
| 102|0x00000000e6600000, 0x00000000e6600000, 0x00000000e6700000|  0%| F|  |TAMS 0x00000000e6600000, 0x00000000e6600000| Untracked 
| 103|0x00000000e6700000, 0x00000000e6700000, 0x00000000e6800000|  0%| F|  |TAMS 0x00000000e6700000, 0x00000000e6700000| Untracked 
| 104|0x00000000e6800000, 0x00000000e6800000, 0x00000000e6900000|  0%| F|  |TAMS 0x00000000e6800000, 0x00000000e6800000| Untracked 
| 105|0x00000000e6900000, 0x00000000e6900000, 0x00000000e6a00000|  0%| F|  |TAMS 0x00000000e6900000, 0x00000000e6900000| Untracked 
| 106|0x00000000e6a00000, 0x00000000e6a00000, 0x00000000e6b00000|  0%| F|  |TAMS 0x00000000e6a00000, 0x00000000e6a00000| Untracked 
| 107|0x00000000e6b00000, 0x00000000e6b00000, 0x00000000e6c00000|  0%| F|  |TAMS 0x00000000e6b00000, 0x00000000e6b00000| Untracked 
| 108|0x00000000e6c00000, 0x00000000e6c00000, 0x00000000e6d00000|  0%| F|  |TAMS 0x00000000e6c00000, 0x00000000e6c00000| Untracked 
| 109|0x00000000e6d00000, 0x00000000e6d00000, 0x00000000e6e00000|  0%| F|  |TAMS 0x00000000e6d00000, 0x00000000e6d00000| Untracked 
| 110|0x00000000e6e00000, 0x00000000e6e00000, 0x00000000e6f00000|  0%| F|  |TAMS 0x00000000e6e00000, 0x00000000e6e00000| Untracked 
| 111|0x00000000e6f00000, 0x00000000e6f00000, 0x00000000e7000000|  0%| F|  |TAMS 0x00000000e6f00000, 0x00000000e6f00000| Untracked 
| 112|0x00000000e7000000, 0x00000000e7000000, 0x00000000e7100000|  0%| F|  |TAMS 0x00000000e7000000, 0x00000000e7000000| Untracked 
| 113|0x00000000e7100000, 0x00000000e7100000, 0x00000000e7200000|  0%| F|  |TAMS 0x00000000e7100000, 0x00000000e7100000| Untracked 
| 114|0x00000000e7200000, 0x00000000e7200000, 0x00000000e7300000|  0%| F|  |TAMS 0x00000000e7200000, 0x00000000e7200000| Untracked 
| 115|0x00000000e7300000, 0x00000000e7300000, 0x00000000e7400000|  0%| F|  |TAMS 0x00000000e7300000, 0x00000000e7300000| Untracked 
| 116|0x00000000e7400000, 0x00000000e7400000, 0x00000000e7500000|  0%| F|  |TAMS 0x00000000e7400000, 0x00000000e7400000| Untracked 
| 117|0x00000000e7500000, 0x00000000e7500000, 0x00000000e7600000|  0%| F|  |TAMS 0x00000000e7500000, 0x00000000e7500000| Untracked 
| 118|0x00000000e7600000, 0x00000000e7600000, 0x00000000e7700000|  0%| F|  |TAMS 0x00000000e7600000, 0x00000000e7600000| Untracked 
| 119|0x00000000e7700000, 0x00000000e7700000, 0x00000000e7800000|  0%| F|  |TAMS 0x00000000e7700000, 0x00000000e7700000| Untracked 
| 120|0x00000000e7800000, 0x00000000e7800000, 0x00000000e7900000|  0%| F|  |TAMS 0x00000000e7800000, 0x00000000e7800000| Untracked 
| 121|0x00000000e7900000, 0x00000000e7900000, 0x00000000e7a00000|  0%| F|  |TAMS 0x00000000e7900000, 0x00000000e7900000| Untracked 
| 122|0x00000000e7a00000, 0x00000000e7a00000, 0x00000000e7b00000|  0%| F|  |TAMS 0x00000000e7a00000, 0x00000000e7a00000| Untracked 
| 123|0x00000000e7b00000, 0x00000000e7b00000, 0x00000000e7c00000|  0%| F|  |TAMS 0x00000000e7b00000, 0x00000000e7b00000| Untracked 
| 124|0x00000000e7c00000, 0x00000000e7c00000, 0x00000000e7d00000|  0%| F|  |TAMS 0x00000000e7c00000, 0x00000000e7c00000| Untracked 
| 125|0x00000000e7d00000, 0x00000000e7d00000, 0x00000000e7e00000|  0%| F|  |TAMS 0x00000000e7d00000, 0x00000000e7d00000| Untracked 
| 126|0x00000000e7e00000, 0x00000000e7e00000, 0x00000000e7f00000|  0%| F|  |TAMS 0x00000000e7e00000, 0x00000000e7e00000| Untracked 
| 127|0x00000000e7f00000, 0x00000000e7f00000, 0x00000000e8000000|  0%| F|  |TAMS 0x00000000e7f00000, 0x00000000e7f00000| Untracked 
| 128|0x00000000e8000000, 0x00000000e8000000, 0x00000000e8100000|  0%| F|  |TAMS 0x00000000e8000000, 0x00000000e8000000| Untracked 
| 129|0x00000000e8100000, 0x00000000e8100000, 0x00000000e8200000|  0%| F|  |TAMS 0x00000000e8100000, 0x00000000e8100000| Untracked 
| 130|0x00000000e8200000, 0x00000000e8200000, 0x00000000e8300000|  0%| F|  |TAMS 0x00000000e8200000, 0x00000000e8200000| Untracked 
| 131|0x00000000e8300000, 0x00000000e8300000, 0x00000000e8400000|  0%| F|  |TAMS 0x00000000e8300000, 0x00000000e8300000| Untracked 
| 132|0x00000000e8400000, 0x00000000e8400000, 0x00000000e8500000|  0%| F|  |TAMS 0x00000000e8400000, 0x00000000e8400000| Untracked 
| 133|0x00000000e8500000, 0x00000000e8500000, 0x00000000e8600000|  0%| F|  |TAMS 0x00000000e8500000, 0x00000000e8500000| Untracked 
| 134|0x00000000e8600000, 0x00000000e8600000, 0x00000000e8700000|  0%| F|  |TAMS 0x00000000e8600000, 0x00000000e8600000| Untracked 
| 135|0x00000000e8700000, 0x00000000e8700000, 0x00000000e8800000|  0%| F|  |TAMS 0x00000000e8700000, 0x00000000e8700000| Untracked 
| 136|0x00000000e8800000, 0x00000000e8800000, 0x00000000e8900000|  0%| F|  |TAMS 0x00000000e8800000, 0x00000000e8800000| Untracked 
| 137|0x00000000e8900000, 0x00000000e8900000, 0x00000000e8a00000|  0%| F|  |TAMS 0x00000000e8900000, 0x00000000e8900000| Untracked 
| 138|0x00000000e8a00000, 0x00000000e8a00000, 0x00000000e8b00000|  0%| F|  |TAMS 0x00000000e8a00000, 0x00000000e8a00000| Untracked 
| 139|0x00000000e8b00000, 0x00000000e8b00000, 0x00000000e8c00000|  0%| F|  |TAMS 0x00000000e8b00000, 0x00000000e8b00000| Untracked 
| 140|0x00000000e8c00000, 0x00000000e8c00000, 0x00000000e8d00000|  0%| F|  |TAMS 0x00000000e8c00000, 0x00000000e8c00000| Untracked 
| 141|0x00000000e8d00000, 0x00000000e8d00000, 0x00000000e8e00000|  0%| F|  |TAMS 0x00000000e8d00000, 0x00000000e8d00000| Untracked 
| 142|0x00000000e8e00000, 0x00000000e8e00000, 0x00000000e8f00000|  0%| F|  |TAMS 0x00000000e8e00000, 0x00000000e8e00000| Untracked 
| 143|0x00000000e8f00000, 0x00000000e8f00000, 0x00000000e9000000|  0%| F|  |TAMS 0x00000000e8f00000, 0x00000000e8f00000| Untracked 
| 144|0x00000000e9000000, 0x00000000e9000000, 0x00000000e9100000|  0%| F|  |TAMS 0x00000000e9000000, 0x00000000e9000000| Untracked 
| 145|0x00000000e9100000, 0x00000000e9100000, 0x00000000e9200000|  0%| F|  |TAMS 0x00000000e9100000, 0x00000000e9100000| Untracked 
| 146|0x00000000e9200000, 0x00000000e9200000, 0x00000000e9300000|  0%| F|  |TAMS 0x00000000e9200000, 0x00000000e9200000| Untracked 
| 147|0x00000000e9300000, 0x00000000e9300000, 0x00000000e9400000|  0%| F|  |TAMS 0x00000000e9300000, 0x00000000e9300000| Untracked 
| 148|0x00000000e9400000, 0x00000000e9400000, 0x00000000e9500000|  0%| F|  |TAMS 0x00000000e9400000, 0x00000000e9400000| Untracked 
| 149|0x00000000e9500000, 0x00000000e9500000, 0x00000000e9600000|  0%| F|  |TAMS 0x00000000e9500000, 0x00000000e9500000| Untracked 
| 150|0x00000000e9600000, 0x00000000e9600000, 0x00000000e9700000|  0%| F|  |TAMS 0x00000000e9600000, 0x00000000e9600000| Untracked 
| 151|0x00000000e9700000, 0x00000000e9700000, 0x00000000e9800000|  0%| F|  |TAMS 0x00000000e9700000, 0x00000000e9700000| Untracked 
| 152|0x00000000e9800000, 0x00000000e9800000, 0x00000000e9900000|  0%| F|  |TAMS 0x00000000e9800000, 0x00000000e9800000| Untracked 
| 153|0x00000000e9900000, 0x00000000e9900000, 0x00000000e9a00000|  0%| F|  |TAMS 0x00000000e9900000, 0x00000000e9900000| Untracked 
| 154|0x00000000e9a00000, 0x00000000e9a00000, 0x00000000e9b00000|  0%| F|  |TAMS 0x00000000e9a00000, 0x00000000e9a00000| Untracked 
| 155|0x00000000e9b00000, 0x00000000e9b00000, 0x00000000e9c00000|  0%| F|  |TAMS 0x00000000e9b00000, 0x00000000e9b00000| Untracked 
| 156|0x00000000e9c00000, 0x00000000e9c00000, 0x00000000e9d00000|  0%| F|  |TAMS 0x00000000e9c00000, 0x00000000e9c00000| Untracked 
| 157|0x00000000e9d00000, 0x00000000e9d00000, 0x00000000e9e00000|  0%| F|  |TAMS 0x00000000e9d00000, 0x00000000e9d00000| Untracked 
| 158|0x00000000e9e00000, 0x00000000e9e00000, 0x00000000e9f00000|  0%| F|  |TAMS 0x00000000e9e00000, 0x00000000e9e00000| Untracked 
| 159|0x00000000e9f00000, 0x00000000e9f00000, 0x00000000ea000000|  0%| F|  |TAMS 0x00000000e9f00000, 0x00000000e9f00000| Untracked 
| 160|0x00000000ea000000, 0x00000000ea000000, 0x00000000ea100000|  0%| F|  |TAMS 0x00000000ea000000, 0x00000000ea000000| Untracked 
| 161|0x00000000ea100000, 0x00000000ea100000, 0x00000000ea200000|  0%| F|  |TAMS 0x00000000ea100000, 0x00000000ea100000| Untracked 
| 162|0x00000000ea200000, 0x00000000ea200000, 0x00000000ea300000|  0%| F|  |TAMS 0x00000000ea200000, 0x00000000ea200000| Untracked 
| 163|0x00000000ea300000, 0x00000000ea300000, 0x00000000ea400000|  0%| F|  |TAMS 0x00000000ea300000, 0x00000000ea300000| Untracked 
| 164|0x00000000ea400000, 0x00000000ea400000, 0x00000000ea500000|  0%| F|  |TAMS 0x00000000ea400000, 0x00000000ea400000| Untracked 
| 165|0x00000000ea500000, 0x00000000ea500000, 0x00000000ea600000|  0%| F|  |TAMS 0x00000000ea500000, 0x00000000ea500000| Untracked 
| 166|0x00000000ea600000, 0x00000000ea600000, 0x00000000ea700000|  0%| F|  |TAMS 0x00000000ea600000, 0x00000000ea600000| Untracked 
| 167|0x00000000ea700000, 0x00000000ea700000, 0x00000000ea800000|  0%| F|  |TAMS 0x00000000ea700000, 0x00000000ea700000| Untracked 
| 168|0x00000000ea800000, 0x00000000ea800000, 0x00000000ea900000|  0%| F|  |TAMS 0x00000000ea800000, 0x00000000ea800000| Untracked 
| 169|0x00000000ea900000, 0x00000000ea900000, 0x00000000eaa00000|  0%| F|  |TAMS 0x00000000ea900000, 0x00000000ea900000| Untracked 
| 170|0x00000000eaa00000, 0x00000000eaa00000, 0x00000000eab00000|  0%| F|  |TAMS 0x00000000eaa00000, 0x00000000eaa00000| Untracked 
| 171|0x00000000eab00000, 0x00000000eab00000, 0x00000000eac00000|  0%| F|  |TAMS 0x00000000eab00000, 0x00000000eab00000| Untracked 
| 172|0x00000000eac00000, 0x00000000eac00000, 0x00000000ead00000|  0%| F|  |TAMS 0x00000000eac00000, 0x00000000eac00000| Untracked 
| 173|0x00000000ead00000, 0x00000000ead00000, 0x00000000eae00000|  0%| F|  |TAMS 0x00000000ead00000, 0x00000000ead00000| Untracked 
| 174|0x00000000eae00000, 0x00000000eae00000, 0x00000000eaf00000|  0%| F|  |TAMS 0x00000000eae00000, 0x00000000eae00000| Untracked 
| 175|0x00000000eaf00000, 0x00000000eaf00000, 0x00000000eb000000|  0%| F|  |TAMS 0x00000000eaf00000, 0x00000000eaf00000| Untracked 
| 176|0x00000000eb000000, 0x00000000eb000000, 0x00000000eb100000|  0%| F|  |TAMS 0x00000000eb000000, 0x00000000eb000000| Untracked 
| 177|0x00000000eb100000, 0x00000000eb100000, 0x00000000eb200000|  0%| F|  |TAMS 0x00000000eb100000, 0x00000000eb100000| Untracked 
| 178|0x00000000eb200000, 0x00000000eb200000, 0x00000000eb300000|  0%| F|  |TAMS 0x00000000eb200000, 0x00000000eb200000| Untracked 
| 179|0x00000000eb300000, 0x00000000eb300000, 0x00000000eb400000|  0%| F|  |TAMS 0x00000000eb300000, 0x00000000eb300000| Untracked 
| 180|0x00000000eb400000, 0x00000000eb400000, 0x00000000eb500000|  0%| F|  |TAMS 0x00000000eb400000, 0x00000000eb400000| Untracked 
| 181|0x00000000eb500000, 0x00000000eb500000, 0x00000000eb600000|  0%| F|  |TAMS 0x00000000eb500000, 0x00000000eb500000| Untracked 
| 182|0x00000000eb600000, 0x00000000eb600000, 0x00000000eb700000|  0%| F|  |TAMS 0x00000000eb600000, 0x00000000eb600000| Untracked 
| 183|0x00000000eb700000, 0x00000000eb700000, 0x00000000eb800000|  0%| F|  |TAMS 0x00000000eb700000, 0x00000000eb700000| Untracked 
| 184|0x00000000eb800000, 0x00000000eb800000, 0x00000000eb900000|  0%| F|  |TAMS 0x00000000eb800000, 0x00000000eb800000| Untracked 
| 185|0x00000000eb900000, 0x00000000eb900000, 0x00000000eba00000|  0%| F|  |TAMS 0x00000000eb900000, 0x00000000eb900000| Untracked 
| 186|0x00000000eba00000, 0x00000000eba00000, 0x00000000ebb00000|  0%| F|  |TAMS 0x00000000eba00000, 0x00000000eba00000| Untracked 
| 187|0x00000000ebb00000, 0x00000000ebb00000, 0x00000000ebc00000|  0%| F|  |TAMS 0x00000000ebb00000, 0x00000000ebb00000| Untracked 
| 188|0x00000000ebc00000, 0x00000000ebc00000, 0x00000000ebd00000|  0%| F|  |TAMS 0x00000000ebc00000, 0x00000000ebc00000| Untracked 
| 189|0x00000000ebd00000, 0x00000000ebd00000, 0x00000000ebe00000|  0%| F|  |TAMS 0x00000000ebd00000, 0x00000000ebd00000| Untracked 
| 190|0x00000000ebe00000, 0x00000000ebe00000, 0x00000000ebf00000|  0%| F|  |TAMS 0x00000000ebe00000, 0x00000000ebe00000| Untracked 
| 191|0x00000000ebf00000, 0x00000000ebf00000, 0x00000000ec000000|  0%| F|  |TAMS 0x00000000ebf00000, 0x00000000ebf00000| Untracked 
| 192|0x00000000ec000000, 0x00000000ec000000, 0x00000000ec100000|  0%| F|  |TAMS 0x00000000ec000000, 0x00000000ec000000| Untracked 
| 193|0x00000000ec100000, 0x00000000ec100000, 0x00000000ec200000|  0%| F|  |TAMS 0x00000000ec100000, 0x00000000ec100000| Untracked 
| 194|0x00000000ec200000, 0x00000000ec200000, 0x00000000ec300000|  0%| F|  |TAMS 0x00000000ec200000, 0x00000000ec200000| Untracked 
| 195|0x00000000ec300000, 0x00000000ec300000, 0x00000000ec400000|  0%| F|  |TAMS 0x00000000ec300000, 0x00000000ec300000| Untracked 
| 196|0x00000000ec400000, 0x00000000ec400000, 0x00000000ec500000|  0%| F|  |TAMS 0x00000000ec400000, 0x00000000ec400000| Untracked 
| 197|0x00000000ec500000, 0x00000000ec500000, 0x00000000ec600000|  0%| F|  |TAMS 0x00000000ec500000, 0x00000000ec500000| Untracked 
| 198|0x00000000ec600000, 0x00000000ec600000, 0x00000000ec700000|  0%| F|  |TAMS 0x00000000ec600000, 0x00000000ec600000| Untracked 
| 199|0x00000000ec700000, 0x00000000ec700000, 0x00000000ec800000|  0%| F|  |TAMS 0x00000000ec700000, 0x00000000ec700000| Untracked 
| 200|0x00000000ec800000, 0x00000000ec882590, 0x00000000ec900000| 50%| S|CS|TAMS 0x00000000ec800000, 0x00000000ec800000| Complete 
| 201|0x00000000ec900000, 0x00000000eca00000, 0x00000000eca00000|100%| S|CS|TAMS 0x00000000ec900000, 0x00000000ec900000| Complete 
| 202|0x00000000eca00000, 0x00000000ecb00000, 0x00000000ecb00000|100%| S|CS|TAMS 0x00000000eca00000, 0x00000000eca00000| Complete 
| 203|0x00000000ecb00000, 0x00000000ecc00000, 0x00000000ecc00000|100%| S|CS|TAMS 0x00000000ecb00000, 0x00000000ecb00000| Complete 
| 204|0x00000000ecc00000, 0x00000000ecd00000, 0x00000000ecd00000|100%| S|CS|TAMS 0x00000000ecc00000, 0x00000000ecc00000| Complete 
| 205|0x00000000ecd00000, 0x00000000ecd00000, 0x00000000ece00000|  0%| F|  |TAMS 0x00000000ecd00000, 0x00000000ecd00000| Untracked 
| 206|0x00000000ece00000, 0x00000000ece00000, 0x00000000ecf00000|  0%| F|  |TAMS 0x00000000ece00000, 0x00000000ece00000| Untracked 
| 207|0x00000000ecf00000, 0x00000000ecf00000, 0x00000000ed000000|  0%| F|  |TAMS 0x00000000ecf00000, 0x00000000ecf00000| Untracked 
| 208|0x00000000ed000000, 0x00000000ed080800, 0x00000000ed100000| 50%| E|  |TAMS 0x00000000ed000000, 0x00000000ed000000| Complete 
| 209|0x00000000ed100000, 0x00000000ed200000, 0x00000000ed200000|100%| E|CS|TAMS 0x00000000ed100000, 0x00000000ed100000| Complete 
| 210|0x00000000ed200000, 0x00000000ed300000, 0x00000000ed300000|100%| E|CS|TAMS 0x00000000ed200000, 0x00000000ed200000| Complete 
| 211|0x00000000ed300000, 0x00000000ed400000, 0x00000000ed400000|100%| E|CS|TAMS 0x00000000ed300000, 0x00000000ed300000| Complete 
| 212|0x00000000ed400000, 0x00000000ed500000, 0x00000000ed500000|100%| E|CS|TAMS 0x00000000ed400000, 0x00000000ed400000| Complete 
| 213|0x00000000ed500000, 0x00000000ed600000, 0x00000000ed600000|100%| E|CS|TAMS 0x00000000ed500000, 0x00000000ed500000| Complete 
| 214|0x00000000ed600000, 0x00000000ed700000, 0x00000000ed700000|100%| E|CS|TAMS 0x00000000ed600000, 0x00000000ed600000| Complete 
| 215|0x00000000ed700000, 0x00000000ed800000, 0x00000000ed800000|100%| E|CS|TAMS 0x00000000ed700000, 0x00000000ed700000| Complete 
| 216|0x00000000ed800000, 0x00000000ed900000, 0x00000000ed900000|100%| E|CS|TAMS 0x00000000ed800000, 0x00000000ed800000| Complete 
| 217|0x00000000ed900000, 0x00000000eda00000, 0x00000000eda00000|100%| E|CS|TAMS 0x00000000ed900000, 0x00000000ed900000| Complete 
| 218|0x00000000eda00000, 0x00000000edb00000, 0x00000000edb00000|100%| E|CS|TAMS 0x00000000eda00000, 0x00000000eda00000| Complete 
| 219|0x00000000edb00000, 0x00000000edc00000, 0x00000000edc00000|100%| E|CS|TAMS 0x00000000edb00000, 0x00000000edb00000| Complete 
| 220|0x00000000edc00000, 0x00000000edd00000, 0x00000000edd00000|100%| E|CS|TAMS 0x00000000edc00000, 0x00000000edc00000| Complete 
| 221|0x00000000edd00000, 0x00000000ede00000, 0x00000000ede00000|100%| E|CS|TAMS 0x00000000edd00000, 0x00000000edd00000| Complete 
| 222|0x00000000ede00000, 0x00000000edf00000, 0x00000000edf00000|100%| E|CS|TAMS 0x00000000ede00000, 0x00000000ede00000| Complete 
| 223|0x00000000edf00000, 0x00000000ee000000, 0x00000000ee000000|100%| E|CS|TAMS 0x00000000edf00000, 0x00000000edf00000| Complete 
| 224|0x00000000ee000000, 0x00000000ee100000, 0x00000000ee100000|100%| E|CS|TAMS 0x00000000ee000000, 0x00000000ee000000| Complete 
| 225|0x00000000ee100000, 0x00000000ee200000, 0x00000000ee200000|100%| E|CS|TAMS 0x00000000ee100000, 0x00000000ee100000| Complete 
| 226|0x00000000ee200000, 0x00000000ee300000, 0x00000000ee300000|100%| E|CS|TAMS 0x00000000ee200000, 0x00000000ee200000| Complete 
| 227|0x00000000ee300000, 0x00000000ee400000, 0x00000000ee400000|100%| E|CS|TAMS 0x00000000ee300000, 0x00000000ee300000| Complete 
| 228|0x00000000ee400000, 0x00000000ee500000, 0x00000000ee500000|100%| E|CS|TAMS 0x00000000ee400000, 0x00000000ee400000| Complete 
| 229|0x00000000ee500000, 0x00000000ee600000, 0x00000000ee600000|100%| E|CS|TAMS 0x00000000ee500000, 0x00000000ee500000| Complete 
| 230|0x00000000ee600000, 0x00000000ee700000, 0x00000000ee700000|100%| E|CS|TAMS 0x00000000ee600000, 0x00000000ee600000| Complete 
| 231|0x00000000ee700000, 0x00000000ee800000, 0x00000000ee800000|100%| E|CS|TAMS 0x00000000ee700000, 0x00000000ee700000| Complete 
| 232|0x00000000ee800000, 0x00000000ee900000, 0x00000000ee900000|100%| E|CS|TAMS 0x00000000ee800000, 0x00000000ee800000| Complete 
| 233|0x00000000ee900000, 0x00000000eea00000, 0x00000000eea00000|100%| E|CS|TAMS 0x00000000ee900000, 0x00000000ee900000| Complete 
| 234|0x00000000eea00000, 0x00000000eeb00000, 0x00000000eeb00000|100%| E|CS|TAMS 0x00000000eea00000, 0x00000000eea00000| Complete 
| 235|0x00000000eeb00000, 0x00000000eec00000, 0x00000000eec00000|100%| E|CS|TAMS 0x00000000eeb00000, 0x00000000eeb00000| Complete 
| 236|0x00000000eec00000, 0x00000000eed00000, 0x00000000eed00000|100%| E|CS|TAMS 0x00000000eec00000, 0x00000000eec00000| Complete 
| 237|0x00000000eed00000, 0x00000000eee00000, 0x00000000eee00000|100%| E|CS|TAMS 0x00000000eed00000, 0x00000000eed00000| Complete 
| 238|0x00000000eee00000, 0x00000000eef00000, 0x00000000eef00000|100%| E|CS|TAMS 0x00000000eee00000, 0x00000000eee00000| Complete 
| 239|0x00000000eef00000, 0x00000000ef000000, 0x00000000ef000000|100%| E|CS|TAMS 0x00000000eef00000, 0x00000000eef00000| Complete 
| 240|0x00000000ef000000, 0x00000000ef100000, 0x00000000ef100000|100%| E|CS|TAMS 0x00000000ef000000, 0x00000000ef000000| Complete 
| 241|0x00000000ef100000, 0x00000000ef200000, 0x00000000ef200000|100%| E|CS|TAMS 0x00000000ef100000, 0x00000000ef100000| Complete 
| 242|0x00000000ef200000, 0x00000000ef300000, 0x00000000ef300000|100%| E|CS|TAMS 0x00000000ef200000, 0x00000000ef200000| Complete 
| 243|0x00000000ef300000, 0x00000000ef400000, 0x00000000ef400000|100%| E|CS|TAMS 0x00000000ef300000, 0x00000000ef300000| Complete 
| 244|0x00000000ef400000, 0x00000000ef500000, 0x00000000ef500000|100%| E|CS|TAMS 0x00000000ef400000, 0x00000000ef400000| Complete 
| 245|0x00000000ef500000, 0x00000000ef600000, 0x00000000ef600000|100%| E|CS|TAMS 0x00000000ef500000, 0x00000000ef500000| Complete 
| 246|0x00000000ef600000, 0x00000000ef700000, 0x00000000ef700000|100%| E|CS|TAMS 0x00000000ef600000, 0x00000000ef600000| Complete 
| 247|0x00000000ef700000, 0x00000000ef800000, 0x00000000ef800000|100%| E|CS|TAMS 0x00000000ef700000, 0x00000000ef700000| Complete 
| 248|0x00000000ef800000, 0x00000000ef900000, 0x00000000ef900000|100%| E|CS|TAMS 0x00000000ef800000, 0x00000000ef800000| Complete 
| 249|0x00000000ef900000, 0x00000000efa00000, 0x00000000efa00000|100%| E|CS|TAMS 0x00000000ef900000, 0x00000000ef900000| Complete 
| 250|0x00000000efa00000, 0x00000000efb00000, 0x00000000efb00000|100%| E|CS|TAMS 0x00000000efa00000, 0x00000000efa00000| Complete 
| 251|0x00000000efb00000, 0x00000000efc00000, 0x00000000efc00000|100%| E|CS|TAMS 0x00000000efb00000, 0x00000000efb00000| Complete 
| 252|0x00000000efc00000, 0x00000000efd00000, 0x00000000efd00000|100%| E|CS|TAMS 0x00000000efc00000, 0x00000000efc00000| Complete 
| 253|0x00000000efd00000, 0x00000000efe00000, 0x00000000efe00000|100%| E|CS|TAMS 0x00000000efd00000, 0x00000000efd00000| Complete 
| 254|0x00000000efe00000, 0x00000000eff00000, 0x00000000eff00000|100%| E|CS|TAMS 0x00000000efe00000, 0x00000000efe00000| Complete 
| 255|0x00000000eff00000, 0x00000000f0000000, 0x00000000f0000000|100%| E|CS|TAMS 0x00000000eff00000, 0x00000000eff00000| Complete 

Card table byte_map: [0x000001ebfe2f0000,0x000001ebfe3f0000] _byte_map_base: 0x000001ebfdbf0000

Marking Bits (Prev, Next): (CMBitMap*) 0x000001ebf5ec6c70, (CMBitMap*) 0x000001ebf5ec6cb0
 Prev Bits: [0x000001ebfe4f0000, 0x000001ebfecf0000)
 Next Bits: [0x000001ebfecf0000, 0x000001ebff4f0000)

Polling page: 0x000001ebf5f60000

Metaspace:

Usage:
  Non-class:     12.14 MB used.
      Class:      1.93 MB used.
       Both:     14.06 MB used.

Virtual space:
  Non-class space:       64.00 MB reserved,      12.31 MB ( 19%) committed,  1 nodes.
      Class space:      320.00 MB reserved,       2.06 MB ( <1%) committed,  1 nodes.
             Both:      384.00 MB reserved,      14.38 MB (  4%) committed. 

Chunk freelists:
   Non-Class:  3.41 MB
       Class:  13.94 MB
        Both:  17.34 MB

MaxMetaspaceSize: 384.00 MB
CompressedClassSpaceSize: 320.00 MB
Initial GC threshold: 21.00 MB
Current GC threshold: 21.00 MB
CDS: on
MetaspaceReclaimPolicy: balanced
 - commit_granule_bytes: 65536.
 - commit_granule_words: 8192.
 - virtual_space_node_default_size: 8388608.
 - enlarge_chunks_in_place: 1.
 - new_chunks_are_fully_committed: 0.
 - uncommit_free_chunks: 1.
 - use_allocation_guard: 0.
 - handle_deallocations: 1.


Internal statistics:

num_allocs_failed_limit: 0.
num_arena_births: 170.
num_arena_deaths: 0.
num_vsnodes_births: 2.
num_vsnodes_deaths: 0.
num_space_committed: 230.
num_space_uncommitted: 0.
num_chunks_returned_to_freelist: 0.
num_chunks_taken_from_freelist: 615.
num_chunk_merges: 0.
num_chunk_splits: 412.
num_chunks_enlarged: 310.
num_inconsistent_stats: 0.

CodeHeap 'non-profiled nmethods': size=120000Kb used=1235Kb max_used=1235Kb free=118764Kb
 bounds [0x000001eb87ad0000, 0x000001eb87d40000, 0x000001eb8f000000]
CodeHeap 'profiled nmethods': size=120000Kb used=4981Kb max_used=4981Kb free=115018Kb
 bounds [0x000001eb80000000, 0x000001eb804e0000, 0x000001eb87530000]
CodeHeap 'non-nmethods': size=5760Kb used=1234Kb max_used=1272Kb free=4525Kb
 bounds [0x000001eb87530000, 0x000001eb877a0000, 0x000001eb87ad0000]
 total_blobs=2996 nmethods=2469 adapters=439
 compilation: enabled
              stopped_count=0, restarted_count=0
 full_count=0

Compilation events (20 events):
Event: 51.644 Thread 0x000001ebfff538a0 nmethod 2462 0x000001eb804d2290 code [0x000001eb804d2460, 0x000001eb804d2918]
Event: 51.644 Thread 0x000001ebfff538a0 2461   !   3       java.util.concurrent.locks.AbstractQueuedSynchronizer::acquire (407 bytes)
Event: 51.647 Thread 0x000001ebfff538a0 nmethod 2461 0x000001eb804d2a90 code [0x000001eb804d2e20, 0x000001eb804d4838]
Event: 51.647 Thread 0x000001ebfff538a0 2464       3       java.lang.invoke.VarHandleGuards::guard_LLL_Z (86 bytes)
Event: 51.649 Thread 0x000001ebfff538a0 nmethod 2464 0x000001eb804d5110 code [0x000001eb804d5460, 0x000001eb804d7308]
Event: 51.649 Thread 0x000001ebfff538a0 2463       3       java.util.concurrent.locks.LockSupport::parkNanos (29 bytes)
Event: 51.650 Thread 0x000001ebfff538a0 nmethod 2463 0x000001eb804d7b90 code [0x000001eb804d7d60, 0x000001eb804d7f68]
Event: 51.702 Thread 0x000001ebfff538a0 2466       3       java.lang.invoke.MethodType::changeReturnType (20 bytes)
Event: 51.702 Thread 0x000001ebfff538a0 nmethod 2466 0x000001eb804d8090 code [0x000001eb804d8240, 0x000001eb804d8408]
Event: 51.704 Thread 0x000001ebfff538a0 2467       3       jdk.internal.org.objectweb.asm.ClassReader::<init> (371 bytes)
Event: 51.706 Thread 0x000001ebfff538a0 nmethod 2467 0x000001eb804d8490 code [0x000001eb804d8780, 0x000001eb804d9b18]
Event: 51.727 Thread 0x000001ebfff4b500 2469   !   4       java.lang.ClassLoader::loadClass (121 bytes)
Event: 51.729 Thread 0x000001ebfff538a0 2471       3       java.lang.invoke.MemberName::changeReferenceKind (60 bytes)
Event: 51.729 Thread 0x000001ebfff538a0 nmethod 2471 0x000001eb804da090 code [0x000001eb804da220, 0x000001eb804da358]
Event: 52.003 Thread 0x000001ebfff538a0 2473       3       java.util.concurrent.ConcurrentLinkedQueue::poll (84 bytes)
Event: 52.004 Thread 0x000001ebfff538a0 nmethod 2473 0x000001eb804da410 code [0x000001eb804da660, 0x000001eb804db288]
Event: 52.004 Thread 0x000001ebfff538a0 2474       3       java.util.concurrent.ConcurrentLinkedQueue::updateHead (26 bytes)
Event: 52.005 Thread 0x000001ebfff538a0 nmethod 2474 0x000001eb804db590 code [0x000001eb804db760, 0x000001eb804dbb38]
Event: 52.058 Thread 0x000001ebfff538a0 2475       3       java.util.HashMap::removeNode (291 bytes)
Event: 52.060 Thread 0x000001ebfff538a0 nmethod 2475 0x000001eb804dbc90 code [0x000001eb804dbf20, 0x000001eb804dd258]

GC Heap History (6 events):
Event: 6.260 GC heap before
{Heap before GC invocations=0 (full 0):
 garbage-first heap   total 262144K, used 22528K [0x00000000e0000000, 0x0000000100000000)
  region size 1024K, 23 young (23552K), 0 survivors (0K)
 Metaspace       used 1060K, committed 1216K, reserved 393216K
  class space    used 73K, committed 128K, reserved 327680K
}
Event: 7.283 GC heap after
{Heap after GC invocations=1 (full 0):
 garbage-first heap   total 262144K, used 2559K [0x00000000e0000000, 0x0000000100000000)
  region size 1024K, 3 young (3072K), 3 survivors (3072K)
 Metaspace       used 1060K, committed 1216K, reserved 393216K
  class space    used 73K, committed 128K, reserved 327680K
}
Event: 16.657 GC heap before
{Heap before GC invocations=1 (full 0):
 garbage-first heap   total 262144K, used 39423K [0x00000000e0000000, 0x0000000100000000)
  region size 1024K, 37 young (37888K), 3 survivors (3072K)
 Metaspace       used 4403K, committed 4544K, reserved 393216K
  class space    used 549K, committed 640K, reserved 327680K
}
Event: 16.666 GC heap after
{Heap after GC invocations=2 (full 0):
 garbage-first heap   total 262144K, used 11009K [0x00000000e0000000, 0x0000000100000000)
  region size 1024K, 5 young (5120K), 5 survivors (5120K)
 Metaspace       used 4403K, committed 4544K, reserved 393216K
  class space    used 549K, committed 640K, reserved 327680K
}
Event: 30.032 GC heap before
{Heap before GC invocations=2 (full 0):
 garbage-first heap   total 262144K, used 60161K [0x00000000e0000000, 0x0000000100000000)
  region size 1024K, 51 young (52224K), 5 survivors (5120K)
 Metaspace       used 5055K, committed 5248K, reserved 393216K
  class space    used 660K, committed 768K, reserved 327680K
}
Event: 30.039 GC heap after
{Heap after GC invocations=3 (full 0):
 garbage-first heap   total 262144K, used 16577K [0x00000000e0000000, 0x0000000100000000)
  region size 1024K, 5 young (5120K), 5 survivors (5120K)
 Metaspace       used 5055K, committed 5248K, reserved 393216K
  class space    used 660K, committed 768K, reserved 327680K
}

Deoptimization events (20 events):
Event: 44.372 Thread 0x000001ebaae46c00 Uncommon trap: trap_request=0xffffffc6 fr.pc=0x000001eb87bd5e4c relative=0x000000000000088c
Event: 44.372 Thread 0x000001ebaae46c00 Uncommon trap: reason=bimorphic_or_optimized_type_check action=maybe_recompile pc=0x000001eb87bd5e4c method=java.util.HashMap.putVal(ILjava/lang/Object;Ljava/lang/Object;ZZ)Ljava/lang/Object; @ 253 c2
Event: 44.372 Thread 0x000001ebaae46c00 DEOPT PACKING pc=0x000001eb87bd5e4c sp=0x000000cb41afe940
Event: 44.372 Thread 0x000001ebaae46c00 DEOPT UNPACKING pc=0x000001eb87585ba3 sp=0x000000cb41afe8e0 mode 2
Event: 44.372 Thread 0x000001ebaae46c00 Uncommon trap: trap_request=0xffffffc6 fr.pc=0x000001eb87bd5e4c relative=0x000000000000088c
Event: 44.372 Thread 0x000001ebaae46c00 Uncommon trap: reason=bimorphic_or_optimized_type_check action=maybe_recompile pc=0x000001eb87bd5e4c method=java.util.HashMap.putVal(ILjava/lang/Object;Ljava/lang/Object;ZZ)Ljava/lang/Object; @ 253 c2
Event: 44.372 Thread 0x000001ebaae46c00 DEOPT PACKING pc=0x000001eb87bd5e4c sp=0x000000cb41afea30
Event: 44.372 Thread 0x000001ebaae46c00 DEOPT UNPACKING pc=0x000001eb87585ba3 sp=0x000000cb41afe9d0 mode 2
Event: 48.227 Thread 0x000001ebaae46c00 Uncommon trap: trap_request=0xffffff45 fr.pc=0x000001eb87b0259c relative=0x00000000000004dc
Event: 48.227 Thread 0x000001ebaae46c00 Uncommon trap: reason=unstable_if action=reinterpret pc=0x000001eb87b0259c method=java.util.HashMap.getNode(Ljava/lang/Object;)Ljava/util/HashMap$Node; @ 66 c2
Event: 48.227 Thread 0x000001ebaae46c00 DEOPT PACKING pc=0x000001eb87b0259c sp=0x000000cb41afbfb0
Event: 48.227 Thread 0x000001ebaae46c00 DEOPT UNPACKING pc=0x000001eb87585ba3 sp=0x000000cb41afbf30 mode 2
Event: 48.343 Thread 0x000001ebaae46c00 Uncommon trap: trap_request=0xffffff45 fr.pc=0x000001eb87ba77e8 relative=0x0000000000000248
Event: 48.343 Thread 0x000001ebaae46c00 Uncommon trap: reason=unstable_if action=reinterpret pc=0x000001eb87ba77e8 method=java.util.concurrent.ConcurrentHashMap.get(Ljava/lang/Object;)Ljava/lang/Object; @ 76 c2
Event: 48.343 Thread 0x000001ebaae46c00 DEOPT PACKING pc=0x000001eb87ba77e8 sp=0x000000cb41afb480
Event: 48.344 Thread 0x000001ebaae46c00 DEOPT UNPACKING pc=0x000001eb87585ba3 sp=0x000000cb41afb3e8 mode 2
Event: 51.616 Thread 0x000001ebaae46c00 Uncommon trap: trap_request=0xffffff45 fr.pc=0x000001eb87b91dac relative=0x000000000000018c
Event: 51.616 Thread 0x000001ebaae46c00 Uncommon trap: reason=unstable_if action=reinterpret pc=0x000001eb87b91dac method=java.util.WeakHashMap.expungeStaleEntries()V @ 9 c2
Event: 51.616 Thread 0x000001ebaae46c00 DEOPT PACKING pc=0x000001eb87b91dac sp=0x000000cb41afb750
Event: 51.616 Thread 0x000001ebaae46c00 DEOPT UNPACKING pc=0x000001eb87585ba3 sp=0x000000cb41afb6e8 mode 2

Classes unloaded (0 events):
No events

Classes redefined (0 events):
No events

Internal exceptions (20 events):
Event: 11.516 Thread 0x000001ebf5e989f0 Exception <a 'java/lang/NoSuchMethodError'{0x00000000ef4756e0}: 'int java.lang.invoke.DirectMethodHandle$Holder.invokeStatic(java.lang.Object)'> (0x00000000ef4756e0) 
thrown [s\open\src\hotspot\share\interpreter\linkResolver.cpp, line 759]
Event: 11.516 Thread 0x000001ebf5e989f0 Exception <a 'java/lang/NoSuchMethodError'{0x00000000ef478b90}: 'int java.lang.invoke.DirectMethodHandle$Holder.invokeStaticInit(java.lang.Object)'> (0x00000000ef478b90) 
thrown [s\open\src\hotspot\share\interpreter\linkResolver.cpp, line 759]
Event: 32.659 Thread 0x000001ebf5e989f0 Exception <a 'java/lang/NoSuchMethodError'{0x00000000efa15ce0}: 'java.lang.Object java.lang.invoke.DirectMethodHandle$Holder.invokeStaticInit(java.lang.Object)'> (0x00000000efa15ce0) 
thrown [s\open\src\hotspot\share\interpreter\linkResolver.cpp, line 759]
Event: 33.160 Thread 0x000001ebf5e989f0 Exception <a 'java/lang/NoSuchMethodError'{0x00000000efa9eba0}: 'java.lang.Object java.lang.invoke.DirectMethodHandle$Holder.invokeInterface(java.lang.Object, java.lang.Object)'> (0x00000000efa9eba0) 
thrown [s\open\src\hotspot\share\interpreter\linkResolver.cpp, line 759]
Event: 37.671 Thread 0x000001ebf5e989f0 Exception <a 'java/lang/NoSuchMethodError'{0x00000000ef693a18}: 'void java.lang.invoke.DirectMethodHandle$Holder.invokeStatic(java.lang.Object, java.lang.Object, java.lang.Object)'> (0x00000000ef693a18) 
thrown [s\open\src\hotspot\share\interpreter\linkResolver.cpp, line 759]
Event: 37.941 Thread 0x000001ebf5e989f0 Exception <a 'java/lang/NoSuchMethodError'{0x00000000ef321018}: 'java.lang.Object java.lang.invoke.DirectMethodHandle$Holder.invokeStaticInit(java.lang.Object, int, int, int, int)'> (0x00000000ef321018) 
thrown [s\open\src\hotspot\share\interpreter\linkResolver.cpp, line 759]
Event: 42.376 Thread 0x000001ebf5e989f0 Exception <a 'java/lang/NoSuchMethodError'{0x00000000ef39f8d8}: 'java.lang.Object java.lang.invoke.DirectMethodHandle$Holder.invokeStaticInit(java.lang.Object, java.lang.Object, int, int, int, int)'> (0x00000000ef39f8d8) 
thrown [s\open\src\hotspot\share\interpreter\linkResolver.cpp, line 759]
Event: 43.060 Thread 0x000001ebf5e989f0 Exception <a 'java/io/IOException'{0x00000000ef0c96f8}> (0x00000000ef0c96f8) 
thrown [s\open\src\hotspot\share\prims\jni.cpp, line 516]
Event: 43.066 Thread 0x000001ebf5e989f0 Implicit null exception at 0x000001eb87b234d5 to 0x000001eb87b23ae8
Event: 43.244 Thread 0x000001ebf5e989f0 Exception <a 'java/lang/NoSuchMethodError'{0x00000000eef2f550}: 'java.lang.Object java.lang.invoke.DirectMethodHandle$Holder.newInvokeSpecial(java.lang.Object, java.lang.Object, java.lang.Object, java.lang.Object, java.lang.Object)'> (0x00000000eef2f550) 
thrown [s\open\src\hotspot\share\interpreter\linkResolver.cpp, line 759]
Event: 44.184 Thread 0x000001ebaa332760 Exception <a 'java/lang/NoSuchMethodError'{0x00000000eea87b68}: 'void java.lang.invoke.DirectMethodHandle$Holder.invokeSpecial(java.lang.Object, java.lang.Object, java.lang.Object)'> (0x00000000eea87b68) 
thrown [s\open\src\hotspot\share\interpreter\linkResolver.cpp, line 759]
Event: 45.255 Thread 0x000001ebaae46c00 Exception <a 'java/lang/NoSuchMethodError'{0x00000000ee6ac6a0}: 'long java.lang.invoke.DirectMethodHandle$Holder.invokeInterface(java.lang.Object, java.lang.Object)'> (0x00000000ee6ac6a0) 
thrown [s\open\src\hotspot\share\interpreter\linkResolver.cpp, line 759]
Event: 47.586 Thread 0x000001ebaae46c00 Exception <a 'java/lang/NoSuchMethodError'{0x00000000ee2f5118}: 'void java.lang.invoke.DirectMethodHandle$Holder.invokeStatic(java.lang.Object, java.lang.Object)'> (0x00000000ee2f5118) 
thrown [s\open\src\hotspot\share\interpreter\linkResolver.cpp, line 759]
Event: 48.643 Thread 0x000001ebaae46c00 Exception <a 'java/lang/NoSuchMethodError'{0x00000000edf186c0}: 'int java.lang.invoke.DirectMethodHandle$Holder.invokeVirtual(java.lang.Object, java.lang.Object, java.lang.Object)'> (0x00000000edf186c0) 
thrown [s\open\src\hotspot\share\interpreter\linkResolver.cpp, line 759]
Event: 49.339 Thread 0x000001ebaae46c00 Exception <a 'java/lang/NoSuchMethodError'{0x00000000eddaf170}: 'java.lang.Object java.lang.invoke.DirectMethodHandle$Holder.newInvokeSpecial(java.lang.Object, java.lang.Object, java.lang.Object, java.lang.Object, java.lang.Object, java.lang.Object)'> (0x00000000eddaf170) 
thrown [s\open\src\hotspot\share\interpreter\linkResolver.cpp, line 759]
Event: 50.844 Thread 0x000001ebaae46c00 Exception <a 'java/lang/NoSuchMethodError'{0x00000000edab7968}: 'void java.lang.invoke.DelegatingMethodHandle$Holder.reinvoke_L(java.lang.Object, java.lang.Object, java.lang.Object, java.lang.Object, java.lang.Object, java.lang.Object, java.lang.Object, java.lang.Object, java.lang.Object, java.lang.Object)'> (0x00000000edab7968) 
thrown [s\open\src\hotspot\share\interpreter\linkResolver.cpp, line 759]
Event: 50.845 Thread 0x000001ebaae46c00 Exception <a 'java/lang/NoSuchMethodError'{0x00000000edabfdd8}: 'java.lang.Object java.lang.invoke.DirectMethodHandle$Holder.invokeSpecial(java.lang.Object, java.lang.Object, java.lang.Object, java.lang.Object, java.lang.Object, java.lang.Object, java.lang.Object, java.lang.Object, java.lang.Object, java.lang.Object)'> (0x00000000edabfdd8) 
thrown [s\open\src\hotspot\share\interpreter\linkResolver.cpp, line 759]
Event: 50.846 Thread 0x000001ebaae46c00 Exception <a 'java/lang/NoSuchMethodError'{0x00000000edac46a8}: 'java.lang.Object java.lang.invoke.Invokers$Holder.invoker(java.lang.Object, java.lang.Object, java.lang.Object, java.lang.Object, java.lang.Object, java.lang.Object, java.lang.Object, java.lang.Object, java.lang.Object, java.lang.Object)'> (0x00000000edac46a8) 
thrown [s\open\src\hotspot\share\interpreter\linkResolver.cpp, line 759]
Event: 50.847 Thread 0x000001ebaae46c00 Exception <a 'java/lang/NoSuchMethodError'{0x00000000edaca2b0}: 'java.lang.Object java.lang.invoke.DirectMethodHandle$Holder.invokeSpecial(java.lang.Object, java.lang.Object, java.lang.Object, java.lang.Object, java.lang.Object, java.lang.Object, java.lang.Object, java.lang.Object, java.lang.Object, java.lang.Object, java.lang.Object)'> (0x00000000edaca2b0) 
thrown [s\open\src\hotspot\share\interpreter\linkResolver.cpp, line 759]
Event: 51.719 Thread 0x000001ebaae46c00 Exception <a 'java/lang/NoSuchMethodError'{0x00000000ed2d0590}: 'java.lang.Object java.lang.invoke.DirectMethodHandle$Holder.newInvokeSpecial(java.lang.Object, java.lang.Object, int)'> (0x00000000ed2d0590) 
thrown [s\open\src\hotspot\share\interpreter\linkResolver.cpp, line 759]

VM Operations (20 events):
Event: 43.124 Executing VM operation: HandshakeAllThreads
Event: 43.233 Executing VM operation: HandshakeAllThreads done
Event: 43.233 Executing VM operation: Cleanup
Event: 43.233 Executing VM operation: Cleanup done
Event: 44.241 Executing VM operation: Cleanup
Event: 44.286 Executing VM operation: Cleanup done
Event: 45.295 Executing VM operation: Cleanup
Event: 45.296 Executing VM operation: Cleanup done
Event: 46.329 Executing VM operation: Cleanup
Event: 46.407 Executing VM operation: Cleanup done
Event: 47.414 Executing VM operation: Cleanup
Event: 47.479 Executing VM operation: Cleanup done
Event: 48.482 Executing VM operation: Cleanup
Event: 48.638 Executing VM operation: Cleanup done
Event: 49.649 Executing VM operation: Cleanup
Event: 49.792 Executing VM operation: Cleanup done
Event: 50.808 Executing VM operation: Cleanup
Event: 50.822 Executing VM operation: Cleanup done
Event: 51.832 Executing VM operation: Cleanup
Event: 51.832 Executing VM operation: Cleanup done

Events (20 events):
Event: 51.636 loading class java/nio/file/attribute/PosixFilePermissions
Event: 51.637 loading class java/nio/file/attribute/PosixFilePermissions done
Event: 51.638 loading class java/util/RegularEnumSet$EnumSetIterator
Event: 51.638 loading class java/util/RegularEnumSet$EnumSetIterator done
Event: 51.638 loading class java/nio/file/attribute/PosixFilePermissions$1
Event: 51.638 loading class java/nio/file/attribute/PosixFilePermissions$1 done
Event: 51.643 loading class sun/invoke/util/VerifyAccess$1
Event: 51.643 loading class sun/invoke/util/VerifyAccess$1 done
Event: 51.716 loading class java/util/concurrent/ArrayBlockingQueue
Event: 51.717 loading class java/util/concurrent/ArrayBlockingQueue done
Event: 51.717 loading class java/util/concurrent/locks/ReentrantLock$FairSync
Event: 51.717 loading class java/util/concurrent/locks/ReentrantLock$FairSync done
Event: 51.717 Thread 0x000001ebaae44890 Thread added: 0x000001ebaae44890
Event: 51.724 loading class sun/misc/Unsafe
Event: 51.725 loading class sun/misc/Unsafe done
Event: 51.767 Thread 0x000001ebaae45cd0 Thread added: 0x000001ebaae45cd0
Event: 51.769 loading class java/net/DatagramPacket
Event: 51.769 loading class java/net/DatagramPacket done
Event: 51.770 loading class sun/nio/ch/DatagramSocketAdaptor$DatagramPackets
Event: 51.770 loading class sun/nio/ch/DatagramSocketAdaptor$DatagramPackets done


Dynamic libraries:
0x00007ff7fdba0000 - 0x00007ff7fdbb0000 	C:\Program Files\jdk-17.0.12\bin\java.exe
0x00007fff994e0000 - 0x00007fff99740000 	C:\WINDOWS\SYSTEM32\ntdll.dll
0x00007fff98ac0000 - 0x00007fff98b87000 	C:\WINDOWS\System32\KERNEL32.DLL
0x00007fff96dd0000 - 0x00007fff9719a000 	C:\WINDOWS\System32\KERNELBASE.dll
0x00007fff96790000 - 0x00007fff968db000 	C:\WINDOWS\System32\ucrtbase.dll
0x00007fff6e7e0000 - 0x00007fff6e7f9000 	C:\Program Files\jdk-17.0.12\bin\jli.dll
0x00007fff99040000 - 0x00007fff990f2000 	C:\WINDOWS\System32\ADVAPI32.dll
0x00007fff991d0000 - 0x00007fff99279000 	C:\WINDOWS\System32\msvcrt.dll
0x00007fff98f90000 - 0x00007fff99036000 	C:\WINDOWS\System32\sechost.dll
0x00007fff973d0000 - 0x00007fff974e6000 	C:\WINDOWS\System32\RPCRT4.dll
0x00007fff98b90000 - 0x00007fff98d5c000 	C:\WINDOWS\System32\USER32.dll
0x00007fff966c0000 - 0x00007fff966e7000 	C:\WINDOWS\System32\win32u.dll
0x00007fff99100000 - 0x00007fff9912a000 	C:\WINDOWS\System32\GDI32.dll
0x00007fff971a0000 - 0x00007fff972d1000 	C:\WINDOWS\System32\gdi32full.dll
0x00007fff96d20000 - 0x00007fff96dc3000 	C:\WINDOWS\System32\msvcp_win.dll
0x00007fff6dcd0000 - 0x00007fff6dceb000 	C:\Program Files\jdk-17.0.12\bin\VCRUNTIME140.dll
0x00007fff797c0000 - 0x00007fff79a57000 	C:\WINDOWS\WinSxS\amd64_microsoft.windows.common-controls_6595b64144ccf1df_6.0.26100.3624_none_3e086962e3345f24\COMCTL32.dll
0x00007fff86680000 - 0x00007fff8668b000 	C:\WINDOWS\SYSTEM32\VERSION.dll
0x00007fff99380000 - 0x00007fff993af000 	C:\WINDOWS\System32\IMM32.DLL
0x00007fff92da0000 - 0x00007fff92dac000 	C:\Program Files\jdk-17.0.12\bin\vcruntime140_1.dll
0x00007fff6dc40000 - 0x00007fff6dcce000 	C:\Program Files\jdk-17.0.12\bin\msvcp140.dll
0x00007ffee7b80000 - 0x00007ffee8760000 	C:\Program Files\jdk-17.0.12\bin\server\jvm.dll
0x00007fff97750000 - 0x00007fff97758000 	C:\WINDOWS\System32\PSAPI.DLL
0x00007fff76130000 - 0x00007fff7613a000 	C:\WINDOWS\SYSTEM32\WSOCK32.dll
0x00007fff99130000 - 0x00007fff991a4000 	C:\WINDOWS\System32\WS2_32.dll
0x00007fff8b1f0000 - 0x00007fff8b226000 	C:\WINDOWS\SYSTEM32\WINMM.dll
0x00007fff953f0000 - 0x00007fff9540a000 	C:\WINDOWS\SYSTEM32\kernel.appcore.dll
0x00007fff6e980000 - 0x00007fff6e98a000 	C:\Program Files\jdk-17.0.12\bin\jimage.dll
0x00007fff93990000 - 0x00007fff93bd1000 	C:\WINDOWS\SYSTEM32\DBGHELP.DLL
0x00007fff97760000 - 0x00007fff97ae2000 	C:\WINDOWS\System32\combase.dll
0x00007fff993c0000 - 0x00007fff99496000 	C:\WINDOWS\System32\OLEAUT32.dll
0x00007fff7d880000 - 0x00007fff7d8b9000 	C:\WINDOWS\SYSTEM32\dbgcore.DLL
0x00007fff966f0000 - 0x00007fff96789000 	C:\WINDOWS\System32\bcryptPrimitives.dll
0x00007fff6dc30000 - 0x00007fff6dc3e000 	C:\Program Files\jdk-17.0.12\bin\instrument.dll
0x00007fff65c10000 - 0x00007fff65c35000 	C:\Program Files\jdk-17.0.12\bin\java.dll
0x00007fff08750000 - 0x00007fff08827000 	C:\Program Files\jdk-17.0.12\bin\jsvml.dll
0x00007fff97af0000 - 0x00007fff98219000 	C:\WINDOWS\System32\SHELL32.dll
0x00007fff969a0000 - 0x00007fff96b08000 	C:\WINDOWS\System32\wintypes.dll
0x00007fff94320000 - 0x00007fff94b72000 	C:\WINDOWS\SYSTEM32\windows.storage.dll
0x00007fff972e0000 - 0x00007fff973cd000 	C:\WINDOWS\System32\SHCORE.dll
0x00007fff986c0000 - 0x00007fff98724000 	C:\WINDOWS\System32\shlwapi.dll
0x00007fff965d0000 - 0x00007fff965ff000 	C:\WINDOWS\SYSTEM32\profapi.dll
0x00007fff65bf0000 - 0x00007fff65c08000 	C:\Program Files\jdk-17.0.12\bin\zip.dll
0x00007fff65bd0000 - 0x00007fff65be9000 	C:\Program Files\jdk-17.0.12\bin\net.dll
0x00007fff8d0e0000 - 0x00007fff8d1fd000 	C:\WINDOWS\SYSTEM32\WINHTTP.dll
0x00007fff95990000 - 0x00007fff959fa000 	C:\WINDOWS\system32\mswsock.dll
0x00007fff65b40000 - 0x00007fff65b56000 	C:\Program Files\jdk-17.0.12\bin\nio.dll
0x00007fff662d0000 - 0x00007fff662e0000 	C:\Program Files\jdk-17.0.12\bin\verify.dll
0x00007fff6dcf0000 - 0x00007fff6dd17000 	C:\Users\AD\.gradle\native\1def1411415f61bf3af743bc5b6707747c0891f09f0c88961ee8f79bc544acac\windows-amd64\native-platform.dll
0x00007fff5a7c0000 - 0x00007fff5a838000 	C:\Users\AD\.gradle\native\0.2.7\x86_64-windows-gnu\gradle-fileevents.dll
0x00007fff658d0000 - 0x00007fff658da000 	C:\Program Files\jdk-17.0.12\bin\management.dll
0x00007fff63bd0000 - 0x00007fff63bdb000 	C:\Program Files\jdk-17.0.12\bin\management_ext.dll
0x00007fff94ef0000 - 0x00007fff94f23000 	C:\WINDOWS\SYSTEM32\IPHLPAPI.DLL
0x00007fff991b0000 - 0x00007fff991ba000 	C:\WINDOWS\System32\NSI.dll
0x00007fff8ff30000 - 0x00007fff8ff4f000 	C:\WINDOWS\SYSTEM32\dhcpcsvc6.DLL
0x00007fff8fc70000 - 0x00007fff8fc95000 	C:\WINDOWS\SYSTEM32\dhcpcsvc.DLL
0x00007fff94f90000 - 0x00007fff950b5000 	C:\WINDOWS\SYSTEM32\DNSAPI.dll
0x00007fff95d40000 - 0x00007fff95d5c000 	C:\WINDOWS\SYSTEM32\CRYPTSP.dll
0x00007fff95410000 - 0x00007fff9544a000 	C:\WINDOWS\system32\rsaenh.dll
0x00007fff95a30000 - 0x00007fff95a5b000 	C:\WINDOWS\SYSTEM32\USERENV.dll
0x00007fff965a0000 - 0x00007fff965c6000 	C:\WINDOWS\SYSTEM32\bcrypt.dll
0x00007fff95bc0000 - 0x00007fff95bcc000 	C:\WINDOWS\SYSTEM32\CRYPTBASE.dll
0x00007fff5e4a0000 - 0x00007fff5e4ae000 	C:\Program Files\jdk-17.0.12\bin\sunmscapi.dll
0x00007fff96ba0000 - 0x00007fff96d17000 	C:\WINDOWS\System32\CRYPT32.dll
0x00007fff95e90000 - 0x00007fff95ec0000 	C:\WINDOWS\SYSTEM32\ncrypt.dll
0x00007fff95e40000 - 0x00007fff95e7f000 	C:\WINDOWS\SYSTEM32\NTASN1.dll
0x00007fff39220000 - 0x00007fff39228000 	C:\WINDOWS\system32\wshunix.dll

dbghelp: loaded successfully - version: 4.0.5 - missing functions: none
symbol engine: initialized successfully - sym options: 0x614 - pdb path: .;C:\Program Files\jdk-17.0.12\bin;C:\WINDOWS\SYSTEM32;C:\WINDOWS\WinSxS\amd64_microsoft.windows.common-controls_6595b64144ccf1df_6.0.26100.3624_none_3e086962e3345f24;C:\Program Files\jdk-17.0.12\bin\server;C:\Users\AD\.gradle\native\1def1411415f61bf3af743bc5b6707747c0891f09f0c88961ee8f79bc544acac\windows-amd64;C:\Users\AD\.gradle\native\0.2.7\x86_64-windows-gnu

VM Arguments:
jvm_args: --add-opens=java.base/java.lang=ALL-UNNAMED --add-opens=java.base/java.lang.invoke=ALL-UNNAMED --add-opens=java.base/java.util=ALL-UNNAMED --add-opens=java.prefs/java.util.prefs=ALL-UNNAMED --add-exports=jdk.compiler/com.sun.tools.javac.api=ALL-UNNAMED --add-exports=jdk.compiler/com.sun.tools.javac.util=ALL-UNNAMED --add-opens=java.base/java.util=ALL-UNNAMED --add-opens=java.prefs/java.util.prefs=ALL-UNNAMED --add-opens=java.base/java.nio.charset=ALL-UNNAMED --add-opens=java.base/java.net=ALL-UNNAMED --add-opens=java.base/java.util.concurrent.atomic=ALL-UNNAMED --add-opens=java.xml/javax.xml.namespace=ALL-UNNAMED -XX:MaxMetaspaceSize=384m -XX:+HeapDumpOnOutOfMemoryError -Xms256m -Xmx512m -Dfile.encoding=UTF-8 -Duser.country=US -Duser.language=en -Duser.variant -javaagent:C:\Users\AD\.gradle\wrapper\dists\gradle-8.13-bin\5xuhj0ry160q40clulazy9h7d\gradle-8.13\lib\agents\gradle-instrumentation-agent-8.13.jar 
java_command: org.gradle.launcher.daemon.bootstrap.GradleDaemon 8.13
java_class_path (initial): C:\Users\AD\.gradle\wrapper\dists\gradle-8.13-bin\5xuhj0ry160q40clulazy9h7d\gradle-8.13\lib\gradle-daemon-main-8.13.jar
Launcher Type: SUN_STANDARD

[Global flags]
     intx CICompilerCount                          = 4                                         {product} {ergonomic}
   size_t CompressedClassSpaceSize                 = 335544320                                 {product} {ergonomic}
     uint ConcGCThreads                            = 2                                         {product} {ergonomic}
     uint G1ConcRefinementThreads                  = 8                                         {product} {ergonomic}
   size_t G1HeapRegionSize                         = 1048576                                   {product} {ergonomic}
    uintx GCDrainStackTargetSize                   = 64                                        {product} {ergonomic}
     bool HeapDumpOnOutOfMemoryError               = true                                   {manageable} {command line}
   size_t InitialHeapSize                          = 268435456                                 {product} {command line}
   size_t MarkStackSize                            = 4194304                                   {product} {ergonomic}
   size_t MaxHeapSize                              = 536870912                                 {product} {command line}
   size_t MaxMetaspaceSize                         = 402653184                                 {product} {command line}
   size_t MaxNewSize                               = 321912832                                 {product} {ergonomic}
   size_t MinHeapDeltaBytes                        = 1048576                                   {product} {ergonomic}
   size_t MinHeapSize                              = 268435456                                 {product} {command line}
    uintx NonNMethodCodeHeapSize                   = 5839372                                {pd product} {ergonomic}
    uintx NonProfiledCodeHeapSize                  = 122909434                              {pd product} {ergonomic}
    uintx ProfiledCodeHeapSize                     = 122909434                              {pd product} {ergonomic}
    uintx ReservedCodeCacheSize                    = 251658240                              {pd product} {ergonomic}
     bool SegmentedCodeCache                       = true                                      {product} {ergonomic}
   size_t SoftMaxHeapSize                          = 536870912                              {manageable} {ergonomic}
     bool UseCompressedClassPointers               = true                           {product lp64_product} {ergonomic}
     bool UseCompressedOops                        = true                           {product lp64_product} {ergonomic}
     bool UseG1GC                                  = true                                      {product} {ergonomic}
     bool UseLargePagesIndividualAllocation        = false                                  {pd product} {ergonomic}

Logging:
Log output configuration:
 #0: stdout all=warning uptime,level,tags
 #1: stderr all=off uptime,level,tags

Environment Variables:
JAVA_HOME=C:\Program Files\jdk-17.0.12
PATH=D:\system program files\VM-WARE-NEW\bin\;C:\WINDOWS\system32;C:\WINDOWS;C:\WINDOWS\System32\Wbem;C:\WINDOWS\System32\WindowsPowerShell\v1.0\;C:\WINDOWS\System32\OpenSSH\;C:\Program Files\Git\cmd;C:\Program Files\nodejs\;C:\Program Files\jdk-17.0.12\bin;C:\Program Files\gradle-8.7\bin;C:\Program Files\MongoDB\Server\5.0\bin;;C:\Program Files\Docker\Docker\resources\bin;C:\Program Files\Amazon\AWSCLIV2\;C:\Users\AD\AppData\Local\Programs\Python\Python313\Scripts\;C:\Users\AD\AppData\Local\Programs\Python\Python313\;C:\Users\AD\AppData\Local\Programs\Python\Launcher\;C:\Users\AD\AppData\Local\Microsoft\WindowsApps;;C:\Program Files\JetBrains\IntelliJ IDEA 2024.3.1\bin;;C:\Users\AD\AppData\Roaming\npm;C:\Users\AD\AppData\Local\Programs\Hyper\resources\bin;C:\Users\AD\AppData\Local\Programs\Microsoft VS Code\bin
USERNAME=AD
OS=Windows_NT
PROCESSOR_IDENTIFIER=Intel64 Family 6 Model 140 Stepping 1, GenuineIntel



---------------  S Y S T E M  ---------------

OS:
 Windows 11 , 64 bit Build 26100 (10.0.26100.3775)
OS uptime: 0 days 3:52 hours
Hyper-V role detected

CPU: total 8 (initial active 8) (4 cores per cpu, 2 threads per core) family 6 model 140 stepping 1 microcode 0xb8, cx8, cmov, fxsr, ht, mmx, 3dnowpref, sse, sse2, sse3, ssse3, sse4.1, sse4.2, popcnt, lzcnt, tsc, tscinvbit, avx, avx2, aes, erms, clmul, bmi1, bmi2, adx, avx512f, avx512dq, avx512cd, avx512bw, avx512vl, sha, fma, vzeroupper, avx512_vpopcntdq, avx512_vpclmulqdq, avx512_vaes, avx512_vnni, clflush, clflushopt, clwb, avx512_vbmi2, avx512_vbmi, hv

Memory: 4k page, system-wide physical 16118M (655M free)
TotalPageFile size 45476M (AvailPageFile size 10M)
current process WorkingSet (physical memory assigned to process): 149M, peak: 153M
current process commit charge ("private bytes"): 407M, peak: 411M

vm_info: Java HotSpot(TM) 64-Bit Server VM (17.0.12+8-LTS-286) for windows-amd64 JRE (17.0.12+8-LTS-286), built on Jun  5 2024 06:46:59 by "mach5one" with MS VC++ 17.6 (VS2022)

END.
